{"C:\\Users\\Mocan Luiza\\MPP\\glow\\backend\\src\\app.js": {"path":"C:\\Users\\Mocan Luiza\\MPP\\glow\\backend\\src\\app.js","statementMap":{"0":{"start":{"line":1,"column":23},"end":{"line":1,"column":41}},"1":{"start":{"line":2,"column":23},"end":{"line":2,"column":38}},"2":{"start":{"line":3,"column":23},"end":{"line":3,"column":56}},"3":{"start":{"line":4,"column":26},"end":{"line":4,"column":63}},"4":{"start":{"line":5,"column":21},"end":{"line":5,"column":53}},"5":{"start":{"line":6,"column":19},"end":{"line":6,"column":49}},"6":{"start":{"line":7,"column":19},"end":{"line":7,"column":49}},"7":{"start":{"line":8,"column":23},"end":{"line":8,"column":57}},"8":{"start":{"line":9,"column":25},"end":{"line":9,"column":62}},"9":{"start":{"line":10,"column":12},"end":{"line":10,"column":21}},"10":{"start":{"line":12,"column":0},"end":{"line":12,"column":16}},"11":{"start":{"line":13,"column":0},"end":{"line":13,"column":24}},"12":{"start":{"line":14,"column":0},"end":{"line":14,"column":22}},"13":{"start":{"line":17,"column":0},"end":{"line":17,"column":40}},"14":{"start":{"line":18,"column":0},"end":{"line":18,"column":48}},"15":{"start":{"line":19,"column":0},"end":{"line":19,"column":38}},"16":{"start":{"line":20,"column":0},"end":{"line":20,"column":33}},"17":{"start":{"line":21,"column":0},"end":{"line":21,"column":33}},"18":{"start":{"line":22,"column":0},"end":{"line":22,"column":41}},"19":{"start":{"line":24,"column":0},"end":{"line":24,"column":77}},"20":{"start":{"line":24,"column":27},"end":{"line":24,"column":75}},"21":{"start":{"line":26,"column":0},"end":{"line":26,"column":74}},"22":{"start":{"line":26,"column":22},"end":{"line":26,"column":72}},"23":{"start":{"line":28,"column":0},"end":{"line":31,"column":3}},"24":{"start":{"line":29,"column":2},"end":{"line":29,"column":27}},"25":{"start":{"line":30,"column":2},"end":{"line":30,"column":59}},"26":{"start":{"line":33,"column":0},"end":{"line":33,"column":21}}},"fnMap":{"0":{"name":"(anonymous_0)","decl":{"start":{"line":24,"column":13},"end":{"line":24,"column":14}},"loc":{"start":{"line":24,"column":27},"end":{"line":24,"column":75}},"line":24},"1":{"name":"(anonymous_1)","decl":{"start":{"line":26,"column":8},"end":{"line":26,"column":9}},"loc":{"start":{"line":26,"column":22},"end":{"line":26,"column":72}},"line":26},"2":{"name":"(anonymous_2)","decl":{"start":{"line":28,"column":8},"end":{"line":28,"column":9}},"loc":{"start":{"line":28,"column":33},"end":{"line":31,"column":1}},"line":28}},"branchMap":{},"s":{"0":1,"1":1,"2":1,"3":1,"4":1,"5":1,"6":1,"7":1,"8":1,"9":1,"10":1,"11":1,"12":1,"13":1,"14":1,"15":1,"16":1,"17":1,"18":1,"19":1,"20":0,"21":1,"22":1,"23":1,"24":0,"25":0,"26":1},"f":{"0":0,"1":1,"2":0},"b":{},"_coverageSchema":"1a1c01bbd47fc00a2c39e90264f33305004495a9","hash":"bd8a5262974e59c5e1399ccda766182d40890b78"}
,"C:\\Users\\Mocan Luiza\\MPP\\glow\\backend\\src\\controllers\\appointmentController.js": {"path":"C:\\Users\\Mocan Luiza\\MPP\\glow\\backend\\src\\controllers\\appointmentController.js","statementMap":{"0":{"start":{"line":1,"column":14},"end":{"line":1,"column":49}},"1":{"start":{"line":2,"column":32},"end":{"line":2,"column":77}},"2":{"start":{"line":4,"column":24},"end":{"line":8,"column":1}},"3":{"start":{"line":5,"column":16},"end":{"line":5,"column":31}},"4":{"start":{"line":6,"column":15},"end":{"line":6,"column":75}},"5":{"start":{"line":7,"column":2},"end":{"line":7,"column":17}},"6":{"start":{"line":10,"column":26},"end":{"line":28,"column":1}},"7":{"start":{"line":11,"column":17},"end":{"line":11,"column":46}},"8":{"start":{"line":12,"column":2},"end":{"line":12,"column":65}},"9":{"start":{"line":12,"column":25},"end":{"line":12,"column":65}},"10":{"start":{"line":14,"column":17},"end":{"line":24,"column":4}},"11":{"start":{"line":25,"column":2},"end":{"line":25,"column":75}},"12":{"start":{"line":25,"column":15},"end":{"line":25,"column":75}},"13":{"start":{"line":27,"column":2},"end":{"line":27,"column":31}},"14":{"start":{"line":30,"column":26},"end":{"line":35,"column":1}},"15":{"start":{"line":31,"column":13},"end":{"line":31,"column":36}},"16":{"start":{"line":32,"column":18},"end":{"line":32,"column":40}},"17":{"start":{"line":33,"column":2},"end":{"line":33,"column":80}},"18":{"start":{"line":33,"column":16},"end":{"line":33,"column":80}},"19":{"start":{"line":34,"column":2},"end":{"line":34,"column":25}},"20":{"start":{"line":37,"column":0},"end":{"line":37,"column":75}}},"fnMap":{"0":{"name":"(anonymous_0)","decl":{"start":{"line":4,"column":24},"end":{"line":4,"column":25}},"loc":{"start":{"line":4,"column":44},"end":{"line":8,"column":1}},"line":4},"1":{"name":"(anonymous_1)","decl":{"start":{"line":10,"column":26},"end":{"line":10,"column":27}},"loc":{"start":{"line":10,"column":46},"end":{"line":28,"column":1}},"line":10},"2":{"name":"(anonymous_2)","decl":{"start":{"line":30,"column":26},"end":{"line":30,"column":27}},"loc":{"start":{"line":30,"column":46},"end":{"line":35,"column":1}},"line":30}},"branchMap":{"0":{"loc":{"start":{"line":6,"column":15},"end":{"line":6,"column":75}},"type":"cond-expr","locations":[{"start":{"line":6,"column":23},"end":{"line":6,"column":52}},{"start":{"line":6,"column":55},"end":{"line":6,"column":75}}],"line":6},"1":{"loc":{"start":{"line":12,"column":2},"end":{"line":12,"column":65}},"type":"if","locations":[{"start":{"line":12,"column":2},"end":{"line":12,"column":65}},{"start":{},"end":{}}],"line":12},"2":{"loc":{"start":{"line":25,"column":2},"end":{"line":25,"column":75}},"type":"if","locations":[{"start":{"line":25,"column":2},"end":{"line":25,"column":75}},{"start":{},"end":{}}],"line":25},"3":{"loc":{"start":{"line":33,"column":2},"end":{"line":33,"column":80}},"type":"if","locations":[{"start":{"line":33,"column":2},"end":{"line":33,"column":80}},{"start":{},"end":{}}],"line":33}},"s":{"0":1,"1":1,"2":1,"3":2,"4":2,"5":2,"6":1,"7":4,"8":4,"9":0,"10":4,"11":4,"12":0,"13":4,"14":1,"15":1,"16":1,"17":1,"18":0,"19":1,"20":1},"f":{"0":2,"1":4,"2":1},"b":{"0":[2,0],"1":[0,4],"2":[0,4],"3":[0,1]},"_coverageSchema":"1a1c01bbd47fc00a2c39e90264f33305004495a9","hash":"0869b8839609abcf4fcb936d5e41698db04f388a"}
,"C:\\Users\\Mocan Luiza\\MPP\\glow\\backend\\src\\controllers\\authController.js": {"path":"C:\\Users\\Mocan Luiza\\MPP\\glow\\backend\\src\\controllers\\authController.js","statementMap":{"0":{"start":{"line":1,"column":18},"end":{"line":1,"column":46}},"1":{"start":{"line":3,"column":14},"end":{"line":24,"column":1}},"2":{"start":{"line":4,"column":16},"end":{"line":4,"column":65}},"3":{"start":{"line":5,"column":19},"end":{"line":5,"column":50}},"4":{"start":{"line":7,"column":2},"end":{"line":9,"column":3}},"5":{"start":{"line":8,"column":4},"end":{"line":8,"column":78}},"6":{"start":{"line":11,"column":15},"end":{"line":11,"column":60}},"7":{"start":{"line":12,"column":2},"end":{"line":14,"column":3}},"8":{"start":{"line":13,"column":4},"end":{"line":13,"column":72}},"9":{"start":{"line":16,"column":2},"end":{"line":20,"column":4}},"10":{"start":{"line":22,"column":47},"end":{"line":22,"column":51}},"11":{"start":{"line":23,"column":2},"end":{"line":23,"column":21}},"12":{"start":{"line":26,"column":17},"end":{"line":48,"column":1}},"13":{"start":{"line":27,"column":15},"end":{"line":27,"column":49}},"14":{"start":{"line":28,"column":16},"end":{"line":28,"column":65}},"15":{"start":{"line":29,"column":19},"end":{"line":29,"column":50}},"16":{"start":{"line":30,"column":16},"end":{"line":30,"column":69}},"17":{"start":{"line":32,"column":2},"end":{"line":34,"column":3}},"18":{"start":{"line":33,"column":4},"end":{"line":33,"column":84}},"19":{"start":{"line":36,"column":19},"end":{"line":36,"column":52}},"20":{"start":{"line":37,"column":2},"end":{"line":39,"column":3}},"21":{"start":{"line":38,"column":4},"end":{"line":38,"column":88}},"22":{"start":{"line":41,"column":15},"end":{"line":41,"column":81}},"23":{"start":{"line":42,"column":2},"end":{"line":46,"column":4}},"24":{"start":{"line":47,"column":2},"end":{"line":47,"column":29}},"25":{"start":{"line":50,"column":0},"end":{"line":50,"column":37}}},"fnMap":{"0":{"name":"(anonymous_0)","decl":{"start":{"line":3,"column":14},"end":{"line":3,"column":15}},"loc":{"start":{"line":3,"column":34},"end":{"line":24,"column":1}},"line":3},"1":{"name":"(anonymous_1)","decl":{"start":{"line":26,"column":17},"end":{"line":26,"column":18}},"loc":{"start":{"line":26,"column":37},"end":{"line":48,"column":1}},"line":26}},"branchMap":{"0":{"loc":{"start":{"line":4,"column":23},"end":{"line":4,"column":43}},"type":"binary-expr","locations":[{"start":{"line":4,"column":23},"end":{"line":4,"column":37}},{"start":{"line":4,"column":41},"end":{"line":4,"column":43}}],"line":4},"1":{"loc":{"start":{"line":5,"column":26},"end":{"line":5,"column":49}},"type":"binary-expr","locations":[{"start":{"line":5,"column":26},"end":{"line":5,"column":43}},{"start":{"line":5,"column":47},"end":{"line":5,"column":49}}],"line":5},"2":{"loc":{"start":{"line":7,"column":2},"end":{"line":9,"column":3}},"type":"if","locations":[{"start":{"line":7,"column":2},"end":{"line":9,"column":3}},{"start":{},"end":{}}],"line":7},"3":{"loc":{"start":{"line":7,"column":6},"end":{"line":7,"column":25}},"type":"binary-expr","locations":[{"start":{"line":7,"column":6},"end":{"line":7,"column":12}},{"start":{"line":7,"column":16},"end":{"line":7,"column":25}}],"line":7},"4":{"loc":{"start":{"line":12,"column":2},"end":{"line":14,"column":3}},"type":"if","locations":[{"start":{"line":12,"column":2},"end":{"line":14,"column":3}},{"start":{},"end":{}}],"line":12},"5":{"loc":{"start":{"line":12,"column":6},"end":{"line":12,"column":41}},"type":"binary-expr","locations":[{"start":{"line":12,"column":6},"end":{"line":12,"column":11}},{"start":{"line":12,"column":15},"end":{"line":12,"column":41}}],"line":12},"6":{"loc":{"start":{"line":19,"column":13},"end":{"line":19,"column":39}},"type":"binary-expr","locations":[{"start":{"line":19,"column":13},"end":{"line":19,"column":26}},{"start":{"line":19,"column":30},"end":{"line":19,"column":39}}],"line":19},"7":{"loc":{"start":{"line":27,"column":22},"end":{"line":27,"column":41}},"type":"binary-expr","locations":[{"start":{"line":27,"column":22},"end":{"line":27,"column":35}},{"start":{"line":27,"column":39},"end":{"line":27,"column":41}}],"line":27},"8":{"loc":{"start":{"line":28,"column":23},"end":{"line":28,"column":43}},"type":"binary-expr","locations":[{"start":{"line":28,"column":23},"end":{"line":28,"column":37}},{"start":{"line":28,"column":41},"end":{"line":28,"column":43}}],"line":28},"9":{"loc":{"start":{"line":29,"column":26},"end":{"line":29,"column":49}},"type":"binary-expr","locations":[{"start":{"line":29,"column":26},"end":{"line":29,"column":43}},{"start":{"line":29,"column":47},"end":{"line":29,"column":49}}],"line":29},"10":{"loc":{"start":{"line":30,"column":16},"end":{"line":30,"column":69}},"type":"cond-expr","locations":[{"start":{"line":30,"column":33},"end":{"line":30,"column":62}},{"start":{"line":30,"column":65},"end":{"line":30,"column":69}}],"line":30},"11":{"loc":{"start":{"line":32,"column":2},"end":{"line":34,"column":3}},"type":"if","locations":[{"start":{"line":32,"column":2},"end":{"line":34,"column":3}},{"start":{},"end":{}}],"line":32},"12":{"loc":{"start":{"line":32,"column":6},"end":{"line":32,"column":34}},"type":"binary-expr","locations":[{"start":{"line":32,"column":6},"end":{"line":32,"column":11}},{"start":{"line":32,"column":15},"end":{"line":32,"column":21}},{"start":{"line":32,"column":25},"end":{"line":32,"column":34}}],"line":32},"13":{"loc":{"start":{"line":37,"column":2},"end":{"line":39,"column":3}},"type":"if","locations":[{"start":{"line":37,"column":2},"end":{"line":39,"column":3}},{"start":{},"end":{}}],"line":37},"14":{"loc":{"start":{"line":45,"column":13},"end":{"line":45,"column":39}},"type":"binary-expr","locations":[{"start":{"line":45,"column":13},"end":{"line":45,"column":26}},{"start":{"line":45,"column":30},"end":{"line":45,"column":39}}],"line":45}},"s":{"0":1,"1":1,"2":2,"3":2,"4":2,"5":0,"6":2,"7":2,"8":0,"9":2,"10":2,"11":2,"12":1,"13":1,"14":1,"15":1,"16":1,"17":1,"18":0,"19":1,"20":1,"21":0,"22":1,"23":1,"24":1,"25":1},"f":{"0":2,"1":1},"b":{"0":[2,0],"1":[2,0],"2":[0,2],"3":[2,2],"4":[0,2],"5":[2,2],"6":[2,0],"7":[1,0],"8":[1,0],"9":[1,0],"10":[1,0],"11":[0,1],"12":[1,1,1],"13":[0,1],"14":[1,0]},"_coverageSchema":"1a1c01bbd47fc00a2c39e90264f33305004495a9","hash":"771f6618be858eb91b7575920960d21153c7f737"}
,"C:\\Users\\Mocan Luiza\\MPP\\glow\\backend\\src\\controllers\\chatController.js": {"path":"C:\\Users\\Mocan Luiza\\MPP\\glow\\backend\\src\\controllers\\chatController.js","statementMap":{"0":{"start":{"line":1,"column":18},"end":{"line":1,"column":46}},"1":{"start":{"line":3,"column":20},"end":{"line":7,"column":1}},"2":{"start":{"line":4,"column":16},"end":{"line":4,"column":66}},"3":{"start":{"line":5,"column":19},"end":{"line":5,"column":51}},"4":{"start":{"line":6,"column":2},"end":{"line":6,"column":21}},"5":{"start":{"line":9,"column":0},"end":{"line":9,"column":33}}},"fnMap":{"0":{"name":"(anonymous_0)","decl":{"start":{"line":3,"column":20},"end":{"line":3,"column":21}},"loc":{"start":{"line":3,"column":40},"end":{"line":7,"column":1}},"line":3}},"branchMap":{"0":{"loc":{"start":{"line":4,"column":25},"end":{"line":4,"column":60}},"type":"binary-expr","locations":[{"start":{"line":4,"column":25},"end":{"line":4,"column":54}},{"start":{"line":4,"column":58},"end":{"line":4,"column":60}}],"line":4}},"s":{"0":1,"1":1,"2":0,"3":0,"4":0,"5":1},"f":{"0":0},"b":{"0":[0,0]},"_coverageSchema":"1a1c01bbd47fc00a2c39e90264f33305004495a9","hash":"8d75d0ad00e6a91b962b88befb29976201160d14"}
,"C:\\Users\\Mocan Luiza\\MPP\\glow\\backend\\src\\controllers\\clientController.js": {"path":"C:\\Users\\Mocan Luiza\\MPP\\glow\\backend\\src\\controllers\\clientController.js","statementMap":{"0":{"start":{"line":1,"column":14},"end":{"line":1,"column":44}},"1":{"start":{"line":2,"column":27},"end":{"line":2,"column":67}},"2":{"start":{"line":4,"column":19},"end":{"line":14,"column":1}},"3":{"start":{"line":5,"column":15},"end":{"line":5,"column":44}},"4":{"start":{"line":6,"column":16},"end":{"line":6,"column":47}},"5":{"start":{"line":7,"column":17},"end":{"line":7,"column":39}},"6":{"start":{"line":9,"column":16},"end":{"line":9,"column":45}},"7":{"start":{"line":10,"column":21},"end":{"line":10,"column":58}},"8":{"start":{"line":11,"column":15},"end":{"line":11,"column":58}},"9":{"start":{"line":13,"column":2},"end":{"line":13,"column":69}},"10":{"start":{"line":16,"column":22},"end":{"line":24,"column":1}},"11":{"start":{"line":17,"column":13},"end":{"line":17,"column":36}},"12":{"start":{"line":18,"column":2},"end":{"line":18,"column":70}},"13":{"start":{"line":18,"column":17},"end":{"line":18,"column":70}},"14":{"start":{"line":20,"column":17},"end":{"line":20,"column":40}},"15":{"start":{"line":21,"column":2},"end":{"line":21,"column":74}},"16":{"start":{"line":21,"column":15},"end":{"line":21,"column":74}},"17":{"start":{"line":23,"column":2},"end":{"line":23,"column":19}},"18":{"start":{"line":26,"column":21},"end":{"line":41,"column":1}},"19":{"start":{"line":27,"column":17},"end":{"line":27,"column":41}},"20":{"start":{"line":28,"column":2},"end":{"line":28,"column":65}},"21":{"start":{"line":28,"column":25},"end":{"line":28,"column":65}},"22":{"start":{"line":30,"column":16},"end":{"line":30,"column":51}},"23":{"start":{"line":31,"column":19},"end":{"line":31,"column":48}},"24":{"start":{"line":32,"column":2},"end":{"line":32,"column":101}},"25":{"start":{"line":32,"column":16},"end":{"line":32,"column":101}},"26":{"start":{"line":34,"column":17},"end":{"line":38,"column":4}},"27":{"start":{"line":40,"column":2},"end":{"line":40,"column":31}},"28":{"start":{"line":43,"column":21},"end":{"line":68,"column":1}},"29":{"start":{"line":44,"column":13},"end":{"line":44,"column":36}},"30":{"start":{"line":45,"column":2},"end":{"line":45,"column":70}},"31":{"start":{"line":45,"column":17},"end":{"line":45,"column":70}},"32":{"start":{"line":47,"column":19},"end":{"line":47,"column":42}},"33":{"start":{"line":48,"column":2},"end":{"line":48,"column":76}},"34":{"start":{"line":48,"column":17},"end":{"line":48,"column":76}},"35":{"start":{"line":50,"column":17},"end":{"line":50,"column":47}},"36":{"start":{"line":51,"column":2},"end":{"line":51,"column":65}},"37":{"start":{"line":51,"column":25},"end":{"line":51,"column":65}},"38":{"start":{"line":53,"column":2},"end":{"line":59,"column":3}},"39":{"start":{"line":54,"column":18},"end":{"line":54,"column":53}},"40":{"start":{"line":55,"column":22},"end":{"line":55,"column":51}},"41":{"start":{"line":56,"column":4},"end":{"line":58,"column":5}},"42":{"start":{"line":57,"column":6},"end":{"line":57,"column":91}},"43":{"start":{"line":61,"column":17},"end":{"line":65,"column":4}},"44":{"start":{"line":67,"column":2},"end":{"line":67,"column":19}},"45":{"start":{"line":70,"column":21},"end":{"line":78,"column":1}},"46":{"start":{"line":71,"column":13},"end":{"line":71,"column":36}},"47":{"start":{"line":72,"column":2},"end":{"line":72,"column":70}},"48":{"start":{"line":72,"column":17},"end":{"line":72,"column":70}},"49":{"start":{"line":74,"column":18},"end":{"line":74,"column":40}},"50":{"start":{"line":75,"column":2},"end":{"line":75,"column":75}},"51":{"start":{"line":75,"column":16},"end":{"line":75,"column":75}},"52":{"start":{"line":77,"column":2},"end":{"line":77,"column":25}},"53":{"start":{"line":80,"column":0},"end":{"line":80,"column":89}}},"fnMap":{"0":{"name":"(anonymous_0)","decl":{"start":{"line":4,"column":19},"end":{"line":4,"column":20}},"loc":{"start":{"line":4,"column":39},"end":{"line":14,"column":1}},"line":4},"1":{"name":"(anonymous_1)","decl":{"start":{"line":16,"column":22},"end":{"line":16,"column":23}},"loc":{"start":{"line":16,"column":42},"end":{"line":24,"column":1}},"line":16},"2":{"name":"(anonymous_2)","decl":{"start":{"line":26,"column":21},"end":{"line":26,"column":22}},"loc":{"start":{"line":26,"column":41},"end":{"line":41,"column":1}},"line":26},"3":{"name":"(anonymous_3)","decl":{"start":{"line":43,"column":21},"end":{"line":43,"column":22}},"loc":{"start":{"line":43,"column":41},"end":{"line":68,"column":1}},"line":43},"4":{"name":"(anonymous_4)","decl":{"start":{"line":70,"column":21},"end":{"line":70,"column":22}},"loc":{"start":{"line":70,"column":41},"end":{"line":78,"column":1}},"line":70}},"branchMap":{"0":{"loc":{"start":{"line":5,"column":15},"end":{"line":5,"column":44}},"type":"binary-expr","locations":[{"start":{"line":5,"column":15},"end":{"line":5,"column":39}},{"start":{"line":5,"column":43},"end":{"line":5,"column":44}}],"line":5},"1":{"loc":{"start":{"line":6,"column":16},"end":{"line":6,"column":47}},"type":"binary-expr","locations":[{"start":{"line":6,"column":16},"end":{"line":6,"column":41}},{"start":{"line":6,"column":45},"end":{"line":6,"column":47}}],"line":6},"2":{"loc":{"start":{"line":7,"column":17},"end":{"line":7,"column":39}},"type":"binary-expr","locations":[{"start":{"line":7,"column":17},"end":{"line":7,"column":33}},{"start":{"line":7,"column":37},"end":{"line":7,"column":39}}],"line":7},"3":{"loc":{"start":{"line":18,"column":2},"end":{"line":18,"column":70}},"type":"if","locations":[{"start":{"line":18,"column":2},"end":{"line":18,"column":70}},{"start":{},"end":{}}],"line":18},"4":{"loc":{"start":{"line":21,"column":2},"end":{"line":21,"column":74}},"type":"if","locations":[{"start":{"line":21,"column":2},"end":{"line":21,"column":74}},{"start":{},"end":{}}],"line":21},"5":{"loc":{"start":{"line":28,"column":2},"end":{"line":28,"column":65}},"type":"if","locations":[{"start":{"line":28,"column":2},"end":{"line":28,"column":65}},{"start":{},"end":{}}],"line":28},"6":{"loc":{"start":{"line":32,"column":2},"end":{"line":32,"column":101}},"type":"if","locations":[{"start":{"line":32,"column":2},"end":{"line":32,"column":101}},{"start":{},"end":{}}],"line":32},"7":{"loc":{"start":{"line":37,"column":11},"end":{"line":37,"column":64}},"type":"cond-expr","locations":[{"start":{"line":37,"column":28},"end":{"line":37,"column":57}},{"start":{"line":37,"column":60},"end":{"line":37,"column":64}}],"line":37},"8":{"loc":{"start":{"line":45,"column":2},"end":{"line":45,"column":70}},"type":"if","locations":[{"start":{"line":45,"column":2},"end":{"line":45,"column":70}},{"start":{},"end":{}}],"line":45},"9":{"loc":{"start":{"line":48,"column":2},"end":{"line":48,"column":76}},"type":"if","locations":[{"start":{"line":48,"column":2},"end":{"line":48,"column":76}},{"start":{},"end":{}}],"line":48},"10":{"loc":{"start":{"line":51,"column":2},"end":{"line":51,"column":65}},"type":"if","locations":[{"start":{"line":51,"column":2},"end":{"line":51,"column":65}},{"start":{},"end":{}}],"line":51},"11":{"loc":{"start":{"line":53,"column":2},"end":{"line":59,"column":3}},"type":"if","locations":[{"start":{"line":53,"column":2},"end":{"line":59,"column":3}},{"start":{},"end":{}}],"line":53},"12":{"loc":{"start":{"line":56,"column":4},"end":{"line":58,"column":5}},"type":"if","locations":[{"start":{"line":56,"column":4},"end":{"line":58,"column":5}},{"start":{},"end":{}}],"line":56},"13":{"loc":{"start":{"line":56,"column":8},"end":{"line":56,"column":40}},"type":"binary-expr","locations":[{"start":{"line":56,"column":8},"end":{"line":56,"column":17}},{"start":{"line":56,"column":21},"end":{"line":56,"column":40}}],"line":56},"14":{"loc":{"start":{"line":62,"column":8},"end":{"line":62,"column":69}},"type":"binary-expr","locations":[{"start":{"line":62,"column":8},"end":{"line":62,"column":35}},{"start":{"line":62,"column":39},"end":{"line":62,"column":69}}],"line":62},"15":{"loc":{"start":{"line":63,"column":8},"end":{"line":63,"column":86}},"type":"binary-expr","locations":[{"start":{"line":63,"column":8},"end":{"line":63,"column":36}},{"start":{"line":63,"column":40},"end":{"line":63,"column":86}}],"line":63},"16":{"loc":{"start":{"line":64,"column":8},"end":{"line":64,"column":104}},"type":"binary-expr","locations":[{"start":{"line":64,"column":8},"end":{"line":64,"column":36}},{"start":{"line":64,"column":40},"end":{"line":64,"column":104}}],"line":64},"17":{"loc":{"start":{"line":64,"column":49},"end":{"line":64,"column":102}},"type":"cond-expr","locations":[{"start":{"line":64,"column":66},"end":{"line":64,"column":95}},{"start":{"line":64,"column":98},"end":{"line":64,"column":102}}],"line":64},"18":{"loc":{"start":{"line":72,"column":2},"end":{"line":72,"column":70}},"type":"if","locations":[{"start":{"line":72,"column":2},"end":{"line":72,"column":70}},{"start":{},"end":{}}],"line":72},"19":{"loc":{"start":{"line":75,"column":2},"end":{"line":75,"column":75}},"type":"if","locations":[{"start":{"line":75,"column":2},"end":{"line":75,"column":75}},{"start":{},"end":{}}],"line":75}},"s":{"0":1,"1":1,"2":1,"3":2,"4":2,"5":2,"6":2,"7":2,"8":2,"9":2,"10":1,"11":1,"12":1,"13":0,"14":1,"15":1,"16":1,"17":0,"18":1,"19":5,"20":5,"21":0,"22":5,"23":5,"24":5,"25":1,"26":4,"27":4,"28":1,"29":1,"30":1,"31":0,"32":1,"33":1,"34":0,"35":1,"36":1,"37":0,"38":1,"39":0,"40":0,"41":0,"42":0,"43":1,"44":1,"45":1,"46":1,"47":1,"48":0,"49":1,"50":1,"51":0,"52":1,"53":1},"f":{"0":2,"1":1,"2":5,"3":1,"4":1},"b":{"0":[2,2],"1":[2,2],"2":[2,1],"3":[0,1],"4":[1,0],"5":[0,5],"6":[1,4],"7":[1,3],"8":[0,1],"9":[0,1],"10":[0,1],"11":[0,1],"12":[0,0],"13":[0,0],"14":[1,0],"15":[1,0],"16":[1,1],"17":[1,0],"18":[0,1],"19":[0,1]},"_coverageSchema":"1a1c01bbd47fc00a2c39e90264f33305004495a9","hash":"a29b84cfc1996326bfe3375d465726cff6f9f283"}
,"C:\\Users\\Mocan Luiza\\MPP\\glow\\backend\\src\\controllers\\securityController.js": {"path":"C:\\Users\\Mocan Luiza\\MPP\\glow\\backend\\src\\controllers\\securityController.js","statementMap":{"0":{"start":{"line":1,"column":24},"end":{"line":1,"column":62}},"1":{"start":{"line":3,"column":16},"end":{"line":6,"column":1}},"2":{"start":{"line":4,"column":16},"end":{"line":4,"column":67}},"3":{"start":{"line":5,"column":2},"end":{"line":5,"column":53}},"4":{"start":{"line":8,"column":27},"end":{"line":10,"column":1}},"5":{"start":{"line":9,"column":2},"end":{"line":9,"column":55}},"6":{"start":{"line":12,"column":0},"end":{"line":12,"column":49}}},"fnMap":{"0":{"name":"(anonymous_0)","decl":{"start":{"line":3,"column":16},"end":{"line":3,"column":17}},"loc":{"start":{"line":3,"column":36},"end":{"line":6,"column":1}},"line":3},"1":{"name":"(anonymous_1)","decl":{"start":{"line":8,"column":27},"end":{"line":8,"column":28}},"loc":{"start":{"line":8,"column":47},"end":{"line":10,"column":1}},"line":8}},"branchMap":{"0":{"loc":{"start":{"line":4,"column":25},"end":{"line":4,"column":61}},"type":"binary-expr","locations":[{"start":{"line":4,"column":25},"end":{"line":4,"column":54}},{"start":{"line":4,"column":58},"end":{"line":4,"column":61}}],"line":4}},"s":{"0":1,"1":1,"2":0,"3":0,"4":1,"5":0,"6":1},"f":{"0":0,"1":0},"b":{"0":[0,0]},"_coverageSchema":"1a1c01bbd47fc00a2c39e90264f33305004495a9","hash":"06f35ba99fe58c5c4408b360c3bb0845b9f220b8"}
,"C:\\Users\\Mocan Luiza\\MPP\\glow\\backend\\src\\controllers\\serviceController.js": {"path":"C:\\Users\\Mocan Luiza\\MPP\\glow\\backend\\src\\controllers\\serviceController.js","statementMap":{"0":{"start":{"line":1,"column":14},"end":{"line":1,"column":38}},"1":{"start":{"line":2,"column":28},"end":{"line":2,"column":69}},"2":{"start":{"line":3,"column":25},"end":{"line":3,"column":60}},"3":{"start":{"line":6,"column":23},"end":{"line":19,"column":1}},"4":{"start":{"line":7,"column":18},"end":{"line":7,"column":49}},"5":{"start":{"line":8,"column":18},"end":{"line":8,"column":49}},"6":{"start":{"line":9,"column":18},"end":{"line":9,"column":40}},"7":{"start":{"line":11,"column":21},"end":{"line":11,"column":50}},"8":{"start":{"line":12,"column":21},"end":{"line":12,"column":58}},"9":{"start":{"line":13,"column":21},"end":{"line":13,"column":64}},"10":{"start":{"line":15,"column":2},"end":{"line":18,"column":5}},"11":{"start":{"line":22,"column":23},"end":{"line":30,"column":1}},"12":{"start":{"line":23,"column":13},"end":{"line":23,"column":36}},"13":{"start":{"line":24,"column":2},"end":{"line":24,"column":70}},"14":{"start":{"line":24,"column":17},"end":{"line":24,"column":70}},"15":{"start":{"line":26,"column":18},"end":{"line":26,"column":41}},"16":{"start":{"line":27,"column":2},"end":{"line":27,"column":76}},"17":{"start":{"line":27,"column":16},"end":{"line":27,"column":76}},"18":{"start":{"line":29,"column":2},"end":{"line":29,"column":20}},"19":{"start":{"line":33,"column":22},"end":{"line":49,"column":1}},"20":{"start":{"line":34,"column":17},"end":{"line":34,"column":42}},"21":{"start":{"line":35,"column":2},"end":{"line":35,"column":65}},"22":{"start":{"line":35,"column":25},"end":{"line":35,"column":65}},"23":{"start":{"line":38,"column":17},"end":{"line":38,"column":60}},"24":{"start":{"line":39,"column":2},"end":{"line":39,"column":99}},"25":{"start":{"line":39,"column":14},"end":{"line":39,"column":99}},"26":{"start":{"line":41,"column":21},"end":{"line":46,"column":4}},"27":{"start":{"line":48,"column":2},"end":{"line":48,"column":35}},"28":{"start":{"line":52,"column":22},"end":{"line":84,"column":1}},"29":{"start":{"line":53,"column":13},"end":{"line":53,"column":36}},"30":{"start":{"line":54,"column":2},"end":{"line":54,"column":70}},"31":{"start":{"line":54,"column":17},"end":{"line":54,"column":70}},"32":{"start":{"line":56,"column":19},"end":{"line":56,"column":42}},"33":{"start":{"line":57,"column":2},"end":{"line":57,"column":77}},"34":{"start":{"line":57,"column":17},"end":{"line":57,"column":77}},"35":{"start":{"line":59,"column":17},"end":{"line":59,"column":48}},"36":{"start":{"line":60,"column":2},"end":{"line":60,"column":65}},"37":{"start":{"line":60,"column":25},"end":{"line":60,"column":65}},"38":{"start":{"line":63,"column":2},"end":{"line":74,"column":3}},"39":{"start":{"line":64,"column":22},"end":{"line":64,"column":65}},"40":{"start":{"line":65,"column":4},"end":{"line":72,"column":5}},"41":{"start":{"line":66,"column":6},"end":{"line":71,"column":10}},"42":{"start":{"line":73,"column":4},"end":{"line":73,"column":104}},"43":{"start":{"line":73,"column":19},"end":{"line":73,"column":104}},"44":{"start":{"line":76,"column":18},"end":{"line":81,"column":4}},"45":{"start":{"line":83,"column":2},"end":{"line":83,"column":20}},"46":{"start":{"line":87,"column":22},"end":{"line":95,"column":1}},"47":{"start":{"line":88,"column":13},"end":{"line":88,"column":36}},"48":{"start":{"line":89,"column":2},"end":{"line":89,"column":70}},"49":{"start":{"line":89,"column":17},"end":{"line":89,"column":70}},"50":{"start":{"line":91,"column":18},"end":{"line":91,"column":40}},"51":{"start":{"line":92,"column":2},"end":{"line":92,"column":76}},"52":{"start":{"line":92,"column":16},"end":{"line":92,"column":76}},"53":{"start":{"line":94,"column":2},"end":{"line":94,"column":25}},"54":{"start":{"line":98,"column":22},"end":{"line":122,"column":1}},"55":{"start":{"line":99,"column":19},"end":{"line":99,"column":39}},"56":{"start":{"line":100,"column":19},"end":{"line":100,"column":34}},"57":{"start":{"line":102,"column":2},"end":{"line":102,"column":49}},"58":{"start":{"line":102,"column":19},"end":{"line":102,"column":49}},"59":{"start":{"line":104,"column":22},"end":{"line":104,"column":86}},"60":{"start":{"line":104,"column":59},"end":{"line":104,"column":70}},"61":{"start":{"line":105,"column":22},"end":{"line":105,"column":86}},"62":{"start":{"line":105,"column":59},"end":{"line":105,"column":73}},"63":{"start":{"line":106,"column":22},"end":{"line":106,"column":61}},"64":{"start":{"line":106,"column":52},"end":{"line":106,"column":59}},"65":{"start":{"line":107,"column":22},"end":{"line":107,"column":61}},"66":{"start":{"line":107,"column":52},"end":{"line":107,"column":59}},"67":{"start":{"line":109,"column":21},"end":{"line":113,"column":3}},"68":{"start":{"line":110,"column":33},"end":{"line":110,"column":46}},"69":{"start":{"line":111,"column":33},"end":{"line":111,"column":62}},"70":{"start":{"line":112,"column":33},"end":{"line":112,"column":45}},"71":{"start":{"line":115,"column":26},"end":{"line":119,"column":3}},"72":{"start":{"line":116,"column":39},"end":{"line":116,"column":55}},"73":{"start":{"line":117,"column":39},"end":{"line":117,"column":74}},"74":{"start":{"line":118,"column":39},"end":{"line":118,"column":54}},"75":{"start":{"line":121,"column":2},"end":{"line":121,"column":94}},"76":{"start":{"line":126,"column":31},"end":{"line":130,"column":1}},"77":{"start":{"line":127,"column":15},"end":{"line":127,"column":25}},"78":{"start":{"line":128,"column":23},"end":{"line":128,"column":64}},"79":{"start":{"line":129,"column":2},"end":{"line":129,"column":61}},"80":{"start":{"line":134,"column":35},"end":{"line":138,"column":1}},"81":{"start":{"line":135,"column":15},"end":{"line":135,"column":25}},"82":{"start":{"line":136,"column":16},"end":{"line":136,"column":59}},"83":{"start":{"line":137,"column":2},"end":{"line":137,"column":20}},"84":{"start":{"line":142,"column":32},"end":{"line":155,"column":1}},"85":{"start":{"line":143,"column":18},"end":{"line":143,"column":28}},"86":{"start":{"line":144,"column":19},"end":{"line":144,"column":27}},"87":{"start":{"line":145,"column":24},"end":{"line":145,"column":62}},"88":{"start":{"line":146,"column":2},"end":{"line":148,"column":3}},"89":{"start":{"line":147,"column":4},"end":{"line":147,"column":67}},"90":{"start":{"line":150,"column":17},"end":{"line":150,"column":67}},"91":{"start":{"line":151,"column":2},"end":{"line":153,"column":3}},"92":{"start":{"line":152,"column":4},"end":{"line":152,"column":68}},"93":{"start":{"line":154,"column":2},"end":{"line":154,"column":20}},"94":{"start":{"line":157,"column":0},"end":{"line":157,"column":189}}},"fnMap":{"0":{"name":"(anonymous_0)","decl":{"start":{"line":6,"column":23},"end":{"line":6,"column":24}},"loc":{"start":{"line":6,"column":43},"end":{"line":19,"column":1}},"line":6},"1":{"name":"(anonymous_1)","decl":{"start":{"line":22,"column":23},"end":{"line":22,"column":24}},"loc":{"start":{"line":22,"column":43},"end":{"line":30,"column":1}},"line":22},"2":{"name":"(anonymous_2)","decl":{"start":{"line":33,"column":22},"end":{"line":33,"column":23}},"loc":{"start":{"line":33,"column":42},"end":{"line":49,"column":1}},"line":33},"3":{"name":"(anonymous_3)","decl":{"start":{"line":52,"column":22},"end":{"line":52,"column":23}},"loc":{"start":{"line":52,"column":42},"end":{"line":84,"column":1}},"line":52},"4":{"name":"(anonymous_4)","decl":{"start":{"line":87,"column":22},"end":{"line":87,"column":23}},"loc":{"start":{"line":87,"column":42},"end":{"line":95,"column":1}},"line":87},"5":{"name":"(anonymous_5)","decl":{"start":{"line":98,"column":22},"end":{"line":98,"column":23}},"loc":{"start":{"line":98,"column":42},"end":{"line":122,"column":1}},"line":98},"6":{"name":"(anonymous_6)","decl":{"start":{"line":104,"column":49},"end":{"line":104,"column":50}},"loc":{"start":{"line":104,"column":59},"end":{"line":104,"column":70}},"line":104},"7":{"name":"(anonymous_7)","decl":{"start":{"line":105,"column":49},"end":{"line":105,"column":50}},"loc":{"start":{"line":105,"column":59},"end":{"line":105,"column":73}},"line":105},"8":{"name":"(anonymous_8)","decl":{"start":{"line":106,"column":47},"end":{"line":106,"column":48}},"loc":{"start":{"line":106,"column":52},"end":{"line":106,"column":59}},"line":106},"9":{"name":"(anonymous_9)","decl":{"start":{"line":107,"column":47},"end":{"line":107,"column":48}},"loc":{"start":{"line":107,"column":52},"end":{"line":107,"column":59}},"line":107},"10":{"name":"(anonymous_10)","decl":{"start":{"line":110,"column":28},"end":{"line":110,"column":29}},"loc":{"start":{"line":110,"column":33},"end":{"line":110,"column":46}},"line":110},"11":{"name":"(anonymous_11)","decl":{"start":{"line":111,"column":28},"end":{"line":111,"column":29}},"loc":{"start":{"line":111,"column":33},"end":{"line":111,"column":62}},"line":111},"12":{"name":"(anonymous_12)","decl":{"start":{"line":112,"column":28},"end":{"line":112,"column":29}},"loc":{"start":{"line":112,"column":33},"end":{"line":112,"column":45}},"line":112},"13":{"name":"(anonymous_13)","decl":{"start":{"line":116,"column":34},"end":{"line":116,"column":35}},"loc":{"start":{"line":116,"column":39},"end":{"line":116,"column":55}},"line":116},"14":{"name":"(anonymous_14)","decl":{"start":{"line":117,"column":34},"end":{"line":117,"column":35}},"loc":{"start":{"line":117,"column":39},"end":{"line":117,"column":74}},"line":117},"15":{"name":"(anonymous_15)","decl":{"start":{"line":118,"column":34},"end":{"line":118,"column":35}},"loc":{"start":{"line":118,"column":39},"end":{"line":118,"column":54}},"line":118},"16":{"name":"(anonymous_16)","decl":{"start":{"line":126,"column":31},"end":{"line":126,"column":32}},"loc":{"start":{"line":126,"column":51},"end":{"line":130,"column":1}},"line":126},"17":{"name":"(anonymous_17)","decl":{"start":{"line":134,"column":35},"end":{"line":134,"column":36}},"loc":{"start":{"line":134,"column":55},"end":{"line":138,"column":1}},"line":134},"18":{"name":"(anonymous_18)","decl":{"start":{"line":142,"column":32},"end":{"line":142,"column":33}},"loc":{"start":{"line":142,"column":52},"end":{"line":155,"column":1}},"line":142}},"branchMap":{"0":{"loc":{"start":{"line":7,"column":18},"end":{"line":7,"column":49}},"type":"binary-expr","locations":[{"start":{"line":7,"column":18},"end":{"line":7,"column":42}},{"start":{"line":7,"column":48},"end":{"line":7,"column":49}}],"line":7},"1":{"loc":{"start":{"line":8,"column":18},"end":{"line":8,"column":49}},"type":"binary-expr","locations":[{"start":{"line":8,"column":18},"end":{"line":8,"column":43}},{"start":{"line":8,"column":48},"end":{"line":8,"column":49}}],"line":8},"2":{"loc":{"start":{"line":9,"column":18},"end":{"line":9,"column":40}},"type":"binary-expr","locations":[{"start":{"line":9,"column":18},"end":{"line":9,"column":34}},{"start":{"line":9,"column":38},"end":{"line":9,"column":40}}],"line":9},"3":{"loc":{"start":{"line":24,"column":2},"end":{"line":24,"column":70}},"type":"if","locations":[{"start":{"line":24,"column":2},"end":{"line":24,"column":70}},{"start":{},"end":{}}],"line":24},"4":{"loc":{"start":{"line":27,"column":2},"end":{"line":27,"column":76}},"type":"if","locations":[{"start":{"line":27,"column":2},"end":{"line":27,"column":76}},{"start":{},"end":{}}],"line":27},"5":{"loc":{"start":{"line":35,"column":2},"end":{"line":35,"column":65}},"type":"if","locations":[{"start":{"line":35,"column":2},"end":{"line":35,"column":65}},{"start":{},"end":{}}],"line":35},"6":{"loc":{"start":{"line":39,"column":2},"end":{"line":39,"column":99}},"type":"if","locations":[{"start":{"line":39,"column":2},"end":{"line":39,"column":99}},{"start":{},"end":{}}],"line":39},"7":{"loc":{"start":{"line":45,"column":18},"end":{"line":45,"column":44}},"type":"binary-expr","locations":[{"start":{"line":45,"column":18},"end":{"line":45,"column":38}},{"start":{"line":45,"column":42},"end":{"line":45,"column":44}}],"line":45},"8":{"loc":{"start":{"line":54,"column":2},"end":{"line":54,"column":70}},"type":"if","locations":[{"start":{"line":54,"column":2},"end":{"line":54,"column":70}},{"start":{},"end":{}}],"line":54},"9":{"loc":{"start":{"line":57,"column":2},"end":{"line":57,"column":77}},"type":"if","locations":[{"start":{"line":57,"column":2},"end":{"line":57,"column":77}},{"start":{},"end":{}}],"line":57},"10":{"loc":{"start":{"line":60,"column":2},"end":{"line":60,"column":65}},"type":"if","locations":[{"start":{"line":60,"column":2},"end":{"line":60,"column":65}},{"start":{},"end":{}}],"line":60},"11":{"loc":{"start":{"line":63,"column":2},"end":{"line":74,"column":3}},"type":"if","locations":[{"start":{"line":63,"column":2},"end":{"line":74,"column":3}},{"start":{},"end":{}}],"line":63},"12":{"loc":{"start":{"line":65,"column":4},"end":{"line":72,"column":5}},"type":"if","locations":[{"start":{"line":65,"column":4},"end":{"line":72,"column":5}},{"start":{},"end":{}}],"line":65},"13":{"loc":{"start":{"line":65,"column":8},"end":{"line":65,"column":40}},"type":"binary-expr","locations":[{"start":{"line":65,"column":8},"end":{"line":65,"column":17}},{"start":{"line":65,"column":21},"end":{"line":65,"column":40}}],"line":65},"14":{"loc":{"start":{"line":67,"column":12},"end":{"line":67,"column":66}},"type":"binary-expr","locations":[{"start":{"line":67,"column":12},"end":{"line":67,"column":25}},{"start":{"line":67,"column":36},"end":{"line":67,"column":66}}],"line":67},"15":{"loc":{"start":{"line":68,"column":12},"end":{"line":68,"column":75}},"type":"binary-expr","locations":[{"start":{"line":68,"column":12},"end":{"line":68,"column":46}},{"start":{"line":68,"column":50},"end":{"line":68,"column":75}}],"line":68},"16":{"loc":{"start":{"line":69,"column":12},"end":{"line":69,"column":81}},"type":"binary-expr","locations":[{"start":{"line":69,"column":12},"end":{"line":69,"column":46}},{"start":{"line":69,"column":50},"end":{"line":69,"column":81}}],"line":69},"17":{"loc":{"start":{"line":70,"column":12},"end":{"line":70,"column":94}},"type":"binary-expr","locations":[{"start":{"line":70,"column":12},"end":{"line":70,"column":46}},{"start":{"line":70,"column":50},"end":{"line":70,"column":94}}],"line":70},"18":{"loc":{"start":{"line":73,"column":4},"end":{"line":73,"column":104}},"type":"if","locations":[{"start":{"line":73,"column":4},"end":{"line":73,"column":104}},{"start":{},"end":{}}],"line":73},"19":{"loc":{"start":{"line":77,"column":8},"end":{"line":77,"column":62}},"type":"binary-expr","locations":[{"start":{"line":77,"column":8},"end":{"line":77,"column":21}},{"start":{"line":77,"column":32},"end":{"line":77,"column":62}}],"line":77},"20":{"loc":{"start":{"line":78,"column":8},"end":{"line":78,"column":71}},"type":"binary-expr","locations":[{"start":{"line":78,"column":8},"end":{"line":78,"column":42}},{"start":{"line":78,"column":46},"end":{"line":78,"column":71}}],"line":78},"21":{"loc":{"start":{"line":79,"column":8},"end":{"line":79,"column":77}},"type":"binary-expr","locations":[{"start":{"line":79,"column":8},"end":{"line":79,"column":42}},{"start":{"line":79,"column":46},"end":{"line":79,"column":77}}],"line":79},"22":{"loc":{"start":{"line":80,"column":8},"end":{"line":80,"column":90}},"type":"binary-expr","locations":[{"start":{"line":80,"column":8},"end":{"line":80,"column":42}},{"start":{"line":80,"column":46},"end":{"line":80,"column":90}}],"line":80},"23":{"loc":{"start":{"line":89,"column":2},"end":{"line":89,"column":70}},"type":"if","locations":[{"start":{"line":89,"column":2},"end":{"line":89,"column":70}},{"start":{},"end":{}}],"line":89},"24":{"loc":{"start":{"line":92,"column":2},"end":{"line":92,"column":76}},"type":"if","locations":[{"start":{"line":92,"column":2},"end":{"line":92,"column":76}},{"start":{},"end":{}}],"line":92},"25":{"loc":{"start":{"line":102,"column":2},"end":{"line":102,"column":49}},"type":"if","locations":[{"start":{"line":102,"column":2},"end":{"line":102,"column":49}},{"start":{},"end":{}}],"line":102},"26":{"loc":{"start":{"line":111,"column":33},"end":{"line":111,"column":62}},"type":"binary-expr","locations":[{"start":{"line":111,"column":33},"end":{"line":111,"column":45}},{"start":{"line":111,"column":49},"end":{"line":111,"column":62}}],"line":111},"27":{"loc":{"start":{"line":117,"column":39},"end":{"line":117,"column":74}},"type":"binary-expr","locations":[{"start":{"line":117,"column":39},"end":{"line":117,"column":54}},{"start":{"line":117,"column":58},"end":{"line":117,"column":74}}],"line":117},"28":{"loc":{"start":{"line":146,"column":2},"end":{"line":148,"column":3}},"type":"if","locations":[{"start":{"line":146,"column":2},"end":{"line":148,"column":3}},{"start":{},"end":{}}],"line":146},"29":{"loc":{"start":{"line":151,"column":2},"end":{"line":153,"column":3}},"type":"if","locations":[{"start":{"line":151,"column":2},"end":{"line":153,"column":3}},{"start":{},"end":{}}],"line":151}},"s":{"0":1,"1":1,"2":1,"3":1,"4":4,"5":4,"6":4,"7":4,"8":4,"9":4,"10":4,"11":1,"12":4,"13":4,"14":1,"15":3,"16":3,"17":2,"18":1,"19":1,"20":11,"21":11,"22":9,"23":2,"24":2,"25":1,"26":1,"27":1,"28":1,"29":5,"30":5,"31":0,"32":5,"33":5,"34":1,"35":4,"36":4,"37":1,"38":3,"39":2,"40":2,"41":1,"42":1,"43":1,"44":1,"45":1,"46":1,"47":3,"48":3,"49":1,"50":2,"51":2,"52":1,"53":1,"54":1,"55":4,"56":4,"57":4,"58":1,"59":3,"60":24,"61":3,"62":24,"63":3,"64":24,"65":3,"66":24,"67":3,"68":24,"69":24,"70":24,"71":3,"72":24,"73":24,"74":24,"75":3,"76":1,"77":0,"78":0,"79":0,"80":1,"81":1,"82":1,"83":1,"84":1,"85":1,"86":1,"87":1,"88":1,"89":0,"90":1,"91":1,"92":0,"93":1,"94":1},"f":{"0":4,"1":4,"2":11,"3":5,"4":3,"5":4,"6":24,"7":24,"8":24,"9":24,"10":24,"11":24,"12":24,"13":24,"14":24,"15":24,"16":0,"17":1,"18":1},"b":{"0":[4,3],"1":[4,3],"2":[4,3],"3":[1,3],"4":[2,1],"5":[9,2],"6":[1,1],"7":[1,0],"8":[0,5],"9":[1,4],"10":[1,3],"11":[2,1],"12":[1,1],"13":[2,2],"14":[1,1],"15":[1,1],"16":[1,0],"17":[1,0],"18":[1,0],"19":[1,0],"20":[1,1],"21":[1,0],"22":[1,0],"23":[1,2],"24":[1,1],"25":[1,3],"26":[24,12],"27":[24,21],"28":[0,1],"29":[0,1]},"_coverageSchema":"1a1c01bbd47fc00a2c39e90264f33305004495a9","hash":"28940df59bc6187d4e9addca1dd39ae589508851"}
,"C:\\Users\\Mocan Luiza\\MPP\\glow\\backend\\src\\data\\appointmentStore.js": {"path":"C:\\Users\\Mocan Luiza\\MPP\\glow\\backend\\src\\data\\appointmentStore.js","statementMap":{"0":{"start":{"line":1,"column":41},"end":{"line":1,"column":61}},"1":{"start":{"line":2,"column":20},"end":{"line":2,"column":44}},"2":{"start":{"line":4,"column":16},"end":{"line":11,"column":1}},"3":{"start":{"line":5,"column":2},"end":{"line":5,"column":26}},"4":{"start":{"line":5,"column":14},"end":{"line":5,"column":26}},"5":{"start":{"line":6,"column":22},"end":{"line":6,"column":48}},"6":{"start":{"line":7,"column":2},"end":{"line":9,"column":3}},"7":{"start":{"line":8,"column":4},"end":{"line":8,"column":55}},"8":{"start":{"line":10,"column":2},"end":{"line":10,"column":21}},"9":{"start":{"line":13,"column":26},"end":{"line":22,"column":1}},"10":{"start":{"line":14,"column":2},"end":{"line":14,"column":32}},"11":{"start":{"line":14,"column":20},"end":{"line":14,"column":32}},"12":{"start":{"line":15,"column":2},"end":{"line":21,"column":4}},"13":{"start":{"line":24,"column":20},"end":{"line":30,"column":1}},"14":{"start":{"line":32,"column":15},"end":{"line":35,"column":1}},"15":{"start":{"line":33,"column":23},"end":{"line":33,"column":61}},"16":{"start":{"line":34,"column":2},"end":{"line":34,"column":58}},"17":{"start":{"line":37,"column":16},"end":{"line":38,"column":94}},"18":{"start":{"line":38,"column":2},"end":{"line":38,"column":94}},"19":{"start":{"line":40,"column":19},"end":{"line":49,"column":1}},"20":{"start":{"line":41,"column":23},"end":{"line":47,"column":4}},"21":{"start":{"line":48,"column":2},"end":{"line":48,"column":58}},"22":{"start":{"line":51,"column":23},"end":{"line":57,"column":1}},"23":{"start":{"line":52,"column":23},"end":{"line":55,"column":4}},"24":{"start":{"line":56,"column":2},"end":{"line":56,"column":58}},"25":{"start":{"line":59,"column":25},"end":{"line":59,"column":89}},"26":{"start":{"line":59,"column":46},"end":{"line":59,"column":89}},"27":{"start":{"line":61,"column":15},"end":{"line":85,"column":1}},"28":{"start":{"line":62,"column":18},"end":{"line":62,"column":56}},"29":{"start":{"line":63,"column":2},"end":{"line":63,"column":28}},"30":{"start":{"line":63,"column":16},"end":{"line":63,"column":28}},"31":{"start":{"line":66,"column":4},"end":{"line":72,"column":10}},"32":{"start":{"line":73,"column":2},"end":{"line":73,"column":27}},"33":{"start":{"line":73,"column":15},"end":{"line":73,"column":27}},"34":{"start":{"line":75,"column":22},"end":{"line":82,"column":4}},"35":{"start":{"line":84,"column":2},"end":{"line":84,"column":33}},"36":{"start":{"line":87,"column":15},"end":{"line":90,"column":1}},"37":{"start":{"line":88,"column":23},"end":{"line":88,"column":67}},"38":{"start":{"line":89,"column":2},"end":{"line":89,"column":26}},"39":{"start":{"line":92,"column":21},"end":{"line":97,"column":1}},"40":{"start":{"line":93,"column":22},"end":{"line":93,"column":52}},"41":{"start":{"line":94,"column":2},"end":{"line":94,"column":32}},"42":{"start":{"line":94,"column":20},"end":{"line":94,"column":32}},"43":{"start":{"line":95,"column":2},"end":{"line":95,"column":39}},"44":{"start":{"line":96,"column":2},"end":{"line":96,"column":21}},"45":{"start":{"line":99,"column":0},"end":{"line":108,"column":2}}},"fnMap":{"0":{"name":"(anonymous_0)","decl":{"start":{"line":4,"column":16},"end":{"line":4,"column":17}},"loc":{"start":{"line":4,"column":27},"end":{"line":11,"column":1}},"line":4},"1":{"name":"(anonymous_1)","decl":{"start":{"line":13,"column":26},"end":{"line":13,"column":27}},"loc":{"start":{"line":13,"column":43},"end":{"line":22,"column":1}},"line":13},"2":{"name":"(anonymous_2)","decl":{"start":{"line":32,"column":15},"end":{"line":32,"column":16}},"loc":{"start":{"line":32,"column":27},"end":{"line":35,"column":1}},"line":32},"3":{"name":"(anonymous_3)","decl":{"start":{"line":37,"column":16},"end":{"line":37,"column":17}},"loc":{"start":{"line":38,"column":2},"end":{"line":38,"column":94}},"line":38},"4":{"name":"(anonymous_4)","decl":{"start":{"line":40,"column":19},"end":{"line":40,"column":20}},"loc":{"start":{"line":40,"column":36},"end":{"line":49,"column":1}},"line":40},"5":{"name":"(anonymous_5)","decl":{"start":{"line":51,"column":23},"end":{"line":51,"column":24}},"loc":{"start":{"line":51,"column":44},"end":{"line":57,"column":1}},"line":51},"6":{"name":"(anonymous_6)","decl":{"start":{"line":59,"column":25},"end":{"line":59,"column":26}},"loc":{"start":{"line":59,"column":46},"end":{"line":59,"column":89}},"line":59},"7":{"name":"(anonymous_7)","decl":{"start":{"line":61,"column":15},"end":{"line":61,"column":16}},"loc":{"start":{"line":61,"column":31},"end":{"line":85,"column":1}},"line":61},"8":{"name":"(anonymous_8)","decl":{"start":{"line":87,"column":15},"end":{"line":87,"column":16}},"loc":{"start":{"line":87,"column":29},"end":{"line":90,"column":1}},"line":87},"9":{"name":"(anonymous_9)","decl":{"start":{"line":92,"column":21},"end":{"line":92,"column":22}},"loc":{"start":{"line":92,"column":43},"end":{"line":97,"column":1}},"line":92}},"branchMap":{"0":{"loc":{"start":{"line":5,"column":2},"end":{"line":5,"column":26}},"type":"if","locations":[{"start":{"line":5,"column":2},"end":{"line":5,"column":26}},{"start":{},"end":{}}],"line":5},"1":{"loc":{"start":{"line":7,"column":2},"end":{"line":9,"column":3}},"type":"if","locations":[{"start":{"line":7,"column":2},"end":{"line":9,"column":3}},{"start":{},"end":{}}],"line":7},"2":{"loc":{"start":{"line":7,"column":6},"end":{"line":7,"column":53}},"type":"binary-expr","locations":[{"start":{"line":7,"column":6},"end":{"line":7,"column":25}},{"start":{"line":7,"column":29},"end":{"line":7,"column":53}}],"line":7},"3":{"loc":{"start":{"line":14,"column":2},"end":{"line":14,"column":32}},"type":"if","locations":[{"start":{"line":14,"column":2},"end":{"line":14,"column":32}},{"start":{},"end":{}}],"line":14},"4":{"loc":{"start":{"line":17,"column":13},"end":{"line":17,"column":65}},"type":"binary-expr","locations":[{"start":{"line":17,"column":13},"end":{"line":17,"column":38}},{"start":{"line":17,"column":42},"end":{"line":17,"column":65}}],"line":17},"5":{"loc":{"start":{"line":18,"column":11},"end":{"line":18,"column":58}},"type":"binary-expr","locations":[{"start":{"line":18,"column":11},"end":{"line":18,"column":37}},{"start":{"line":18,"column":41},"end":{"line":18,"column":58}}],"line":18},"6":{"loc":{"start":{"line":19,"column":15},"end":{"line":19,"column":65}},"type":"binary-expr","locations":[{"start":{"line":19,"column":15},"end":{"line":19,"column":40}},{"start":{"line":19,"column":44},"end":{"line":19,"column":65}}],"line":19},"7":{"loc":{"start":{"line":63,"column":2},"end":{"line":63,"column":28}},"type":"if","locations":[{"start":{"line":63,"column":2},"end":{"line":63,"column":28}},{"start":{},"end":{}}],"line":63},"8":{"loc":{"start":{"line":66,"column":4},"end":{"line":72,"column":10}},"type":"cond-expr","locations":[{"start":{"line":67,"column":8},"end":{"line":67,"column":48}},{"start":{"line":68,"column":8},"end":{"line":72,"column":10}}],"line":66},"9":{"loc":{"start":{"line":73,"column":2},"end":{"line":73,"column":27}},"type":"if","locations":[{"start":{"line":73,"column":2},"end":{"line":73,"column":27}},{"start":{},"end":{}}],"line":73},"10":{"loc":{"start":{"line":80,"column":12},"end":{"line":80,"column":37}},"type":"binary-expr","locations":[{"start":{"line":80,"column":12},"end":{"line":80,"column":23}},{"start":{"line":80,"column":27},"end":{"line":80,"column":37}}],"line":80},"11":{"loc":{"start":{"line":94,"column":2},"end":{"line":94,"column":32}},"type":"if","locations":[{"start":{"line":94,"column":2},"end":{"line":94,"column":32}},{"start":{},"end":{}}],"line":94}},"s":{"0":1,"1":1,"2":1,"3":6,"4":0,"5":6,"6":6,"7":6,"8":6,"9":1,"10":6,"11":0,"12":6,"13":1,"14":1,"15":0,"16":0,"17":1,"18":5,"19":1,"20":2,"21":2,"22":1,"23":0,"24":0,"25":1,"26":1,"27":1,"28":4,"29":4,"30":0,"31":4,"32":4,"33":0,"34":4,"35":4,"36":1,"37":1,"38":1,"39":1,"40":1,"41":1,"42":0,"43":1,"44":1,"45":1},"f":{"0":6,"1":6,"2":0,"3":5,"4":2,"5":0,"6":1,"7":4,"8":1,"9":1},"b":{"0":[0,6],"1":[6,0],"2":[6,6],"3":[0,6],"4":[6,0],"5":[6,0],"6":[6,0],"7":[0,4],"8":[0,4],"9":[0,4],"10":[4,4],"11":[0,1]},"_coverageSchema":"1a1c01bbd47fc00a2c39e90264f33305004495a9","hash":"b2562bf7b5149bda78c155a66a663c3d6ab0fccc"}
,"C:\\Users\\Mocan Luiza\\MPP\\glow\\backend\\src\\data\\chatStore.js": {"path":"C:\\Users\\Mocan Luiza\\MPP\\glow\\backend\\src\\data\\chatStore.js","statementMap":{"0":{"start":{"line":1,"column":11},"end":{"line":1,"column":24}},"1":{"start":{"line":2,"column":13},"end":{"line":2,"column":28}},"2":{"start":{"line":5,"column":2},"end":{"line":6,"column":54}},"3":{"start":{"line":8,"column":22},"end":{"line":15,"column":1}},"4":{"start":{"line":9,"column":2},"end":{"line":9,"column":74}},"5":{"start":{"line":10,"column":2},"end":{"line":14,"column":3}},"6":{"start":{"line":11,"column":4},"end":{"line":11,"column":42}},"7":{"start":{"line":13,"column":4},"end":{"line":13,"column":59}},"8":{"start":{"line":17,"column":16},"end":{"line":26,"column":1}},"9":{"start":{"line":18,"column":2},"end":{"line":18,"column":24}},"10":{"start":{"line":19,"column":14},"end":{"line":19,"column":61}},"11":{"start":{"line":20,"column":2},"end":{"line":25,"column":3}},"12":{"start":{"line":21,"column":21},"end":{"line":21,"column":36}},"13":{"start":{"line":22,"column":4},"end":{"line":22,"column":51}},"14":{"start":{"line":24,"column":4},"end":{"line":24,"column":14}},"15":{"start":{"line":28,"column":17},"end":{"line":31,"column":1}},"16":{"start":{"line":29,"column":2},"end":{"line":29,"column":24}},"17":{"start":{"line":30,"column":2},"end":{"line":30,"column":86}},"18":{"start":{"line":33,"column":18},"end":{"line":36,"column":1}},"19":{"start":{"line":34,"column":19},"end":{"line":34,"column":34}},"20":{"start":{"line":35,"column":2},"end":{"line":35,"column":32}},"21":{"start":{"line":38,"column":15},"end":{"line":56,"column":1}},"22":{"start":{"line":39,"column":19},"end":{"line":39,"column":34}},"23":{"start":{"line":40,"column":20},"end":{"line":40,"column":45}},"24":{"start":{"line":41,"column":2},"end":{"line":41,"column":30}},"25":{"start":{"line":41,"column":18},"end":{"line":41,"column":30}},"26":{"start":{"line":43,"column":18},"end":{"line":51,"column":3}},"27":{"start":{"line":53,"column":2},"end":{"line":53,"column":25}},"28":{"start":{"line":54,"column":2},"end":{"line":54,"column":39}},"29":{"start":{"line":55,"column":2},"end":{"line":55,"column":17}},"30":{"start":{"line":58,"column":14},"end":{"line":60,"column":1}},"31":{"start":{"line":59,"column":2},"end":{"line":59,"column":21}},"32":{"start":{"line":62,"column":0},"end":{"line":62,"column":59}}},"fnMap":{"0":{"name":"(anonymous_0)","decl":{"start":{"line":8,"column":22},"end":{"line":8,"column":23}},"loc":{"start":{"line":8,"column":34},"end":{"line":15,"column":1}},"line":8},"1":{"name":"(anonymous_1)","decl":{"start":{"line":17,"column":16},"end":{"line":17,"column":17}},"loc":{"start":{"line":17,"column":28},"end":{"line":26,"column":1}},"line":17},"2":{"name":"(anonymous_2)","decl":{"start":{"line":28,"column":17},"end":{"line":28,"column":18}},"loc":{"start":{"line":28,"column":37},"end":{"line":31,"column":1}},"line":28},"3":{"name":"(anonymous_3)","decl":{"start":{"line":33,"column":18},"end":{"line":33,"column":19}},"loc":{"start":{"line":33,"column":40},"end":{"line":36,"column":1}},"line":33},"4":{"name":"(anonymous_4)","decl":{"start":{"line":38,"column":15},"end":{"line":38,"column":16}},"loc":{"start":{"line":38,"column":70},"end":{"line":56,"column":1}},"line":38},"5":{"name":"(anonymous_5)","decl":{"start":{"line":58,"column":14},"end":{"line":58,"column":15}},"loc":{"start":{"line":58,"column":26},"end":{"line":60,"column":1}},"line":58}},"branchMap":{"0":{"loc":{"start":{"line":5,"column":2},"end":{"line":6,"column":54}},"type":"binary-expr","locations":[{"start":{"line":5,"column":2},"end":{"line":5,"column":26}},{"start":{"line":6,"column":2},"end":{"line":6,"column":54}}],"line":5},"1":{"loc":{"start":{"line":22,"column":11},"end":{"line":22,"column":50}},"type":"cond-expr","locations":[{"start":{"line":22,"column":37},"end":{"line":22,"column":45}},{"start":{"line":22,"column":48},"end":{"line":22,"column":50}}],"line":22},"2":{"loc":{"start":{"line":33,"column":25},"end":{"line":33,"column":35}},"type":"default-arg","locations":[{"start":{"line":33,"column":33},"end":{"line":33,"column":35}}],"line":33},"3":{"loc":{"start":{"line":40,"column":27},"end":{"line":40,"column":37}},"type":"binary-expr","locations":[{"start":{"line":40,"column":27},"end":{"line":40,"column":31}},{"start":{"line":40,"column":35},"end":{"line":40,"column":37}}],"line":40},"4":{"loc":{"start":{"line":41,"column":2},"end":{"line":41,"column":30}},"type":"if","locations":[{"start":{"line":41,"column":2},"end":{"line":41,"column":30}},{"start":{},"end":{}}],"line":41},"5":{"loc":{"start":{"line":45,"column":12},"end":{"line":45,"column":26}},"type":"binary-expr","locations":[{"start":{"line":45,"column":12},"end":{"line":45,"column":18}},{"start":{"line":45,"column":22},"end":{"line":45,"column":26}}],"line":45},"6":{"loc":{"start":{"line":46,"column":14},"end":{"line":46,"column":33}},"type":"binary-expr","locations":[{"start":{"line":46,"column":14},"end":{"line":46,"column":22}},{"start":{"line":46,"column":26},"end":{"line":46,"column":33}}],"line":46},"7":{"loc":{"start":{"line":47,"column":15},"end":{"line":47,"column":30}},"type":"binary-expr","locations":[{"start":{"line":47,"column":15},"end":{"line":47,"column":24}},{"start":{"line":47,"column":28},"end":{"line":47,"column":30}}],"line":47},"8":{"loc":{"start":{"line":48,"column":10},"end":{"line":48,"column":24}},"type":"binary-expr","locations":[{"start":{"line":48,"column":10},"end":{"line":48,"column":14}},{"start":{"line":48,"column":18},"end":{"line":48,"column":24}}],"line":48}},"s":{"0":1,"1":1,"2":1,"3":1,"4":0,"5":0,"6":0,"7":0,"8":1,"9":0,"10":0,"11":0,"12":0,"13":0,"14":0,"15":1,"16":0,"17":0,"18":1,"19":0,"20":0,"21":1,"22":0,"23":0,"24":0,"25":0,"26":0,"27":0,"28":0,"29":0,"30":1,"31":0,"32":1},"f":{"0":0,"1":0,"2":0,"3":0,"4":0,"5":0},"b":{"0":[1,1],"1":[0,0],"2":[0],"3":[0,0],"4":[0,0],"5":[0,0],"6":[0,0],"7":[0,0],"8":[0,0]},"_coverageSchema":"1a1c01bbd47fc00a2c39e90264f33305004495a9","hash":"c25386201ada3894b35f59911925288a2a5c8f37"}
,"C:\\Users\\Mocan Luiza\\MPP\\glow\\backend\\src\\data\\clientStore.js": {"path":"C:\\Users\\Mocan Luiza\\MPP\\glow\\backend\\src\\data\\clientStore.js","statementMap":{"0":{"start":{"line":1,"column":15},"end":{"line":1,"column":35}},"1":{"start":{"line":2,"column":19},"end":{"line":2,"column":39}},"2":{"start":{"line":4,"column":16},"end":{"line":4,"column":70}},"3":{"start":{"line":4,"column":28},"end":{"line":4,"column":69}},"4":{"start":{"line":6,"column":15},"end":{"line":28,"column":1}},"5":{"start":{"line":7,"column":16},"end":{"line":14,"column":15}},"6":{"start":{"line":16,"column":18},"end":{"line":19,"column":3}},"7":{"start":{"line":21,"column":2},"end":{"line":24,"column":3}},"8":{"start":{"line":22,"column":4},"end":{"line":22,"column":26}},"9":{"start":{"line":23,"column":4},"end":{"line":23,"column":40}},"10":{"start":{"line":26,"column":18},"end":{"line":26,"column":47}},"11":{"start":{"line":27,"column":2},"end":{"line":27,"column":30}},"12":{"start":{"line":30,"column":14},"end":{"line":41,"column":1}},"13":{"start":{"line":31,"column":16},"end":{"line":38,"column":15}},"14":{"start":{"line":40,"column":2},"end":{"line":40,"column":33}},"15":{"start":{"line":43,"column":16},"end":{"line":43,"column":64}},"16":{"start":{"line":43,"column":30},"end":{"line":43,"column":64}},"17":{"start":{"line":45,"column":19},"end":{"line":46,"column":75}},"18":{"start":{"line":46,"column":2},"end":{"line":46,"column":75}},"19":{"start":{"line":48,"column":15},"end":{"line":48,"column":65}},"20":{"start":{"line":48,"column":31},"end":{"line":48,"column":65}},"21":{"start":{"line":50,"column":28},"end":{"line":59,"column":1}},"22":{"start":{"line":51,"column":19},"end":{"line":57,"column":4}},"23":{"start":{"line":58,"column":2},"end":{"line":58,"column":25}},"24":{"start":{"line":61,"column":15},"end":{"line":66,"column":1}},"25":{"start":{"line":62,"column":17},"end":{"line":62,"column":42}},"26":{"start":{"line":63,"column":2},"end":{"line":63,"column":27}},"27":{"start":{"line":63,"column":15},"end":{"line":63,"column":27}},"28":{"start":{"line":64,"column":2},"end":{"line":64,"column":28}},"29":{"start":{"line":65,"column":2},"end":{"line":65,"column":25}},"30":{"start":{"line":68,"column":15},"end":{"line":71,"column":1}},"31":{"start":{"line":69,"column":23},"end":{"line":69,"column":62}},"32":{"start":{"line":70,"column":2},"end":{"line":70,"column":26}},"33":{"start":{"line":73,"column":0},"end":{"line":82,"column":2}}},"fnMap":{"0":{"name":"(anonymous_0)","decl":{"start":{"line":4,"column":16},"end":{"line":4,"column":17}},"loc":{"start":{"line":4,"column":28},"end":{"line":4,"column":69}},"line":4},"1":{"name":"(anonymous_1)","decl":{"start":{"line":6,"column":15},"end":{"line":6,"column":16}},"loc":{"start":{"line":6,"column":60},"end":{"line":28,"column":1}},"line":6},"2":{"name":"(anonymous_2)","decl":{"start":{"line":30,"column":14},"end":{"line":30,"column":15}},"loc":{"start":{"line":30,"column":46},"end":{"line":41,"column":1}},"line":30},"3":{"name":"(anonymous_3)","decl":{"start":{"line":43,"column":16},"end":{"line":43,"column":17}},"loc":{"start":{"line":43,"column":30},"end":{"line":43,"column":64}},"line":43},"4":{"name":"(anonymous_4)","decl":{"start":{"line":45,"column":19},"end":{"line":45,"column":20}},"loc":{"start":{"line":46,"column":2},"end":{"line":46,"column":75}},"line":46},"5":{"name":"(anonymous_5)","decl":{"start":{"line":48,"column":15},"end":{"line":48,"column":16}},"loc":{"start":{"line":48,"column":31},"end":{"line":48,"column":65}},"line":48},"6":{"name":"(anonymous_6)","decl":{"start":{"line":50,"column":28},"end":{"line":50,"column":29}},"loc":{"start":{"line":50,"column":62},"end":{"line":59,"column":1}},"line":50},"7":{"name":"(anonymous_7)","decl":{"start":{"line":61,"column":15},"end":{"line":61,"column":16}},"loc":{"start":{"line":61,"column":35},"end":{"line":66,"column":1}},"line":61},"8":{"name":"(anonymous_8)","decl":{"start":{"line":68,"column":15},"end":{"line":68,"column":16}},"loc":{"start":{"line":68,"column":29},"end":{"line":71,"column":1}},"line":68}},"branchMap":{"0":{"loc":{"start":{"line":4,"column":28},"end":{"line":4,"column":69}},"type":"cond-expr","locations":[{"start":{"line":4,"column":36},"end":{"line":4,"column":62}},{"start":{"line":4,"column":65},"end":{"line":4,"column":69}}],"line":4},"1":{"loc":{"start":{"line":6,"column":22},"end":{"line":6,"column":55}},"type":"default-arg","locations":[{"start":{"line":6,"column":53},"end":{"line":6,"column":55}}],"line":6},"2":{"loc":{"start":{"line":6,"column":24},"end":{"line":6,"column":35}},"type":"default-arg","locations":[{"start":{"line":6,"column":33},"end":{"line":6,"column":35}}],"line":6},"3":{"loc":{"start":{"line":7,"column":16},"end":{"line":14,"column":15}},"type":"cond-expr","locations":[{"start":{"line":8,"column":6},"end":{"line":13,"column":7}},{"start":{"line":14,"column":6},"end":{"line":14,"column":15}}],"line":7},"4":{"loc":{"start":{"line":21,"column":2},"end":{"line":24,"column":3}},"type":"if","locations":[{"start":{"line":21,"column":2},"end":{"line":24,"column":3}},{"start":{},"end":{}}],"line":21},"5":{"loc":{"start":{"line":21,"column":6},"end":{"line":21,"column":47}},"type":"binary-expr","locations":[{"start":{"line":21,"column":6},"end":{"line":21,"column":24}},{"start":{"line":21,"column":28},"end":{"line":21,"column":47}}],"line":21},"6":{"loc":{"start":{"line":30,"column":21},"end":{"line":30,"column":41}},"type":"default-arg","locations":[{"start":{"line":30,"column":39},"end":{"line":30,"column":41}}],"line":30},"7":{"loc":{"start":{"line":30,"column":23},"end":{"line":30,"column":34}},"type":"default-arg","locations":[{"start":{"line":30,"column":32},"end":{"line":30,"column":34}}],"line":30},"8":{"loc":{"start":{"line":31,"column":16},"end":{"line":38,"column":15}},"type":"cond-expr","locations":[{"start":{"line":32,"column":6},"end":{"line":37,"column":7}},{"start":{"line":38,"column":6},"end":{"line":38,"column":15}}],"line":31},"9":{"loc":{"start":{"line":54,"column":12},"end":{"line":54,"column":39}},"type":"binary-expr","locations":[{"start":{"line":54,"column":12},"end":{"line":54,"column":16}},{"start":{"line":54,"column":20},"end":{"line":54,"column":39}}],"line":54},"10":{"loc":{"start":{"line":55,"column":13},"end":{"line":55,"column":26}},"type":"binary-expr","locations":[{"start":{"line":55,"column":13},"end":{"line":55,"column":18}},{"start":{"line":55,"column":22},"end":{"line":55,"column":26}}],"line":55},"11":{"loc":{"start":{"line":63,"column":2},"end":{"line":63,"column":27}},"type":"if","locations":[{"start":{"line":63,"column":2},"end":{"line":63,"column":27}},{"start":{},"end":{}}],"line":63}},"s":{"0":1,"1":1,"2":1,"3":18,"4":1,"5":2,"6":2,"7":2,"8":2,"9":2,"10":2,"11":2,"12":1,"13":2,"14":2,"15":1,"16":2,"17":1,"18":5,"19":1,"20":4,"21":1,"22":4,"23":4,"24":1,"25":1,"26":1,"27":0,"28":1,"29":1,"30":1,"31":1,"32":1,"33":1},"f":{"0":18,"1":2,"2":2,"3":2,"4":5,"5":4,"6":4,"7":1,"8":1},"b":{"0":[13,5],"1":[0],"2":[0],"3":[1,1],"4":[2,0],"5":[2,2],"6":[0],"7":[0],"8":[1,1],"9":[4,4],"10":[4,4],"11":[0,1]},"_coverageSchema":"1a1c01bbd47fc00a2c39e90264f33305004495a9","hash":"ace28a9f04d6b57b2676780ba5e6fd4faf3705cd"}
,"C:\\Users\\Mocan Luiza\\MPP\\glow\\backend\\src\\data\\store.js": {"path":"C:\\Users\\Mocan Luiza\\MPP\\glow\\backend\\src\\data\\store.js","statementMap":{"0":{"start":{"line":1,"column":15},"end":{"line":1,"column":35}},"1":{"start":{"line":2,"column":34},"end":{"line":2,"column":54}},"2":{"start":{"line":4,"column":16},"end":{"line":4,"column":70}},"3":{"start":{"line":4,"column":28},"end":{"line":4,"column":69}},"4":{"start":{"line":6,"column":15},"end":{"line":27,"column":1}},"5":{"start":{"line":7,"column":16},"end":{"line":13,"column":15}},"6":{"start":{"line":15,"column":18},"end":{"line":18,"column":3}},"7":{"start":{"line":20,"column":2},"end":{"line":23,"column":3}},"8":{"start":{"line":21,"column":4},"end":{"line":21,"column":26}},"9":{"start":{"line":22,"column":4},"end":{"line":22,"column":40}},"10":{"start":{"line":25,"column":19},"end":{"line":25,"column":49}},"11":{"start":{"line":26,"column":2},"end":{"line":26,"column":31}},"12":{"start":{"line":29,"column":14},"end":{"line":39,"column":1}},"13":{"start":{"line":30,"column":16},"end":{"line":36,"column":15}},"14":{"start":{"line":38,"column":2},"end":{"line":38,"column":34}},"15":{"start":{"line":41,"column":16},"end":{"line":41,"column":65}},"16":{"start":{"line":41,"column":30},"end":{"line":41,"column":65}},"17":{"start":{"line":43,"column":18},"end":{"line":52,"column":3}},"18":{"start":{"line":44,"column":2},"end":{"line":52,"column":3}},"19":{"start":{"line":54,"column":15},"end":{"line":54,"column":66}},"20":{"start":{"line":54,"column":31},"end":{"line":54,"column":66}},"21":{"start":{"line":56,"column":15},"end":{"line":61,"column":1}},"22":{"start":{"line":57,"column":18},"end":{"line":57,"column":44}},"23":{"start":{"line":58,"column":2},"end":{"line":58,"column":28}},"24":{"start":{"line":58,"column":16},"end":{"line":58,"column":28}},"25":{"start":{"line":59,"column":2},"end":{"line":59,"column":29}},"26":{"start":{"line":60,"column":2},"end":{"line":60,"column":26}},"27":{"start":{"line":63,"column":15},"end":{"line":66,"column":1}},"28":{"start":{"line":64,"column":23},"end":{"line":64,"column":63}},"29":{"start":{"line":65,"column":2},"end":{"line":65,"column":26}},"30":{"start":{"line":68,"column":14},"end":{"line":70,"column":1}},"31":{"start":{"line":69,"column":2},"end":{"line":69,"column":38}},"32":{"start":{"line":72,"column":0},"end":{"line":72,"column":86}}},"fnMap":{"0":{"name":"(anonymous_0)","decl":{"start":{"line":4,"column":16},"end":{"line":4,"column":17}},"loc":{"start":{"line":4,"column":28},"end":{"line":4,"column":69}},"line":4},"1":{"name":"(anonymous_1)","decl":{"start":{"line":6,"column":15},"end":{"line":6,"column":16}},"loc":{"start":{"line":6,"column":60},"end":{"line":27,"column":1}},"line":6},"2":{"name":"(anonymous_2)","decl":{"start":{"line":29,"column":14},"end":{"line":29,"column":15}},"loc":{"start":{"line":29,"column":46},"end":{"line":39,"column":1}},"line":29},"3":{"name":"(anonymous_3)","decl":{"start":{"line":41,"column":16},"end":{"line":41,"column":17}},"loc":{"start":{"line":41,"column":30},"end":{"line":41,"column":65}},"line":41},"4":{"name":"(anonymous_4)","decl":{"start":{"line":43,"column":18},"end":{"line":43,"column":19}},"loc":{"start":{"line":44,"column":2},"end":{"line":52,"column":3}},"line":44},"5":{"name":"(anonymous_5)","decl":{"start":{"line":54,"column":15},"end":{"line":54,"column":16}},"loc":{"start":{"line":54,"column":31},"end":{"line":54,"column":66}},"line":54},"6":{"name":"(anonymous_6)","decl":{"start":{"line":56,"column":15},"end":{"line":56,"column":16}},"loc":{"start":{"line":56,"column":35},"end":{"line":61,"column":1}},"line":56},"7":{"name":"(anonymous_7)","decl":{"start":{"line":63,"column":15},"end":{"line":63,"column":16}},"loc":{"start":{"line":63,"column":29},"end":{"line":66,"column":1}},"line":63},"8":{"name":"(anonymous_8)","decl":{"start":{"line":68,"column":14},"end":{"line":68,"column":15}},"loc":{"start":{"line":68,"column":26},"end":{"line":70,"column":1}},"line":68}},"branchMap":{"0":{"loc":{"start":{"line":4,"column":28},"end":{"line":4,"column":69}},"type":"cond-expr","locations":[{"start":{"line":4,"column":36},"end":{"line":4,"column":62}},{"start":{"line":4,"column":65},"end":{"line":4,"column":69}}],"line":4},"1":{"loc":{"start":{"line":6,"column":22},"end":{"line":6,"column":55}},"type":"default-arg","locations":[{"start":{"line":6,"column":53},"end":{"line":6,"column":55}}],"line":6},"2":{"loc":{"start":{"line":6,"column":24},"end":{"line":6,"column":35}},"type":"default-arg","locations":[{"start":{"line":6,"column":33},"end":{"line":6,"column":35}}],"line":6},"3":{"loc":{"start":{"line":7,"column":16},"end":{"line":13,"column":15}},"type":"cond-expr","locations":[{"start":{"line":8,"column":6},"end":{"line":12,"column":7}},{"start":{"line":13,"column":6},"end":{"line":13,"column":15}}],"line":7},"4":{"loc":{"start":{"line":20,"column":2},"end":{"line":23,"column":3}},"type":"if","locations":[{"start":{"line":20,"column":2},"end":{"line":23,"column":3}},{"start":{},"end":{}}],"line":20},"5":{"loc":{"start":{"line":20,"column":6},"end":{"line":20,"column":47}},"type":"binary-expr","locations":[{"start":{"line":20,"column":6},"end":{"line":20,"column":24}},{"start":{"line":20,"column":28},"end":{"line":20,"column":47}}],"line":20},"6":{"loc":{"start":{"line":29,"column":21},"end":{"line":29,"column":41}},"type":"default-arg","locations":[{"start":{"line":29,"column":39},"end":{"line":29,"column":41}}],"line":29},"7":{"loc":{"start":{"line":29,"column":23},"end":{"line":29,"column":34}},"type":"default-arg","locations":[{"start":{"line":29,"column":32},"end":{"line":29,"column":34}}],"line":29},"8":{"loc":{"start":{"line":30,"column":16},"end":{"line":36,"column":15}},"type":"cond-expr","locations":[{"start":{"line":31,"column":6},"end":{"line":35,"column":7}},{"start":{"line":36,"column":6},"end":{"line":36,"column":15}}],"line":30},"9":{"loc":{"start":{"line":58,"column":2},"end":{"line":58,"column":28}},"type":"if","locations":[{"start":{"line":58,"column":2},"end":{"line":58,"column":28}},{"start":{},"end":{}}],"line":58}},"s":{"0":1,"1":1,"2":1,"3":50,"4":1,"5":8,"6":8,"7":8,"8":4,"9":4,"10":8,"11":8,"12":1,"13":4,"14":4,"15":1,"16":8,"17":1,"18":4,"19":1,"20":1,"21":1,"22":2,"23":2,"24":0,"25":2,"26":2,"27":1,"28":2,"29":2,"30":1,"31":43,"32":1},"f":{"0":50,"1":8,"2":4,"3":8,"4":4,"5":1,"6":2,"7":2,"8":43},"b":{"0":[46,4],"1":[4],"2":[4],"3":[1,7],"4":[4,4],"5":[8,4],"6":[0],"7":[0],"8":[1,3],"9":[0,2]},"_coverageSchema":"1a1c01bbd47fc00a2c39e90264f33305004495a9","hash":"00ced946f10262c0673d15fa2063b4d0aa72f119"}
,"C:\\Users\\Mocan Luiza\\MPP\\glow\\backend\\src\\data\\userStore.js": {"path":"C:\\Users\\Mocan Luiza\\MPP\\glow\\backend\\src\\data\\userStore.js","statementMap":{"0":{"start":{"line":1,"column":43},"end":{"line":1,"column":63}},"1":{"start":{"line":3,"column":16},"end":{"line":3,"column":70}},"2":{"start":{"line":3,"column":28},"end":{"line":3,"column":69}},"3":{"start":{"line":5,"column":33},"end":{"line":18,"column":1}},"4":{"start":{"line":6,"column":2},"end":{"line":6,"column":25}},"5":{"start":{"line":6,"column":13},"end":{"line":6,"column":25}},"6":{"start":{"line":7,"column":16},"end":{"line":7,"column":32}},"7":{"start":{"line":8,"column":22},"end":{"line":8,"column":61}},"8":{"start":{"line":9,"column":22},"end":{"line":9,"column":121}},"9":{"start":{"line":9,"column":58},"end":{"line":9,"column":118}},"10":{"start":{"line":9,"column":96},"end":{"line":9,"column":111}},"11":{"start":{"line":11,"column":2},"end":{"line":17,"column":4}},"12":{"start":{"line":20,"column":24},"end":{"line":24,"column":1}},"13":{"start":{"line":21,"column":2},"end":{"line":21,"column":25}},"14":{"start":{"line":21,"column":13},"end":{"line":21,"column":25}},"15":{"start":{"line":22,"column":36},"end":{"line":22,"column":40}},"16":{"start":{"line":23,"column":2},"end":{"line":23,"column":44}},"17":{"start":{"line":26,"column":31},"end":{"line":41,"column":3}},"18":{"start":{"line":27,"column":2},"end":{"line":41,"column":3}},"19":{"start":{"line":43,"column":19},"end":{"line":43,"column":88}},"20":{"start":{"line":43,"column":36},"end":{"line":43,"column":88}},"21":{"start":{"line":45,"column":25},"end":{"line":59,"column":1}},"22":{"start":{"line":46,"column":17},"end":{"line":46,"column":60}},"23":{"start":{"line":47,"column":15},"end":{"line":53,"column":4}},"24":{"start":{"line":55,"column":15},"end":{"line":55,"column":62}},"25":{"start":{"line":56,"column":2},"end":{"line":56,"column":40}},"26":{"start":{"line":56,"column":12},"end":{"line":56,"column":40}},"27":{"start":{"line":58,"column":2},"end":{"line":58,"column":27}},"28":{"start":{"line":61,"column":0},"end":{"line":61,"column":74}}},"fnMap":{"0":{"name":"(anonymous_0)","decl":{"start":{"line":3,"column":16},"end":{"line":3,"column":17}},"loc":{"start":{"line":3,"column":28},"end":{"line":3,"column":69}},"line":3},"1":{"name":"(anonymous_1)","decl":{"start":{"line":5,"column":33},"end":{"line":5,"column":34}},"loc":{"start":{"line":5,"column":43},"end":{"line":18,"column":1}},"line":5},"2":{"name":"(anonymous_2)","decl":{"start":{"line":9,"column":48},"end":{"line":9,"column":49}},"loc":{"start":{"line":9,"column":58},"end":{"line":9,"column":118}},"line":9},"3":{"name":"(anonymous_3)","decl":{"start":{"line":9,"column":80},"end":{"line":9,"column":81}},"loc":{"start":{"line":9,"column":96},"end":{"line":9,"column":111}},"line":9},"4":{"name":"(anonymous_4)","decl":{"start":{"line":20,"column":24},"end":{"line":20,"column":25}},"loc":{"start":{"line":20,"column":34},"end":{"line":24,"column":1}},"line":20},"5":{"name":"(anonymous_5)","decl":{"start":{"line":26,"column":31},"end":{"line":26,"column":32}},"loc":{"start":{"line":27,"column":2},"end":{"line":41,"column":3}},"line":27},"6":{"name":"(anonymous_6)","decl":{"start":{"line":43,"column":19},"end":{"line":43,"column":20}},"loc":{"start":{"line":43,"column":36},"end":{"line":43,"column":88}},"line":43},"7":{"name":"(anonymous_7)","decl":{"start":{"line":45,"column":25},"end":{"line":45,"column":26}},"loc":{"start":{"line":45,"column":69},"end":{"line":59,"column":1}},"line":45}},"branchMap":{"0":{"loc":{"start":{"line":3,"column":28},"end":{"line":3,"column":69}},"type":"cond-expr","locations":[{"start":{"line":3,"column":36},"end":{"line":3,"column":62}},{"start":{"line":3,"column":65},"end":{"line":3,"column":69}}],"line":3},"1":{"loc":{"start":{"line":6,"column":2},"end":{"line":6,"column":25}},"type":"if","locations":[{"start":{"line":6,"column":2},"end":{"line":6,"column":25}},{"start":{},"end":{}}],"line":6},"2":{"loc":{"start":{"line":7,"column":16},"end":{"line":7,"column":32}},"type":"binary-expr","locations":[{"start":{"line":7,"column":16},"end":{"line":7,"column":26}},{"start":{"line":7,"column":30},"end":{"line":7,"column":32}}],"line":7},"3":{"loc":{"start":{"line":8,"column":22},"end":{"line":8,"column":61}},"type":"binary-expr","locations":[{"start":{"line":8,"column":22},"end":{"line":8,"column":36}},{"start":{"line":8,"column":40},"end":{"line":8,"column":49}},{"start":{"line":8,"column":53},"end":{"line":8,"column":61}}],"line":8},"4":{"loc":{"start":{"line":9,"column":58},"end":{"line":9,"column":118}},"type":"binary-expr","locations":[{"start":{"line":9,"column":58},"end":{"line":9,"column":112}},{"start":{"line":9,"column":116},"end":{"line":9,"column":118}}],"line":9},"5":{"loc":{"start":{"line":16,"column":10},"end":{"line":16,"column":57}},"type":"cond-expr","locations":[{"start":{"line":16,"column":35},"end":{"line":16,"column":43}},{"start":{"line":16,"column":46},"end":{"line":16,"column":57}}],"line":16},"6":{"loc":{"start":{"line":21,"column":2},"end":{"line":21,"column":25}},"type":"if","locations":[{"start":{"line":21,"column":2},"end":{"line":21,"column":25}},{"start":{},"end":{}}],"line":21},"7":{"loc":{"start":{"line":56,"column":2},"end":{"line":56,"column":40}},"type":"if","locations":[{"start":{"line":56,"column":2},"end":{"line":56,"column":40}},{"start":{},"end":{}}],"line":56}},"s":{"0":1,"1":1,"2":4,"3":1,"4":5,"5":1,"6":4,"7":4,"8":4,"9":4,"10":27,"11":4,"12":1,"13":2,"14":1,"15":1,"16":1,"17":1,"18":4,"19":1,"20":2,"21":1,"22":1,"23":1,"24":1,"25":1,"26":1,"27":1,"28":1},"f":{"0":4,"1":5,"2":4,"3":27,"4":2,"5":4,"6":2,"7":1},"b":{"0":[3,1],"1":[1,4],"2":[4,0],"3":[4,0,0],"4":[4,0],"5":[3,1],"6":[1,1],"7":[1,0]},"_coverageSchema":"1a1c01bbd47fc00a2c39e90264f33305004495a9","hash":"0d8c64c638a7c8c8a9fd358ca4a63b6a56bd1a17"}
,"C:\\Users\\Mocan Luiza\\MPP\\glow\\backend\\src\\db\\sequelize.js": {"path":"C:\\Users\\Mocan Luiza\\MPP\\glow\\backend\\src\\db\\sequelize.js","statementMap":{"0":{"start":{"line":1,"column":13},"end":{"line":1,"column":28}},"1":{"start":{"line":2,"column":11},"end":{"line":2,"column":24}},"2":{"start":{"line":3,"column":22},"end":{"line":3,"column":42}},"3":{"start":{"line":6,"column":2},"end":{"line":9,"column":53}},"4":{"start":{"line":11,"column":0},"end":{"line":13,"column":1}},"5":{"start":{"line":12,"column":2},"end":{"line":12,"column":59}},"6":{"start":{"line":15,"column":18},"end":{"line":19,"column":2}},"7":{"start":{"line":21,"column":0},"end":{"line":21,"column":27}}},"fnMap":{},"branchMap":{"0":{"loc":{"start":{"line":6,"column":2},"end":{"line":9,"column":53}},"type":"binary-expr","locations":[{"start":{"line":6,"column":2},"end":{"line":6,"column":24}},{"start":{"line":7,"column":3},"end":{"line":9,"column":52}}],"line":6},"1":{"loc":{"start":{"line":7,"column":3},"end":{"line":9,"column":52}},"type":"cond-expr","locations":[{"start":{"line":8,"column":6},"end":{"line":8,"column":16}},{"start":{"line":9,"column":6},"end":{"line":9,"column":52}}],"line":7},"2":{"loc":{"start":{"line":11,"column":0},"end":{"line":13,"column":1}},"type":"if","locations":[{"start":{"line":11,"column":0},"end":{"line":13,"column":1}},{"start":{},"end":{}}],"line":11}},"s":{"0":2,"1":2,"2":2,"3":2,"4":2,"5":0,"6":2,"7":2},"f":{},"b":{"0":[2,2],"1":[2,0],"2":[0,2]},"_coverageSchema":"1a1c01bbd47fc00a2c39e90264f33305004495a9","hash":"77c4237ff46264207d7709c1b6bda3a064a076ed"}
,"C:\\Users\\Mocan Luiza\\MPP\\glow\\backend\\src\\models\\ActionLog.js": {"path":"C:\\Users\\Mocan Luiza\\MPP\\glow\\backend\\src\\models\\ActionLog.js","statementMap":{"0":{"start":{"line":1,"column":22},"end":{"line":1,"column":42}},"1":{"start":{"line":2,"column":18},"end":{"line":2,"column":44}},"2":{"start":{"line":4,"column":18},"end":{"line":61,"column":1}},"3":{"start":{"line":63,"column":0},"end":{"line":63,"column":27}}},"fnMap":{},"branchMap":{},"s":{"0":2,"1":2,"2":2,"3":2},"f":{},"b":{},"_coverageSchema":"1a1c01bbd47fc00a2c39e90264f33305004495a9","hash":"538c96f7830ba0d9287da832df36b588ed1d72b3"}
[...]
rt":{"line":178,"column":2},"end":{"line":178,"column":24}},"type":"default-arg","locations":[{"start":{"line":178,"column":13},"end":{"line":178,"column":24}}],"line":178},"44":{"loc":{"start":{"line":179,"column":2},"end":{"line":179,"column":18}},"type":"default-arg","locations":[{"start":{"line":179,"column":15},"end":{"line":179,"column":18}}],"line":179},"45":{"loc":{"start":{"line":180,"column":2},"end":{"line":180,"column":18}},"type":"default-arg","locations":[{"start":{"line":180,"column":14},"end":{"line":180,"column":18}}],"line":180},"46":{"loc":{"start":{"line":187,"column":23},"end":{"line":187,"column":122}},"type":"cond-expr","locations":[{"start":{"line":187,"column":63},"end":{"line":187,"column":80}},{"start":{"line":187,"column":83},"end":{"line":187,"column":122}}],"line":187},"47":{"loc":{"start":{"line":187,"column":98},"end":{"line":187,"column":121}},"type":"binary-expr","locations":[{"start":{"line":187,"column":98},"end":{"line":187,"column":115}},{"start":{"line":187,"column":119},"end":{"line":187,"column":121}}],"line":187},"48":{"loc":{"start":{"line":199,"column":2},"end":{"line":199,"column":57}},"type":"if","locations":[{"start":{"line":199,"column":2},"end":{"line":199,"column":57}},{"start":{},"end":{}}],"line":199},"49":{"loc":{"start":{"line":210,"column":23},"end":{"line":210,"column":43}},"type":"default-arg","locations":[{"start":{"line":210,"column":41},"end":{"line":210,"column":43}}],"line":210},"50":{"loc":{"start":{"line":210,"column":25},"end":{"line":210,"column":36}},"type":"default-arg","locations":[{"start":{"line":210,"column":33},"end":{"line":210,"column":36}}],"line":210}},"s":{"0":2,"1":2,"2":2,"3":2,"4":1,"5":0,"6":1,"7":1,"8":0,"9":2,"10":54,"11":2,"12":54,"13":54,"14":2,"15":52,"16":1,"17":51,"18":0,"19":51,"20":0,"21":51,"22":0,"23":51,"24":51,"25":51,"26":2,"27":54,"28":54,"29":2,"30":1,"31":1,"32":1,"33":0,"34":0,"35":1,"36":2,"37":89,"38":2,"39":58,"40":58,"41":58,"42":58,"43":3,"44":3,"45":1,"46":58,"47":6,"48":6,"49":0,"50":58,"51":24,"52":22,"53":0,"54":56,"55":37,"56":0,"57":2,"58":54,"59":54,"60":54,"61":33,"62":2,"63":4,"64":4,"65":4,"66":2,"67":54,"68":0,"69":54,"70":54,"71":21,"72":54,"73":2,"74":0,"75":0,"76":0,"77":2,"78":0,"79":0,"80":0,"81":2},"f":{"0":1,"1":54,"2":54,"3":54,"4":1,"5":89,"6":58,"7":54,"8":4,"9":54,"10":54,"11":21,"12":0,"13":0,"14":0,"15":0,"16":0,"17":0},"b":{"0":[0,1],"1":[1,0],"2":[0,0],"3":[54,51],"4":[0,51],"5":[54,51,51,46,42,40],"6":[54,51,51,51],"7":[2,52],"8":[1,51],"9":[0,51],"10":[0,51],"11":[0,51],"12":[51,0],"13":[51,0],"14":[30,24],"15":[54,30],"16":[54,0],"17":[54,0],"18":[0,1],"19":[56],"20":[5,84],"21":[26,63],"22":[63,26],"23":[89,84,63],"24":[3,55],"25":[58,5],"26":[1,2],"27":[6,52],"28":[0,6],"29":[24,34],"30":[0,22],"31":[0,37],"32":[54],"33":[0,54],"34":[0,54],"35":[54,54],"36":[54,54],"37":[54,54],"38":[54,54],"39":[3],"40":[0],"41":[0],"42":[0],"43":[0],"44":[0],"45":[4],"46":[4,0],"47":[0,0],"48":[0,54],"49":[0],"50":[0]},"_coverageSchema":"1a1c01bbd47fc00a2c39e90264f33305004495a9","hash":"b3307accea8c572d53f184a3482f8aa262fb9965"}
,"C:\\Users\\Mocan Luiza\\MPP\\glow\\backend\\src\\validators\\appointmentValidator.js": {"path":"C:\\Users\\Mocan Luiza\\MPP\\glow\\backend\\src\\validators\\appointmentValidator.js","statementMap":{"0":{"start":{"line":1,"column":28},"end":{"line":16,"column":1}},"1":{"start":{"line":2,"column":17},"end":{"line":2,"column":19}},"2":{"start":{"line":3,"column":2},"end":{"line":3,"column":61}},"3":{"start":{"line":3,"column":21},"end":{"line":3,"column":61}},"4":{"start":{"line":4,"column":2},"end":{"line":4,"column":50}},"5":{"start":{"line":4,"column":18},"end":{"line":4,"column":50}},"6":{"start":{"line":5,"column":2},"end":{"line":5,"column":50}},"7":{"start":{"line":5,"column":18},"end":{"line":5,"column":50}},"8":{"start":{"line":6,"column":2},"end":{"line":6,"column":92}},"9":{"start":{"line":6,"column":41},"end":{"line":6,"column":92}},"10":{"start":{"line":7,"column":2},"end":{"line":9,"column":3}},"11":{"start":{"line":8,"column":4},"end":{"line":8,"column":44}},"12":{"start":{"line":11,"column":2},"end":{"line":13,"column":3}},"13":{"start":{"line":12,"column":4},"end":{"line":12,"column":55}},"14":{"start":{"line":15,"column":2},"end":{"line":15,"column":16}},"15":{"start":{"line":18,"column":0},"end":{"line":18,"column":41}}},"fnMap":{"0":{"name":"(anonymous_0)","decl":{"start":{"line":1,"column":28},"end":{"line":1,"column":29}},"loc":{"start":{"line":1,"column":38},"end":{"line":16,"column":1}},"line":1}},"branchMap":{"0":{"loc":{"start":{"line":3,"column":2},"end":{"line":3,"column":61}},"type":"if","locations":[{"start":{"line":3,"column":2},"end":{"line":3,"column":61}},{"start":{},"end":{}}],"line":3},"1":{"loc":{"start":{"line":4,"column":2},"end":{"line":4,"column":50}},"type":"if","locations":[{"start":{"line":4,"column":2},"end":{"line":4,"column":50}},{"start":{},"end":{}}],"line":4},"2":{"loc":{"start":{"line":5,"column":2},"end":{"line":5,"column":50}},"type":"if","locations":[{"start":{"line":5,"column":2},"end":{"line":5,"column":50}},{"start":{},"end":{}}],"line":5},"3":{"loc":{"start":{"line":6,"column":2},"end":{"line":6,"column":92}},"type":"if","locations":[{"start":{"line":6,"column":2},"end":{"line":6,"column":92}},{"start":{},"end":{}}],"line":6},"4":{"loc":{"start":{"line":6,"column":6},"end":{"line":6,"column":39}},"type":"binary-expr","locations":[{"start":{"line":6,"column":6},"end":{"line":6,"column":20}},{"start":{"line":6,"column":24},"end":{"line":6,"column":39}}],"line":6},"5":{"loc":{"start":{"line":7,"column":2},"end":{"line":9,"column":3}},"type":"if","locations":[{"start":{"line":7,"column":2},"end":{"line":9,"column":3}},{"start":{},"end":{}}],"line":7},"6":{"loc":{"start":{"line":7,"column":6},"end":{"line":7,"column":74}},"type":"binary-expr","locations":[{"start":{"line":7,"column":6},"end":{"line":7,"column":20}},{"start":{"line":7,"column":24},"end":{"line":7,"column":74}}],"line":7},"7":{"loc":{"start":{"line":11,"column":2},"end":{"line":13,"column":3}},"type":"if","locations":[{"start":{"line":11,"column":2},"end":{"line":13,"column":3}},{"start":{},"end":{}}],"line":11},"8":{"loc":{"start":{"line":11,"column":6},"end":{"line":11,"column":57}},"type":"binary-expr","locations":[{"start":{"line":11,"column":6},"end":{"line":11,"column":15}},{"start":{"line":11,"column":19},"end":{"line":11,"column":57}}],"line":11}},"s":{"0":1,"1":4,"2":4,"3":0,"4":4,"5":0,"6":4,"7":0,"8":4,"9":0,"10":4,"11":0,"12":4,"13":0,"14":4,"15":1},"f":{"0":4},"b":{"0":[0,4],"1":[0,4],"2":[0,4],"3":[0,4],"4":[4,4],"5":[0,4],"6":[4,4],"7":[0,4],"8":[4,4]},"_coverageSchema":"1a1c01bbd47fc00a2c39e90264f33305004495a9","hash":"f441bc3c969a197deb49f026475a78e4b571ddd3"}
,"C:\\Users\\Mocan Luiza\\MPP\\glow\\backend\\src\\validators\\clientValidator.js": {"path":"C:\\Users\\Mocan Luiza\\MPP\\glow\\backend\\src\\validators\\clientValidator.js","statementMap":{"0":{"start":{"line":1,"column":23},"end":{"line":25,"column":1}},"1":{"start":{"line":2,"column":17},"end":{"line":2,"column":19}},"2":{"start":{"line":4,"column":2},"end":{"line":10,"column":3}},"3":{"start":{"line":5,"column":4},"end":{"line":9,"column":5}},"4":{"start":{"line":6,"column":6},"end":{"line":6,"column":56}},"5":{"start":{"line":7,"column":11},"end":{"line":9,"column":5}},"6":{"start":{"line":8,"column":6},"end":{"line":8,"column":54}},"7":{"start":{"line":12,"column":2},"end":{"line":18,"column":3}},"8":{"start":{"line":13,"column":4},"end":{"line":17,"column":5}},"9":{"start":{"line":14,"column":6},"end":{"line":14,"column":39}},"10":{"start":{"line":15,"column":11},"end":{"line":17,"column":5}},"11":{"start":{"line":16,"column":6},"end":{"line":16,"column":41}},"12":{"start":{"line":20,"column":2},"end":{"line":22,"column":3}},"13":{"start":{"line":21,"column":4},"end":{"line":21,"column":53}},"14":{"start":{"line":24,"column":2},"end":{"line":24,"column":16}},"15":{"start":{"line":27,"column":0},"end":{"line":27,"column":36}}},"fnMap":{"0":{"name":"(anonymous_0)","decl":{"start":{"line":1,"column":23},"end":{"line":1,"column":24}},"loc":{"start":{"line":1,"column":51},"end":{"line":25,"column":1}},"line":1}},"branchMap":{"0":{"loc":{"start":{"line":1,"column":30},"end":{"line":1,"column":46}},"type":"default-arg","locations":[{"start":{"line":1,"column":41},"end":{"line":1,"column":46}}],"line":1},"1":{"loc":{"start":{"line":4,"column":2},"end":{"line":10,"column":3}},"type":"if","locations":[{"start":{"line":4,"column":2},"end":{"line":10,"column":3}},{"start":{},"end":{}}],"line":4},"2":{"loc":{"start":{"line":4,"column":6},"end":{"line":4,"column":42}},"type":"binary-expr","locations":[{"start":{"line":4,"column":6},"end":{"line":4,"column":15}},{"start":{"line":4,"column":19},"end":{"line":4,"column":42}}],"line":4},"3":{"loc":{"start":{"line":5,"column":4},"end":{"line":9,"column":5}},"type":"if","locations":[{"start":{"line":5,"column":4},"end":{"line":9,"column":5}},{"start":{"line":7,"column":11},"end":{"line":9,"column":5}}],"line":5},"4":{"loc":{"start":{"line":5,"column":8},"end":{"line":5,"column":82}},"type":"binary-expr","locations":[{"start":{"line":5,"column":8},"end":{"line":5,"column":18}},{"start":{"line":5,"column":22},"end":{"line":5,"column":51}},{"start":{"line":5,"column":55},"end":{"line":5,"column":82}}],"line":5},"5":{"loc":{"start":{"line":7,"column":11},"end":{"line":9,"column":5}},"type":"if","locations":[{"start":{"line":7,"column":11},"end":{"line":9,"column":5}},{"start":{},"end":{}}],"line":7},"6":{"loc":{"start":{"line":12,"column":2},"end":{"line":18,"column":3}},"type":"if","locations":[{"start":{"line":12,"column":2},"end":{"line":18,"column":3}},{"start":{},"end":{}}],"line":12},"7":{"loc":{"start":{"line":12,"column":6},"end":{"line":12,"column":43}},"type":"binary-expr","locations":[{"start":{"line":12,"column":6},"end":{"line":12,"column":15}},{"start":{"line":12,"column":19},"end":{"line":12,"column":43}}],"line":12},"8":{"loc":{"start":{"line":13,"column":4},"end":{"line":17,"column":5}},"type":"if","locations":[{"start":{"line":13,"column":4},"end":{"line":17,"column":5}},{"start":{"line":15,"column":11},"end":{"line":17,"column":5}}],"line":13},"9":{"loc":{"start":{"line":13,"column":8},"end":{"line":13,"column":53}},"type":"binary-expr","locations":[{"start":{"line":13,"column":8},"end":{"line":13,"column":19}},{"start":{"line":13,"column":23},"end":{"line":13,"column":53}}],"line":13},"10":{"loc":{"start":{"line":15,"column":11},"end":{"line":17,"column":5}},"type":"if","locations":[{"start":{"line":15,"column":11},"end":{"line":17,"column":5}},{"start":{},"end":{}}],"line":15},"11":{"loc":{"start":{"line":20,"column":2},"end":{"line":22,"column":3}},"type":"if","locations":[{"start":{"line":20,"column":2},"end":{"line":22,"column":3}},{"start":{},"end":{}}],"line":20},"12":{"loc":{"start":{"line":20,"column":6},"end":{"line":20,"column":87}},"type":"binary-expr","locations":[{"start":{"line":20,"column":6},"end":{"line":20,"column":30}},{"start":{"line":20,"column":34},"end":{"line":20,"column":53}},{"start":{"line":20,"column":57},"end":{"line":20,"column":87}}],"line":20}},"s":{"0":1,"1":6,"2":6,"3":5,"4":0,"5":5,"6":0,"7":6,"8":5,"9":0,"10":5,"11":0,"12":6,"13":0,"14":6,"15":1},"f":{"0":6},"b":{"0":[5],"1":[5,1],"2":[6,1],"3":[0,5],"4":[5,5,5],"5":[0,5],"6":[5,1],"7":[6,1],"8":[0,5],"9":[5,5],"10":[0,5],"11":[0,6],"12":[6,2,2]},"_coverageSchema":"1a1c01bbd47fc00a2c39e90264f33305004495a9","hash":"0cb8b36496e3fb73322e74dd7c217151ee6ee622"}
,"C:\\Users\\Mocan Luiza\\MPP\\glow\\backend\\src\\validators\\serviceValidator.js": {"path":"C:\\Users\\Mocan Luiza\\MPP\\glow\\backend\\src\\validators\\serviceValidator.js","statementMap":{"0":{"start":{"line":1,"column":24},"end":{"line":37,"column":1}},"1":{"start":{"line":2,"column":17},"end":{"line":2,"column":19}},"2":{"start":{"line":4,"column":2},"end":{"line":13,"column":3}},"3":{"start":{"line":5,"column":4},"end":{"line":12,"column":54}},"4":{"start":{"line":6,"column":6},"end":{"line":6,"column":69}},"5":{"start":{"line":7,"column":9},"end":{"line":12,"column":54}},"6":{"start":{"line":8,"column":6},"end":{"line":8,"column":63}},"7":{"start":{"line":9,"column":9},"end":{"line":12,"column":54}},"8":{"start":{"line":10,"column":6},"end":{"line":10,"column":56}},"9":{"start":{"line":11,"column":9},"end":{"line":12,"column":54}},"10":{"start":{"line":12,"column":6},"end":{"line":12,"column":54}},"11":{"start":{"line":15,"column":2},"end":{"line":22,"column":3}},"12":{"start":{"line":16,"column":4},"end":{"line":21,"column":47}},"13":{"start":{"line":17,"column":6},"end":{"line":17,"column":39}},"14":{"start":{"line":18,"column":9},"end":{"line":21,"column":47}},"15":{"start":{"line":19,"column":6},"end":{"line":19,"column":54}},"16":{"start":{"line":20,"column":9},"end":{"line":21,"column":47}},"17":{"start":{"line":21,"column":6},"end":{"line":21,"column":47}},"18":{"start":{"line":24,"column":2},"end":{"line":31,"column":3}},"19":{"start":{"line":25,"column":4},"end":{"line":30,"column":56}},"20":{"start":{"line":26,"column":6},"end":{"line":26,"column":42}},"21":{"start":{"line":27,"column":9},"end":{"line":30,"column":56}},"22":{"start":{"line":28,"column":6},"end":{"line":28,"column":67}},"23":{"start":{"line":29,"column":9},"end":{"line":30,"column":56}},"24":{"start":{"line":30,"column":6},"end":{"line":30,"column":56}},"25":{"start":{"line":33,"column":2},"end":{"line":34,"column":60}},"26":{"start":{"line":34,"column":4},"end":{"line":34,"column":60}},"27":{"start":{"line":36,"column":2},"end":{"line":36,"column":16}},"28":{"start":{"line":39,"column":0},"end":{"line":39,"column":37}}},"fnMap":{"0":{"name":"(anonymous_0)","decl":{"start":{"line":1,"column":24},"end":{"line":1,"column":25}},"loc":{"start":{"line":1,"column":52},"end":{"line":37,"column":1}},"line":1}},"branchMap":{"0":{"loc":{"start":{"line":1,"column":31},"end":{"line":1,"column":47}},"type":"default-arg","locations":[{"start":{"line":1,"column":42},"end":{"line":1,"column":47}}],"line":1},"1":{"loc":{"start":{"line":4,"column":2},"end":{"line":13,"column":3}},"type":"if","locations":[{"start":{"line":4,"column":2},"end":{"line":13,"column":3}},{"start":{},"end":{}}],"line":4},"2":{"loc":{"start":{"line":4,"column":6},"end":{"line":4,"column":42}},"type":"binary-expr","locations":[{"start":{"line":4,"column":6},"end":{"line":4,"column":15}},{"start":{"line":4,"column":19},"end":{"line":4,"column":42}}],"line":4},"3":{"loc":{"start":{"line":5,"column":4},"end":{"line":12,"column":54}},"type":"if","locations":[{"start":{"line":5,"column":4},"end":{"line":12,"column":54}},{"start":{"line":7,"column":9},"end":{"line":12,"column":54}}],"line":5},"4":{"loc":{"start":{"line":5,"column":8},"end":{"line":5,"column":84}},"type":"binary-expr","locations":[{"start":{"line":5,"column":8},"end":{"line":5,"column":18}},{"start":{"line":5,"column":22},"end":{"line":5,"column":51}},{"start":{"line":5,"column":55},"end":{"line":5,"column":84}}],"line":5},"5":{"loc":{"start":{"line":7,"column":9},"end":{"line":12,"column":54}},"type":"if","locations":[{"start":{"line":7,"column":9},"end":{"line":12,"column":54}},{"start":{"line":9,"column":9},"end":{"line":12,"column":54}}],"line":7},"6":{"loc":{"start":{"line":9,"column":9},"end":{"line":12,"column":54}},"type":"if","locations":[{"start":{"line":9,"column":9},"end":{"line":12,"column":54}},{"start":{"line":11,"column":9},"end":{"line":12,"column":54}}],"line":9},"7":{"loc":{"start":{"line":11,"column":9},"end":{"line":12,"column":54}},"type":"if","locations":[{"start":{"line":11,"column":9},"end":{"line":12,"column":54}},{"start":{},"end":{}}],"line":11},"8":{"loc":{"start":{"line":15,"column":2},"end":{"line":22,"column":3}},"type":"if","locations":[{"start":{"line":15,"column":2},"end":{"line":22,"column":3}},{"start":{},"end":{}}],"line":15},"9":{"loc":{"start":{"line":15,"column":6},"end":{"line":15,"column":43}},"type":"binary-expr","locations":[{"start":{"line":15,"column":6},"end":{"line":15,"column":15}},{"start":{"line":15,"column":19},"end":{"line":15,"column":43}}],"line":15},"10":{"loc":{"start":{"line":16,"column":4},"end":{"line":21,"column":47}},"type":"if","locations":[{"start":{"line":16,"column":4},"end":{"line":21,"column":47}},{"start":{"line":18,"column":9},"end":{"line":21,"column":47}}],"line":16},"11":{"loc":{"start":{"line":16,"column":8},"end":{"line":16,"column":55}},"type":"binary-expr","locations":[{"start":{"line":16,"column":8},"end":{"line":16,"column":32}},{"start":{"line":16,"column":36},"end":{"line":16,"column":55}}],"line":16},"12":{"loc":{"start":{"line":18,"column":9},"end":{"line":21,"column":47}},"type":"if","locations":[{"start":{"line":18,"column":9},"end":{"line":21,"column":47}},{"start":{"line":20,"column":9},"end":{"line":21,"column":47}}],"line":18},"13":{"loc":{"start":{"line":18,"column":13},"end":{"line":18,"column":61}},"type":"binary-expr","locations":[{"start":{"line":18,"column":13},"end":{"line":18,"column":42}},{"start":{"line":18,"column":46},"end":{"line":18,"column":61}}],"line":18},"14":{"loc":{"start":{"line":20,"column":9},"end":{"line":21,"column":47}},"type":"if","locations":[{"start":{"line":20,"column":9},"end":{"line":21,"column":47}},{"start":{},"end":{}}],"line":20},"15":{"loc":{"start":{"line":24,"column":2},"end":{"line":31,"column":3}},"type":"if","locations":[{"start":{"line":24,"column":2},"end":{"line":31,"column":3}},{"start":{},"end":{}}],"line":24},"16":{"loc":{"start":{"line":24,"column":6},"end":{"line":24,"column":46}},"type":"binary-expr","locations":[{"start":{"line":24,"column":6},"end":{"line":24,"column":15}},{"start":{"line":24,"column":19},"end":{"line":24,"column":46}}],"line":24},"17":{"loc":{"start":{"line":25,"column":4},"end":{"line":30,"column":56}},"type":"if","locations":[{"start":{"line":25,"column":4},"end":{"line":30,"column":56}},{"start":{"line":27,"column":9},"end":{"line":30,"column":56}}],"line":25},"18":{"loc":{"start":{"line":25,"column":8},"end":{"line":25,"column":61}},"type":"binary-expr","locations":[{"start":{"line":25,"column":8},"end":{"line":25,"column":35}},{"start":{"line":25,"column":39},"end":{"line":25,"column":61}}],"line":25},"19":{"loc":{"start":{"line":27,"column":9},"end":{"line":30,"column":56}},"type":"if","locations":[{"start":{"line":27,"column":9},"end":{"line":30,"column":56}},{"start":{"line":29,"column":9},"end":{"line":30,"column":56}}],"line":27},"20":{"loc":{"start":{"line":27,"column":13},"end":{"line":27,"column":67}},"type":"binary-expr","locations":[{"start":{"line":27,"column":13},"end":{"line":27,"column":45}},{"start":{"line":27,"column":49},"end":{"line":27,"column":67}}],"line":27},"21":{"loc":{"start":{"line":29,"column":9},"end":{"line":30,"column":56}},"type":"if","locations":[{"start":{"line":29,"column":9},"end":{"line":30,"column":56}},{"start":{},"end":{}}],"line":29},"22":{"loc":{"start":{"line":33,"column":2},"end":{"line":34,"column":60}},"type":"if","locations":[{"start":{"line":33,"column":2},"end":{"line":34,"column":60}},{"start":{},"end":{}}],"line":33},"23":{"loc":{"start":{"line":33,"column":6},"end":{"line":33,"column":69}},"type":"binary-expr","locations":[{"start":{"line":33,"column":6},"end":{"line":33,"column":36}},{"start":{"line":33,"column":40},"end":{"line":33,"column":69}}],"line":33}},"s":{"0":1,"1":15,"2":15,"3":13,"4":1,"5":12,"6":1,"7":11,"8":1,"9":10,"10":1,"11":15,"12":14,"13":0,"14":14,"15":4,"16":10,"17":0,"18":15,"19":11,"20":0,"21":11,"22":0,"23":11,"24":1,"25":15,"26":1,"27":15,"28":1},"f":{"0":15},"b":{"0":[11],"1":[13,2],"2":[15,4],"3":[1,12],"4":[13,12,12],"5":[1,11],"6":[1,10],"7":[1,9],"8":[14,1],"9":[15,4],"10":[0,14],"11":[14,14],"12":[4,10],"13":[14,13],"14":[0,10],"15":[11,4],"16":[15,4],"17":[0,11],"18":[11,11],"19":[0,11],"20":[11,11],"21":[1,10],"22":[1,14],"23":[15,2]},"_coverageSchema":"1a1c01bbd47fc00a2c39e90264f33305004495a9","hash":"78268f79e40b7ef6a0bd3e0c36a5d5e7f0b48e6a"}
}
