TN:
SF:src\app.js
FN:26,(anonymous_0)
FN:28,(anonymous_1)
FN:30,(anonymous_2)
FNF:3
FNH:1
FNDA:0,(anonymous_0)
FNDA:1,(anonymous_1)
FNDA:0,(anonymous_2)
DA:1,1
DA:2,1
DA:3,1
DA:4,1
DA:5,1
DA:6,1
DA:7,1
DA:8,1
DA:9,1
DA:10,1
DA:11,1
DA:13,1
DA:14,1
DA:15,1
DA:18,1
DA:19,1
DA:20,1
DA:21,1
DA:22,1
DA:23,1
DA:24,1
DA:26,1
DA:28,1
DA:30,1
DA:31,0
DA:32,0
DA:35,1
LF:27
LH:25
BRF:0
BRH:0
end_of_record
TN:
SF:src\controllers\activityController.js
FN:4,(anonymous_0)
FNF:1
FNH:1
FNDA:1,(anonymous_0)
DA:1,1
DA:2,1
DA:4,1
DA:5,1
DA:10,1
DA:16,1
LF:6
LH:6
BRDA:7,0,0,1
BRDA:7,0,1,1
BRF:2
BRH:2
end_of_record
TN:
SF:src\controllers\appointmentController.js
FN:4,(anonymous_0)
FN:10,(anonymous_1)
FN:30,(anonymous_2)
FNF:3
FNH:3
FNDA:2,(anonymous_0)
FNDA:4,(anonymous_1)
FNDA:1,(anonymous_2)
DA:1,1
DA:2,1
DA:4,1
DA:5,2
DA:6,2
DA:7,2
DA:10,1
DA:11,4
DA:12,4
DA:14,4
DA:25,4
DA:27,4
DA:30,1
DA:31,1
DA:32,1
DA:33,1
DA:34,1
DA:37,1
LF:18
LH:18
BRDA:6,0,0,2
BRDA:6,0,1,0
BRDA:12,1,0,0
BRDA:12,1,1,4
BRDA:25,2,0,0
BRDA:25,2,1,4
BRDA:33,3,0,0
BRDA:33,3,1,1
BRF:8
BRH:4
end_of_record
TN:
SF:src\controllers\authController.js
FN:3,(anonymous_0)
FN:26,(anonymous_1)
FNF:2
FNH:2
FNDA:2,(anonymous_0)
FNDA:1,(anonymous_1)
DA:1,1
DA:3,1
DA:4,2
DA:5,2
DA:7,2
DA:8,0
DA:11,2
DA:12,2
DA:13,0
DA:16,2
DA:22,2
DA:23,2
DA:26,1
DA:27,1
DA:28,1
DA:29,1
DA:30,1
DA:32,1
DA:33,0
DA:36,1
DA:37,1
DA:38,0
DA:41,1
DA:42,1
DA:47,1
DA:50,1
LF:26
LH:22
BRDA:4,0,0,2
BRDA:4,0,1,0
BRDA:5,1,0,2
BRDA:5,1,1,0
BRDA:7,2,0,0
BRDA:7,2,1,2
BRDA:7,3,0,2
BRDA:7,3,1,2
BRDA:12,4,0,0
BRDA:12,4,1,2
BRDA:12,5,0,2
BRDA:12,5,1,2
BRDA:19,6,0,2
BRDA:19,6,1,0
BRDA:27,7,0,1
BRDA:27,7,1,0
BRDA:28,8,0,1
BRDA:28,8,1,0
BRDA:29,9,0,1
BRDA:29,9,1,0
BRDA:30,10,0,1
BRDA:30,10,1,0
BRDA:32,11,0,0
BRDA:32,11,1,1
BRDA:32,12,0,1
BRDA:32,12,1,1
BRDA:32,12,2,1
BRDA:37,13,0,0
BRDA:37,13,1,1
BRDA:45,14,0,1
BRDA:45,14,1,0
BRF:31
BRH:19
end_of_record
TN:
SF:src\controllers\chatController.js
FN:3,(anonymous_0)
FNF:1
FNH:0
FNDA:0,(anonymous_0)
DA:1,1
DA:3,1
DA:4,0
DA:5,0
DA:6,0
DA:9,1
LF:6
LH:3
BRDA:4,0,0,0
BRDA:4,0,1,0
BRF:2
BRH:0
end_of_record
TN:
SF:src\controllers\clientController.js
FN:4,(anonymous_0)
FN:16,(anonymous_1)
FN:26,(anonymous_2)
FN:43,(anonymous_3)
FN:70,(anonymous_4)
FNF:5
FNH:5
FNDA:2,(anonymous_0)
FNDA:1,(anonymous_1)
FNDA:5,(anonymous_2)
FNDA:1,(anonymous_3)
FNDA:1,(anonymous_4)
DA:1,1
DA:2,1
DA:4,1
DA:5,2
DA:6,2
DA:7,2
DA:9,2
DA:10,2
DA:11,2
DA:13,2
DA:16,1
DA:17,1
DA:18,1
DA:20,1
DA:21,1
DA:23,0
DA:26,1
DA:27,5
DA:28,5
DA:30,5
DA:31,5
DA:32,5
DA:34,4
DA:40,4
DA:43,1
DA:44,1
DA:45,1
DA:47,1
DA:48,1
DA:50,1
DA:51,1
DA:53,1
DA:54,0
DA:55,0
DA:56,0
DA:57,0
DA:61,1
DA:67,1
DA:70,1
DA:71,1
DA:72,1
DA:74,1
DA:75,1
DA:77,1
DA:80,1
LF:45
LH:40
BRDA:5,0,0,2
BRDA:5,0,1,2
BRDA:6,1,0,2
BRDA:6,1,1,2
BRDA:7,2,0,2
BRDA:7,2,1,1
BRDA:18,3,0,0
BRDA:18,3,1,1
BRDA:21,4,0,1
BRDA:21,4,1,0
BRDA:28,5,0,0
BRDA:28,5,1,5
BRDA:32,6,0,1
BRDA:32,6,1,4
BRDA:37,7,0,1
BRDA:37,7,1,3
BRDA:45,8,0,0
BRDA:45,8,1,1
BRDA:48,9,0,0
BRDA:48,9,1,1
BRDA:51,10,0,0
BRDA:51,10,1,1
BRDA:53,11,0,0
BRDA:53,11,1,1
BRDA:56,12,0,0
BRDA:56,12,1,0
BRDA:56,13,0,0
BRDA:56,13,1,0
BRDA:62,14,0,1
BRDA:62,14,1,0
BRDA:63,15,0,1
BRDA:63,15,1,0
BRDA:64,16,0,1
BRDA:64,16,1,1
BRDA:64,17,0,1
BRDA:64,17,1,0
BRDA:72,18,0,0
BRDA:72,18,1,1
BRDA:75,19,0,0
BRDA:75,19,1,1
BRF:40
BRH:24
end_of_record
TN:
SF:src\controllers\securityController.js
FN:3,(anonymous_0)
FN:8,(anonymous_1)
FNF:2
FNH:0
FNDA:0,(anonymous_0)
FNDA:0,(anonymous_1)
DA:1,1
DA:3,1
DA:4,0
DA:5,0
DA:8,1
DA:9,0
DA:12,1
LF:7
LH:4
BRDA:4,0,0,0
BRDA:4,0,1,0
BRF:2
BRH:0
end_of_record
TN:
SF:src\controllers\serviceController.js
FN:6,(anonymous_0)
FN:22,(anonymous_1)
FN:33,(anonymous_2)
FN:52,(anonymous_3)
FN:87,(anonymous_4)
FN:98,(anonymous_5)
FN:104,(anonymous_6)
FN:105,(anonymous_7)
FN:106,(anonymous_8)
FN:107,(anonymous_9)
FN:110,(anonymous_10)
FN:111,(anonymous_11)
FN:112,(anonymous_12)
FN:116,(anonymous_13)
FN:117,(anonymous_14)
FN:118,(anonymous_15)
FN:126,(anonymous_16)
FN:134,(anonymous_17)
FN:142,(anonymous_18)
FNF:19
FNH:18
FNDA:4,(anonymous_0)
FNDA:4,(anonymous_1)
FNDA:11,(anonymous_2)
FNDA:5,(anonymous_3)
FNDA:3,(anonymous_4)
FNDA:4,(anonymous_5)
FNDA:24,(anonymous_6)
FNDA:24,(anonymous_7)
FNDA:24,(anonymous_8)
FNDA:24,(anonymous_9)
FNDA:24,(anonymous_10)
FNDA:24,(anonymous_11)
FNDA:24,(anonymous_12)
FNDA:24,(anonymous_13)
FNDA:24,(anonymous_14)
FNDA:24,(anonymous_15)
FNDA:0,(anonymous_16)
FNDA:1,(anonymous_17)
FNDA:1,(anonymous_18)
DA:1,1
DA:2,1
DA:3,1
DA:6,1
DA:7,4
DA:8,4
DA:9,4
DA:11,4
DA:12,4
DA:13,4
DA:15,4
DA:22,1
DA:23,4
DA:24,4
DA:26,3
DA:27,3
DA:29,1
DA:33,1
DA:34,11
DA:35,11
DA:38,2
DA:39,2
DA:41,1
DA:48,1
DA:52,1
DA:53,5
DA:54,5
DA:56,5
DA:57,5
DA:59,4
DA:60,4
DA:63,3
DA:64,2
DA:65,2
DA:66,1
DA:73,1
DA:76,1
DA:83,1
DA:87,1
DA:88,3
DA:89,3
DA:91,2
DA:92,2
DA:94,1
DA:98,1
DA:99,4
DA:100,4
DA:102,4
DA:104,24
DA:105,24
DA:106,24
DA:107,24
DA:109,3
DA:110,24
DA:111,24
DA:112,24
DA:115,3
DA:116,24
DA:117,24
DA:118,24
DA:121,3
DA:126,1
DA:127,0
DA:128,0
DA:129,0
DA:134,1
DA:135,1
DA:136,1
DA:137,1
DA:142,1
DA:143,1
DA:144,1
DA:145,1
DA:146,1
DA:147,0
DA:150,1
DA:151,1
DA:152,0
DA:154,1
DA:157,1
LF:80
LH:75
BRDA:7,0,0,4
BRDA:7,0,1,3
BRDA:8,1,0,4
BRDA:8,1,1,3
BRDA:9,2,0,4
BRDA:9,2,1,3
BRDA:24,3,0,1
BRDA:24,3,1,3
BRDA:27,4,0,2
BRDA:27,4,1,1
BRDA:35,5,0,9
BRDA:35,5,1,2
BRDA:39,6,0,1
BRDA:39,6,1,1
BRDA:45,7,0,1
BRDA:45,7,1,0
BRDA:54,8,0,0
BRDA:54,8,1,5
BRDA:57,9,0,1
BRDA:57,9,1,4
BRDA:60,10,0,1
BRDA:60,10,1,3
BRDA:63,11,0,2
BRDA:63,11,1,1
BRDA:65,12,0,1
BRDA:65,12,1,1
BRDA:65,13,0,2
BRDA:65,13,1,2
BRDA:67,14,0,1
BRDA:67,14,1,1
BRDA:68,15,0,1
BRDA:68,15,1,1
BRDA:69,16,0,1
BRDA:69,16,1,0
BRDA:70,17,0,1
BRDA:70,17,1,0
BRDA:73,18,0,1
BRDA:73,18,1,0
BRDA:77,19,0,1
BRDA:77,19,1,0
BRDA:78,20,0,1
BRDA:78,20,1,1
BRDA:79,21,0,1
BRDA:79,21,1,0
BRDA:80,22,0,1
BRDA:80,22,1,0
BRDA:89,23,0,1
BRDA:89,23,1,2
BRDA:92,24,0,1
BRDA:92,24,1,1
BRDA:102,25,0,1
BRDA:102,25,1,3
BRDA:111,26,0,24
BRDA:111,26,1,12
BRDA:117,27,0,24
BRDA:117,27,1,21
BRDA:146,28,0,0
BRDA:146,28,1,1
BRDA:151,29,0,0
BRDA:151,29,1,1
BRF:60
BRH:50
end_of_record
TN:
SF:src\data\appointmentStore.js
FN:4,(anonymous_0)
FN:13,(anonymous_1)
FN:32,(anonymous_2)
FN:37,(anonymous_3)
FN:40,(anonymous_4)
FN:51,(anonymous_5)
FN:59,(anonymous_6)
FN:61,(anonymous_7)
FN:87,(anonymous_8)
FN:92,(anonymous_9)
FNF:10
FNH:8
FNDA:6,(anonymous_0)
FNDA:6,(anonymous_1)
FNDA:0,(anonymous_2)
FNDA:5,(anonymous_3)
FNDA:2,(anonymous_4)
FNDA:0,(anonymous_5)
FNDA:1,(anonymous_6)
FNDA:4,(anonymous_7)
FNDA:1,(anonymous_8)
FNDA:1,(anonymous_9)
DA:1,1
DA:2,1
DA:4,1
DA:5,6
DA:6,6
DA:7,6
DA:8,6
DA:10,6
DA:13,1
DA:14,6
DA:15,6
DA:24,1
DA:32,1
DA:33,0
DA:34,0
DA:37,1
DA:38,5
DA:40,1
DA:41,2
DA:48,2
DA:51,1
DA:52,0
DA:56,0
DA:59,1
DA:61,1
DA:62,4
DA:63,4
DA:66,4
DA:73,4
DA:75,4
DA:84,4
DA:87,1
DA:88,1
DA:89,1
DA:92,1
DA:93,1
DA:94,1
DA:95,1
DA:96,1
DA:99,1
LF:40
LH:36
BRDA:5,0,0,0
BRDA:5,0,1,6
BRDA:7,1,0,6
BRDA:7,1,1,0
BRDA:7,2,0,6
BRDA:7,2,1,6
BRDA:14,3,0,0
BRDA:14,3,1,6
BRDA:17,4,0,6
BRDA:17,4,1,0
BRDA:18,5,0,6
BRDA:18,5,1,0
BRDA:19,6,0,6
BRDA:19,6,1,0
BRDA:63,7,0,0
BRDA:63,7,1,4
BRDA:66,8,0,0
BRDA:66,8,1,4
BRDA:73,9,0,0
BRDA:73,9,1,4
BRDA:80,10,0,4
BRDA:80,10,1,4
BRDA:94,11,0,0
BRDA:94,11,1,1
BRF:24
BRH:14
end_of_record
TN:
SF:src\data\chatStore.js
FN:8,(anonymous_0)
FN:17,(anonymous_1)
FN:28,(anonymous_2)
FN:33,(anonymous_3)
FN:38,(anonymous_4)
FN:58,(anonymous_5)
FNF:6
FNH:0
FNDA:0,(anonymous_0)
FNDA:0,(anonymous_1)
FNDA:0,(anonymous_2)
FNDA:0,(anonymous_3)
FNDA:0,(anonymous_4)
FNDA:0,(anonymous_5)
DA:1,1
DA:2,1
DA:5,1
DA:8,1
DA:9,0
DA:10,0
DA:11,0
DA:13,0
DA:17,1
DA:18,0
DA:19,0
DA:20,0
DA:21,0
DA:22,0
DA:24,0
DA:28,1
DA:29,0
DA:30,0
DA:33,1
DA:34,0
DA:35,0
DA:38,1
DA:39,0
DA:40,0
DA:41,0
DA:43,0
DA:53,0
DA:54,0
DA:55,0
DA:58,1
DA:59,0
DA:62,1
LF:32
LH:10
BRDA:5,0,0,1
BRDA:5,0,1,1
BRDA:22,1,0,0
BRDA:22,1,1,0
BRDA:33,2,0,0
BRDA:40,3,0,0
BRDA:40,3,1,0
BRDA:41,4,0,0
BRDA:41,4,1,0
BRDA:45,5,0,0
BRDA:45,5,1,0
BRDA:46,6,0,0
BRDA:46,6,1,0
BRDA:47,7,0,0
BRDA:47,7,1,0
BRDA:48,8,0,0
BRDA:48,8,1,0
BRF:17
BRH:2
end_of_record
TN:
SF:src\data\clientStore.js
FN:4,(anonymous_0)
FN:6,(anonymous_1)
FN:30,(anonymous_2)
FN:43,(anonymous_3)
FN:45,(anonymous_4)
FN:48,(anonymous_5)
FN:50,(anonymous_6)
FN:61,(anonymous_7)
FN:68,(anonymous_8)
FNF:9
FNH:9
FNDA:18,(anonymous_0)
FNDA:2,(anonymous_1)
FNDA:2,(anonymous_2)
FNDA:2,(anonymous_3)
FNDA:5,(anonymous_4)
FNDA:4,(anonymous_5)
FNDA:4,(anonymous_6)
FNDA:1,(anonymous_7)
FNDA:1,(anonymous_8)
DA:1,1
DA:2,1
DA:4,18
DA:6,1
DA:7,2
DA:16,2
DA:21,2
DA:22,2
DA:23,2
DA:26,2
DA:27,2
DA:30,1
DA:31,2
DA:40,2
DA:43,2
DA:45,1
DA:46,5
DA:48,4
DA:50,1
DA:51,4
DA:58,4
DA:61,1
DA:62,1
DA:63,1
DA:64,1
DA:65,1
DA:68,1
DA:69,1
DA:70,1
DA:73,1
LF:30
LH:30
BRDA:4,0,0,13
BRDA:4,0,1,5
BRDA:6,1,0,0
BRDA:6,2,0,0
BRDA:7,3,0,1
BRDA:7,3,1,1
BRDA:21,4,0,2
BRDA:21,4,1,0
BRDA:21,5,0,2
BRDA:21,5,1,2
BRDA:30,6,0,0
BRDA:30,7,0,0
BRDA:31,8,0,1
BRDA:31,8,1,1
BRDA:54,9,0,4
BRDA:54,9,1,4
BRDA:55,10,0,4
BRDA:55,10,1,4
BRDA:63,11,0,0
BRDA:63,11,1,1
BRF:20
BRH:14
end_of_record
TN:
SF:src\data\store.js
FN:4,(anonymous_0)
FN:6,(anonymous_1)
FN:29,(anonymous_2)
FN:41,(anonymous_3)
FN:43,(anonymous_4)
FN:54,(anonymous_5)
FN:56,(anonymous_6)
FN:63,(anonymous_7)
FN:68,(anonymous_8)
FNF:9
FNH:9
FNDA:50,(anonymous_0)
FNDA:8,(anonymous_1)
FNDA:4,(anonymous_2)
FNDA:8,(anonymous_3)
FNDA:4,(anonymous_4)
FNDA:1,(anonymous_5)
FNDA:2,(anonymous_6)
FNDA:2,(anonymous_7)
FNDA:44,(anonymous_8)
DA:1,1
DA:2,1
DA:4,50
DA:6,1
DA:7,8
DA:15,8
DA:20,8
DA:21,4
DA:22,4
DA:25,8
DA:26,8
DA:29,1
DA:30,4
DA:38,4
DA:41,8
DA:43,1
DA:44,4
DA:54,1
DA:56,1
DA:57,2
DA:58,2
DA:59,2
DA:60,2
DA:63,1
DA:64,2
DA:65,2
DA:68,1
DA:69,44
DA:72,1
LF:29
LH:29
BRDA:4,0,0,46
BRDA:4,0,1,4
BRDA:6,1,0,4
BRDA:6,2,0,4
BRDA:7,3,0,1
BRDA:7,3,1,7
BRDA:20,4,0,4
BRDA:20,4,1,4
BRDA:20,5,0,8
BRDA:20,5,1,4
BRDA:29,6,0,0
BRDA:29,7,0,0
BRDA:30,8,0,1
BRDA:30,8,1,3
BRDA:58,9,0,0
BRDA:58,9,1,2
BRF:16
BRH:13
end_of_record
TN:
SF:src\data\userStore.js
FN:3,(anonymous_0)
FN:5,(anonymous_1)
FN:9,(anonymous_2)
FN:9,(anonymous_3)
FN:20,(anonymous_4)
FN:26,(anonymous_5)
FN:43,(anonymous_6)
FN:45,(anonymous_7)
FNF:8
FNH:8
FNDA:4,(anonymous_0)
FNDA:5,(anonymous_1)
FNDA:4,(anonymous_2)
FNDA:27,(anonymous_3)
FNDA:2,(anonymous_4)
FNDA:4,(anonymous_5)
FNDA:2,(anonymous_6)
FNDA:1,(anonymous_7)
DA:1,1
DA:3,4
DA:5,1
DA:6,5
DA:7,4
DA:8,4
DA:9,27
DA:11,4
DA:20,1
DA:21,2
DA:22,1
DA:23,1
DA:26,1
DA:27,4
DA:43,2
DA:45,1
DA:46,1
DA:47,1
DA:55,1
DA:56,1
DA:58,1
DA:61,1
LF:22
LH:22
BRDA:3,0,0,3
BRDA:3,0,1,1
BRDA:6,1,0,1
BRDA:6,1,1,4
BRDA:7,2,0,4
BRDA:7,2,1,0
BRDA:8,3,0,4
BRDA:8,3,1,0
BRDA:8,3,2,0
BRDA:9,4,0,4
BRDA:9,4,1,0
BRDA:16,5,0,3
BRDA:16,5,1,1
BRDA:21,6,0,1
BRDA:21,6,1,1
BRDA:56,7,0,1
BRDA:56,7,1,0
BRF:17
BRH:12
end_of_record
TN:
SF:src\db\sequelize.js
FNF:0
FNH:0
DA:1,2
DA:2,2
DA:3,2
DA:6,2
DA:11,2
DA:12,0
DA:15,2
DA:21,2
LF:8
LH:7
BRDA:6,0,0,2
BRDA:6,0,1,2
BRDA:7,1,0,2
BRDA:7,1,1,0
BRDA:11,2,0,0
BRDA:11,2,1,2
BRF:6
BRH:4
end_of_record
TN:
SF:src\models\ActionLog.js
FNF:0
FNH:0
DA:1,2
DA:2,2
DA:4,2
DA:63,2
LF:4
LH:4
BRF:0
BRH:0
end_of_record
TN:
SF:src\models\Appointment.js
FNF:0
FNH:0
DA:1,2
DA:2,2
DA:4,2
DA:47,2
LF:4
LH:4
BRF:0
BRH:0
end_of_record
TN:
SF:src\models\Client.js
FNF:0
FNH:0
DA:1,2
DA:2,2
DA:4,2
DA:33,2
LF:4
LH:4
BRF:0
BRH:0
end_of_record
TN:
SF:src\models\ObservationList.js
FNF:0
FNH:0
DA:1,2
DA:2,2
DA:4,2
DA:61,2
LF:4
LH:4
BRF:0
BRH:0
end_of_record
TN:
SF:src\models\Permission.js
FNF:0
FNH:0
DA:1,2
DA:2,2
DA:4,2
DA:29,2
LF:4
LH:4
BRF:0
BRH:0
end_of_record
TN:
SF:src\models\Role.js
FNF:0
FNH:0
DA:1,2
DA:2,2
DA:4,2
DA:29,2
LF:4
LH:4
BRF:0
BRH:0
end_of_record
TN:
SF:src\models\Service.js
FNF:0
FNH:0
DA:1,2
DA:2,2
DA:4,2
DA:38,2
LF:4
LH:4
BRF:0
BRH:0
end_of_record
TN:
SF:src\models\User.js
FNF:0
FNH:0
DA:1,2
DA:2,2
DA:4,2
DA:43,2
LF:4
LH:4
BRF:0
BRH:0
end_of_record
TN:
SF:src\models\index.js
FN:161,(anonymous_0)
FN:165,(anonymous_1)
FN:202,(anonymous_2)
FN:204,(anonymous_3)
FN:207,(anonymous_4)
FN:216,(anonymous_5)
FNF:6
FNH:6
FNDA:24,(anonymous_0)
FNDA:52,(anonymous_1)
FNDA:624,(anonymous_2)
FNDA:624,(anonymous_3)
FNDA:260,(anonymous_4)
FNDA:52,(anonymous_5)
DA:1,2
DA:2,2
DA:3,2
DA:4,2
DA:5,2
DA:6,2
DA:7,2
DA:8,2
DA:9,2
DA:11,2
DA:17,2
DA:22,2
DA:28,2
DA:33,2
DA:39,2
DA:44,2
DA:50,2
DA:55,2
DA:61,2
DA:66,2
DA:73,2
DA:80,2
DA:87,2
DA:94,2
DA:105,2
DA:117,2
DA:121,2
DA:140,2
DA:145,2
DA:160,2
DA:161,24
DA:165,2
DA:166,52
DA:167,52
DA:168,52
DA:171,52
DA:172,52
DA:173,52
DA:176,52
DA:177,52
DA:178,52
DA:181,52
DA:182,52
DA:183,52
DA:186,52
DA:187,52
DA:188,52
DA:191,52
DA:199,52
DA:200,52
DA:202,624
DA:203,52
DA:204,624
DA:206,52
DA:207,260
DA:210,52
DA:211,52
DA:212,52
DA:216,2
DA:217,52
DA:218,52
DA:219,52
DA:223,2
LF:63
LH:63
BRDA:167,0,0,52
BRDA:167,0,1,0
BRDA:172,1,0,52
BRDA:172,1,1,0
BRDA:177,2,0,52
BRDA:177,2,1,0
BRDA:182,3,0,52
BRDA:182,3,1,0
BRDA:187,4,0,52
BRDA:187,4,1,0
BRDA:199,5,0,52
BRDA:199,5,1,0
BRDA:199,6,0,52
BRDA:199,6,1,52
BRDA:200,7,0,52
BRDA:200,7,1,0
BRDA:200,8,0,52
BRDA:200,8,1,52
BRDA:203,9,0,52
BRDA:203,9,1,0
BRDA:206,10,0,52
BRDA:206,10,1,0
BRDA:211,11,0,52
BRDA:211,11,1,0
BRDA:216,12,0,0
BRDA:216,13,0,0
BRDA:216,14,0,52
BRDA:218,15,0,52
BRDA:218,15,1,0
BRF:29
BRH:16
end_of_record
TN:
SF:src\nosql\ActivityLog.js
FNF:0
FNH:0
DA:1,2
DA:3,2
DA:25,2
LF:3
LH:3
BRDA:26,0,0,2
BRDA:26,0,1,2
BRF:2
BRH:2
end_of_record
TN:
SF:src\nosql\activityLogger.js
FN:4,(anonymous_0)
FN:13,(anonymous_1)
FN:34,(anonymous_2)
FNF:3
FNH:2
FNDA:0,(anonymous_0)
FNDA:59,(anonymous_1)
FNDA:1,(anonymous_2)
DA:1,2
DA:2,2
DA:4,2
DA:5,0
DA:6,0
DA:7,0
DA:9,0
DA:13,2
DA:14,59
DA:16,0
DA:17,0
DA:29,0
DA:30,0
DA:34,2
DA:35,1
DA:37,0
DA:45,2
LF:17
LH:8
BRDA:5,0,0,0
BRDA:5,0,1,0
BRDA:5,1,0,0
BRDA:5,1,1,0
BRDA:5,2,0,0
BRDA:5,2,1,0
BRDA:14,3,0,59
BRDA:14,3,1,0
BRDA:34,4,0,0
BRDA:34,5,0,0
BRDA:35,6,0,1
BRDA:35,6,1,0
BRDA:38,7,0,0
BRDA:38,7,1,0
BRF:14
BRH:2
end_of_record
TN:
SF:src\nosql\mongo.js
FN:5,(anonymous_0)
FN:15,(anonymous_1)
FNF:2
FNH:1
FNDA:0,(anonymous_0)
FNDA:61,(anonymous_1)
DA:1,2
DA:3,2
DA:5,2
DA:6,0
DA:8,0
DA:12,0
DA:15,61
DA:17,2
LF:8
LH:5
BRDA:3,0,0,2
BRDA:3,0,1,2
BRDA:6,1,0,0
BRDA:6,1,1,0
BRF:4
BRH:2
end_of_record
TN:
SF:src\routes\activityRoutes.js
FNF:0
FNH:0
DA:1,1
DA:2,1
DA:3,1
DA:5,1
DA:7,1
LF:5
LH:5
BRF:0
BRH:0
end_of_record
TN:
SF:src\routes\appointmentRoutes.js
FNF:0
FNH:0
DA:1,1
DA:2,1
DA:3,1
DA:5,1
DA:6,1
DA:7,1
DA:9,1
LF:7
LH:7
BRF:0
BRH:0
end_of_record
TN:
SF:src\routes\authRoutes.js
FNF:0
FNH:0
DA:1,1
DA:2,1
DA:3,1
DA:5,1
DA:6,1
DA:8,1
LF:6
LH:6
BRF:0
BRH:0
end_of_record
TN:
SF:src\routes\chatRoutes.js
FNF:0
FNH:0
DA:1,1
DA:2,1
DA:3,1
DA:5,1
DA:7,1
LF:5
LH:5
BRF:0
BRH:0
end_of_record
TN:
SF:src\routes\clientRoutes.js
FNF:0
FNH:0
DA:1,1
DA:2,1
DA:3,1
DA:5,1
DA:6,1
DA:7,1
DA:8,1
DA:9,1
DA:11,1
LF:9
LH:9
BRF:0
BRH:0
end_of_record
TN:
SF:src\routes\securityRoutes.js
FNF:0
FNH:0
DA:1,1
DA:2,1
DA:3,1
DA:5,1
DA:6,1
DA:8,1
LF:6
LH:6
BRF:0
BRH:0
end_of_record
TN:
SF:src\routes\serviceRoutes.js
FNF:0
FNH:0
DA:1,1
DA:2,1
DA:3,1
DA:4,1
DA:6,1
DA:7,1
DA:8,1
DA:9,1
DA:10,1
DA:11,1
DA:13,1
DA:14,1
DA:15,1
DA:17,1
LF:14
LH:14
BRF:0
BRH:0
end_of_record
TN:
SF:src\services\securityService.js
FN:10,(anonymous_0)
FN:16,(anonymous_1)
FN:22,(anonymous_2)
FN:41,(anonymous_3)
FN:53,(anonymous_4)
FN:81,(anonymous_5)
FN:94,(anonymous_6)
FN:154,(anonymous_7)
FN:173,(anonymous_8)
FN:201,(anonymous_9)
FN:204,(anonymous_10)
FN:205,(anonymous_11)
FN:213,(anonymous_12)
FN:217,(anonymous_13)
FN:217,(anonymous_14)
FN:219,(anonymous_15)
FN:222,(anonymous_16)
FN:222,(anonymous_17)
FNF:18
FNH:12
FNDA:1,(anonymous_0)
FNDA:55,(anonymous_1)
FNDA:55,(anonymous_2)
FNDA:55,(anonymous_3)
FNDA:1,(anonymous_4)
FNDA:90,(anonymous_5)
FNDA:59,(anonymous_6)
FNDA:55,(anonymous_7)
FNDA:4,(anonymous_8)
FNDA:55,(anonymous_9)
FNDA:55,(anonymous_10)
FNDA:21,(anonymous_11)
FNDA:0,(anonymous_12)
FNDA:0,(anonymous_13)
FNDA:0,(anonymous_14)
FNDA:0,(anonymous_15)
FNDA:0,(anonymous_16)
FNDA:0,(anonymous_17)
DA:1,2
DA:2,2
DA:3,2
DA:5,2
DA:10,2
DA:11,1
DA:12,1
DA:13,0
DA:16,55
DA:22,2
DA:23,55
DA:24,55
DA:25,53
DA:26,52
DA:27,52
DA:28,52
DA:30,52
DA:31,52
DA:38,52
DA:41,2
DA:42,55
DA:43,55
DA:53,2
DA:54,1
DA:55,1
DA:57,1
DA:58,0
DA:67,0
DA:70,1
DA:81,2
DA:82,90
DA:94,2
DA:95,59
DA:96,59
DA:97,59
DA:99,59
DA:100,3
DA:105,3
DA:106,1
DA:114,59
DA:115,6
DA:120,6
DA:121,0
DA:129,59
DA:130,24
DA:135,22
DA:136,0
DA:144,57
DA:145,38
DA:146,0
DA:154,2
DA:155,55
DA:156,55
DA:168,55
DA:169,55
DA:170,34
DA:173,2
DA:184,4
DA:196,4
DA:197,4
DA:198,4
DA:201,2
DA:202,55
DA:204,55
DA:205,55
DA:206,21
DA:210,55
DA:213,2
DA:214,0
DA:217,0
DA:219,2
DA:220,0
DA:222,0
DA:224,2
LF:74
LH:64
BRDA:11,0,0,0
BRDA:11,0,1,1
BRDA:12,1,0,1
BRDA:12,1,1,0
BRDA:13,2,0,0
BRDA:13,2,1,0
BRDA:17,3,0,55
BRDA:17,3,1,52
BRDA:17,4,0,0
BRDA:17,4,1,52
BRDA:18,5,0,55
BRDA:18,5,1,52
BRDA:18,5,2,52
BRDA:18,5,3,47
BRDA:18,5,4,43
BRDA:18,5,5,41
BRDA:19,6,0,55
BRDA:19,6,1,52
BRDA:19,6,2,52
BRDA:19,6,3,52
BRDA:24,7,0,2
BRDA:24,7,1,53
BRDA:25,8,0,1
BRDA:25,8,1,52
BRDA:26,9,0,0
BRDA:26,9,1,52
BRDA:27,10,0,0
BRDA:27,10,1,52
BRDA:28,11,0,0
BRDA:28,11,1,52
BRDA:30,12,0,52
BRDA:30,12,1,0
BRDA:38,13,0,52
BRDA:38,13,1,0
BRDA:42,14,0,30
BRDA:42,14,1,25
BRDA:42,15,0,55
BRDA:42,15,1,30
BRDA:47,16,0,55
BRDA:47,16,1,0
BRDA:48,17,0,55
BRDA:48,17,1,0
BRDA:57,18,0,0
BRDA:57,18,1,1
BRDA:81,19,0,57
BRDA:86,20,0,5
BRDA:86,20,1,85
BRDA:87,21,0,26
BRDA:87,21,1,64
BRDA:88,22,0,64
BRDA:88,22,1,26
BRDA:88,23,0,90
BRDA:88,23,1,85
BRDA:88,23,2,64
BRDA:99,24,0,3
BRDA:99,24,1,56
BRDA:99,25,0,59
BRDA:99,25,1,5
BRDA:105,26,0,1
BRDA:105,26,1,2
BRDA:114,27,0,6
BRDA:114,27,1,53
BRDA:120,28,0,0
BRDA:120,28,1,6
BRDA:129,29,0,24
BRDA:129,29,1,35
BRDA:135,30,0,0
BRDA:135,30,1,22
BRDA:145,31,0,0
BRDA:145,31,1,38
BRDA:154,32,0,55
BRDA:157,33,0,0
BRDA:157,33,1,55
BRDA:158,34,0,0
BRDA:158,34,1,55
BRDA:159,35,0,55
BRDA:159,35,1,55
BRDA:160,36,0,55
BRDA:160,36,1,55
BRDA:161,37,0,55
BRDA:161,37,1,55
BRDA:164,38,0,55
BRDA:164,38,1,55
BRDA:174,39,0,3
BRDA:175,40,0,0
BRDA:176,41,0,0
BRDA:179,42,0,0
BRDA:180,43,0,0
BRDA:181,44,0,0
BRDA:182,45,0,4
BRDA:189,46,0,4
BRDA:189,46,1,0
BRDA:189,47,0,0
BRDA:189,47,1,0
BRDA:202,48,0,0
BRDA:202,48,1,55
BRDA:213,49,0,0
BRDA:213,50,0,0
BRF:98
BRH:69
end_of_record
TN:
SF:src\validators\appointmentValidator.js
FN:1,(anonymous_0)
FNF:1
FNH:1
FNDA:4,(anonymous_0)
DA:1,1
DA:2,4
DA:3,4
DA:4,4
DA:5,4
DA:6,4
DA:7,4
DA:8,0
DA:11,4
DA:12,0
DA:15,4
DA:18,1
LF:12
LH:10
BRDA:3,0,0,0
BRDA:3,0,1,4
BRDA:4,1,0,0
BRDA:4,1,1,4
BRDA:5,2,0,0
BRDA:5,2,1,4
BRDA:6,3,0,0
BRDA:6,3,1,4
BRDA:6,4,0,4
BRDA:6,4,1,4
BRDA:7,5,0,0
BRDA:7,5,1,4
BRDA:7,6,0,4
BRDA:7,6,1,4
BRDA:11,7,0,0
BRDA:11,7,1,4
BRDA:11,8,0,4
BRDA:11,8,1,4
BRF:18
BRH:12
end_of_record
TN:
SF:src\validators\clientValidator.js
FN:1,(anonymous_0)
FNF:1
FNH:1
FNDA:6,(anonymous_0)
DA:1,1
DA:2,6
DA:4,6
DA:5,5
DA:6,0
DA:7,5
DA:8,0
DA:12,6
DA:13,5
DA:14,0
DA:15,5
DA:16,0
DA:20,6
DA:21,0
DA:24,6
DA:27,1
LF:16
LH:11
BRDA:1,0,0,5
BRDA:4,1,0,5
BRDA:4,1,1,1
BRDA:4,2,0,6
BRDA:4,2,1,1
BRDA:5,3,0,0
BRDA:5,3,1,5
BRDA:5,4,0,5
BRDA:5,4,1,5
BRDA:5,4,2,5
BRDA:7,5,0,0
BRDA:7,5,1,5
BRDA:12,6,0,5
BRDA:12,6,1,1
BRDA:12,7,0,6
BRDA:12,7,1,1
BRDA:13,8,0,0
BRDA:13,8,1,5
BRDA:13,9,0,5
BRDA:13,9,1,5
BRDA:15,10,0,0
BRDA:15,10,1,5
BRDA:20,11,0,0
BRDA:20,11,1,6
BRDA:20,12,0,6
BRDA:20,12,1,2
BRDA:20,12,2,2
BRF:27
BRH:22
end_of_record
TN:
SF:src\validators\serviceValidator.js
FN:1,(anonymous_0)
FNF:1
FNH:1
FNDA:15,(anonymous_0)
DA:1,1
DA:2,15
DA:4,15
DA:5,13
DA:6,1
DA:7,12
DA:8,1
DA:9,11
DA:10,1
DA:11,10
DA:12,1
DA:15,15
DA:16,14
DA:17,0
DA:18,14
DA:19,4
DA:20,10
DA:21,0
DA:24,15
DA:25,11
DA:26,0
DA:27,11
DA:28,0
DA:29,11
DA:30,1
DA:33,15
DA:34,1
DA:36,15
DA:39,1
LF:29
LH:25
BRDA:1,0,0,11
BRDA:4,1,0,13
BRDA:4,1,1,2
BRDA:4,2,0,15
BRDA:4,2,1,4
BRDA:5,3,0,1
BRDA:5,3,1,12
BRDA:5,4,0,13
BRDA:5,4,1,12
BRDA:5,4,2,12
BRDA:7,5,0,1
BRDA:7,5,1,11
BRDA:9,6,0,1
BRDA:9,6,1,10
BRDA:11,7,0,1
BRDA:11,7,1,9
BRDA:15,8,0,14
BRDA:15,8,1,1
BRDA:15,9,0,15
BRDA:15,9,1,4
BRDA:16,10,0,0
BRDA:16,10,1,14
BRDA:16,11,0,14
BRDA:16,11,1,14
BRDA:18,12,0,4
BRDA:18,12,1,10
BRDA:18,13,0,14
BRDA:18,13,1,13
BRDA:20,14,0,0
BRDA:20,14,1,10
BRDA:24,15,0,11
BRDA:24,15,1,4
BRDA:24,16,0,15
BRDA:24,16,1,4
BRDA:25,17,0,0
BRDA:25,17,1,11
BRDA:25,18,0,11
BRDA:25,18,1,11
BRDA:27,19,0,0
BRDA:27,19,1,11
BRDA:27,20,0,11
BRDA:27,20,1,11
BRDA:29,21,0,1
BRDA:29,21,1,10
BRDA:33,22,0,1
BRDA:33,22,1,14
BRDA:33,23,0,15
BRDA:33,23,1,2
BRF:48
BRH:44
end_of_record
