TN:
SF:src\app.js
FN:13,(anonymous_0)
FN:16,(anonymous_1)
FN:18,(anonymous_2)
FNF:3
FNH:1
FNDA:0,(anonymous_0)
FNDA:1,(anonymous_1)
FNDA:0,(anonymous_2)
DA:1,1
DA:2,1
DA:3,1
DA:5,1
DA:7,1
DA:8,1
DA:10,1
DA:13,1
DA:16,1
DA:18,1
DA:19,0
DA:20,0
DA:23,1
LF:13
LH:11
BRF:0
BRH:0
end_of_record
TN:
SF:src\controllers\serviceController.js
FN:5,(anonymous_0)
FN:14,(anonymous_1)
FN:32,(anonymous_2)
FN:43,(anonymous_3)
FN:49,(anonymous_4)
FN:64,(anonymous_5)
FN:77,(anonymous_6)
FN:93,(anonymous_7)
FN:104,(anonymous_8)
FN:110,(anonymous_9)
FN:111,(anonymous_10)
FN:112,(anonymous_11)
FN:113,(anonymous_12)
FN:116,(anonymous_13)
FN:117,(anonymous_14)
FN:118,(anonymous_15)
FN:122,(anonymous_16)
FN:123,(anonymous_17)
FN:124,(anonymous_18)
FNF:19
FNH:19
FNDA:4,(anonymous_0)
FNDA:8,(anonymous_1)
FNDA:4,(anonymous_2)
FNDA:11,(anonymous_3)
FNDA:9,(anonymous_4)
FNDA:5,(anonymous_5)
FNDA:10,(anonymous_6)
FNDA:3,(anonymous_7)
FNDA:4,(anonymous_8)
FNDA:24,(anonymous_9)
FNDA:24,(anonymous_10)
FNDA:24,(anonymous_11)
FNDA:24,(anonymous_12)
FNDA:24,(anonymous_13)
FNDA:24,(anonymous_14)
FNDA:24,(anonymous_15)
FNDA:24,(anonymous_16)
FNDA:24,(anonymous_17)
FNDA:24,(anonymous_18)
DA:1,1
DA:2,1
DA:5,1
DA:6,4
DA:7,4
DA:8,4
DA:10,4
DA:13,4
DA:14,1
DA:15,8
DA:20,4
DA:21,4
DA:22,4
DA:23,4
DA:25,4
DA:32,1
DA:33,4
DA:34,4
DA:36,3
DA:37,3
DA:39,1
DA:43,1
DA:44,11
DA:45,11
DA:48,2
DA:49,9
DA:51,2
DA:53,1
DA:60,1
DA:64,1
DA:65,5
DA:66,5
DA:68,5
DA:69,5
DA:71,4
DA:72,4
DA:75,3
DA:76,2
DA:77,10
DA:79,2
DA:82,2
DA:89,2
DA:93,1
DA:94,3
DA:95,3
DA:97,2
DA:98,2
DA:100,1
DA:104,1
DA:105,4
DA:106,4
DA:108,4
DA:110,24
DA:111,24
DA:112,24
DA:113,24
DA:115,3
DA:116,24
DA:117,24
DA:118,24
DA:121,3
DA:122,24
DA:123,24
DA:124,24
DA:127,3
DA:130,1
LF:66
LH:66
BRDA:6,0,0,4
BRDA:6,0,1,3
BRDA:7,1,0,4
BRDA:7,1,1,3
BRDA:8,2,0,4
BRDA:8,2,1,3
BRDA:13,3,0,1
BRDA:13,3,1,3
BRDA:34,4,0,1
BRDA:34,4,1,3
BRDA:37,5,0,2
BRDA:37,5,1,1
BRDA:45,6,0,9
BRDA:45,6,1,2
BRDA:51,7,0,1
BRDA:51,7,1,1
BRDA:57,8,0,1
BRDA:57,8,1,0
BRDA:66,9,0,0
BRDA:66,9,1,5
BRDA:69,10,0,1
BRDA:69,10,1,4
BRDA:72,11,0,1
BRDA:72,11,1,3
BRDA:75,12,0,2
BRDA:75,12,1,1
BRDA:77,13,0,10
BRDA:77,13,1,2
BRDA:79,14,0,1
BRDA:79,14,1,1
BRDA:83,15,0,2
BRDA:83,15,1,1
BRDA:84,16,0,2
BRDA:84,16,1,2
BRDA:85,17,0,2
BRDA:85,17,1,0
BRDA:86,18,0,2
BRDA:86,18,1,0
BRDA:95,19,0,1
BRDA:95,19,1,2
BRDA:98,20,0,1
BRDA:98,20,1,1
BRDA:108,21,0,1
BRDA:108,21,1,3
BRDA:117,22,0,24
BRDA:117,22,1,12
BRDA:123,23,0,24
BRDA:123,23,1,21
BRF:48
BRH:44
end_of_record
TN:
SF:src\data\store.js
FN:15,(anonymous_0)
FN:17,(anonymous_1)
FN:17,(anonymous_2)
FN:19,(anonymous_3)
FN:25,(anonymous_4)
FN:26,(anonymous_5)
FN:32,(anonymous_6)
FN:33,(anonymous_7)
FN:39,(anonymous_8)
FNF:9
FNH:9
FNDA:13,(anonymous_0)
FNDA:8,(anonymous_1)
FNDA:28,(anonymous_2)
FNDA:1,(anonymous_3)
FNDA:2,(anonymous_4)
FNDA:2,(anonymous_5)
FNDA:2,(anonymous_6)
FNDA:9,(anonymous_7)
FNDA:31,(anonymous_8)
DA:2,1
DA:13,1
DA:15,13
DA:17,28
DA:19,1
DA:20,1
DA:21,1
DA:22,1
DA:25,1
DA:26,2
DA:27,2
DA:28,2
DA:29,2
DA:32,1
DA:33,9
DA:34,2
DA:35,1
DA:36,1
DA:39,1
DA:40,31
DA:50,31
DA:53,1
LF:22
LH:22
BRDA:27,0,0,0
BRDA:27,0,1,2
BRDA:34,1,0,1
BRDA:34,1,1,1
BRF:4
BRH:3
end_of_record
TN:
SF:src\routes\serviceRoutes.js
FNF:0
FNH:0
DA:1,1
DA:2,1
DA:3,1
DA:5,1
DA:6,1
DA:7,1
DA:8,1
DA:9,1
DA:10,1
DA:12,1
LF:10
LH:10
BRF:0
BRH:0
end_of_record
TN:
SF:src\validators\serviceValidator.js
FN:1,(anonymous_0)
FNF:1
FNH:1
FNDA:15,(anonymous_0)
DA:1,1
DA:2,15
DA:4,15
DA:5,13
DA:6,1
DA:7,12
DA:8,1
DA:9,11
DA:10,1
DA:11,10
DA:12,1
DA:15,15
DA:16,14
DA:17,0
DA:18,14
DA:19,4
DA:20,10
DA:21,0
DA:24,15
DA:25,11
DA:26,0
DA:27,11
DA:28,0
DA:29,11
DA:30,1
DA:33,15
DA:34,1
DA:36,15
DA:39,1
LF:29
LH:25
BRDA:1,0,0,11
BRDA:4,1,0,13
BRDA:4,1,1,2
BRDA:4,2,0,15
BRDA:4,2,1,4
BRDA:5,3,0,1
BRDA:5,3,1,12
BRDA:5,4,0,13
BRDA:5,4,1,12
BRDA:5,4,2,12
BRDA:7,5,0,1
BRDA:7,5,1,11
BRDA:9,6,0,1
BRDA:9,6,1,10
BRDA:11,7,0,1
BRDA:11,7,1,9
BRDA:15,8,0,14
BRDA:15,8,1,1
BRDA:15,9,0,15
BRDA:15,9,1,4
BRDA:16,10,0,0
BRDA:16,10,1,14
BRDA:16,11,0,14
BRDA:16,11,1,14
BRDA:18,12,0,4
BRDA:18,12,1,10
BRDA:18,13,0,14
BRDA:18,13,1,13
BRDA:20,14,0,0
BRDA:20,14,1,10
BRDA:24,15,0,11
BRDA:24,15,1,4
BRDA:24,16,0,15
BRDA:24,16,1,4
BRDA:25,17,0,0
BRDA:25,17,1,11
BRDA:25,18,0,11
BRDA:25,18,1,11
BRDA:27,19,0,0
BRDA:27,19,1,11
BRDA:27,20,0,11
BRDA:27,20,1,11
BRDA:29,21,0,1
BRDA:29,21,1,10
BRDA:33,22,0,1
BRDA:33,22,1,14
BRDA:33,23,0,15
BRDA:33,23,1,2
BRF:48
BRH:44
end_of_record
