{"C:\\Users\\Mocan Luiza\\MPP\\glow\\src\\App.jsx": {"path":"C:\\Users\\Mocan Luiza\\MPP\\glow\\src\\App.jsx","statementMap":{"0":{"start":{"line":9,"column":25},"end":{"line":18,"column":1}},"1":{"start":{"line":21,"column":26},"end":{"line":21,"column":42}},"2":{"start":{"line":22,"column":34},"end":{"line":22,"column":60}},"3":{"start":{"line":23,"column":40},"end":{"line":23,"column":54}},"4":{"start":{"line":25,"column":29},"end":{"line":29,"column":3}},"5":{"start":{"line":26,"column":4},"end":{"line":26,"column":25}},"6":{"start":{"line":27,"column":4},"end":{"line":28,"column":32}},"7":{"start":{"line":27,"column":31},"end":{"line":27,"column":51}},"8":{"start":{"line":28,"column":9},"end":{"line":28,"column":32}},"9":{"start":{"line":31,"column":23},"end":{"line":34,"column":3}},"10":{"start":{"line":32,"column":4},"end":{"line":32,"column":25}},"11":{"start":{"line":33,"column":4},"end":{"line":33,"column":20}},"12":{"start":{"line":36,"column":2},"end":{"line":36,"column":114}},"13":{"start":{"line":36,"column":31},"end":{"line":36,"column":114}},"14":{"start":{"line":37,"column":2},"end":{"line":37,"column":114}},"15":{"start":{"line":37,"column":31},"end":{"line":37,"column":114}},"16":{"start":{"line":38,"column":2},"end":{"line":38,"column":124}},"17":{"start":{"line":38,"column":31},"end":{"line":38,"column":124}},"18":{"start":{"line":39,"column":2},"end":{"line":39,"column":98}},"19":{"start":{"line":39,"column":31},"end":{"line":39,"column":98}},"20":{"start":{"line":40,"column":2},"end":{"line":40,"column":118}},"21":{"start":{"line":40,"column":31},"end":{"line":40,"column":118}},"22":{"start":{"line":42,"column":2},"end":{"line":46,"column":5}},"23":{"start":{"line":43,"column":21},"end":{"line":43,"column":37}},"24":{"start":{"line":44,"column":19},"end":{"line":44,"column":35}},"25":{"start":{"line":45,"column":20},"end":{"line":45,"column":37}}},"fnMap":{"0":{"name":"App","decl":{"start":{"line":20,"column":24},"end":{"line":20,"column":27}},"loc":{"start":{"line":20,"column":30},"end":{"line":47,"column":1}},"line":20},"1":{"name":"(anonymous_1)","decl":{"start":{"line":25,"column":29},"end":{"line":25,"column":30}},"loc":{"start":{"line":25,"column":39},"end":{"line":29,"column":3}},"line":25},"2":{"name":"(anonymous_2)","decl":{"start":{"line":31,"column":23},"end":{"line":31,"column":24}},"loc":{"start":{"line":31,"column":29},"end":{"line":34,"column":3}},"line":31},"3":{"name":"(anonymous_3)","decl":{"start":{"line":43,"column":15},"end":{"line":43,"column":16}},"loc":{"start":{"line":43,"column":21},"end":{"line":43,"column":37}},"line":43},"4":{"name":"(anonymous_4)","decl":{"start":{"line":44,"column":13},"end":{"line":44,"column":14}},"loc":{"start":{"line":44,"column":19},"end":{"line":44,"column":35}},"line":44},"5":{"name":"(anonymous_5)","decl":{"start":{"line":45,"column":14},"end":{"line":45,"column":15}},"loc":{"start":{"line":45,"column":20},"end":{"line":45,"column":37}},"line":45}},"branchMap":{"0":{"loc":{"start":{"line":27,"column":4},"end":{"line":28,"column":32}},"type":"if","locations":[{"start":{"line":27,"column":4},"end":{"line":28,"column":32}},{"start":{"line":28,"column":9},"end":{"line":28,"column":32}}],"line":27},"1":{"loc":{"start":{"line":36,"column":2},"end":{"line":36,"column":114}},"type":"if","locations":[{"start":{"line":36,"column":2},"end":{"line":36,"column":114}},{"start":{},"end":{}}],"line":36},"2":{"loc":{"start":{"line":37,"column":2},"end":{"line":37,"column":114}},"type":"if","locations":[{"start":{"line":37,"column":2},"end":{"line":37,"column":114}},{"start":{},"end":{}}],"line":37},"3":{"loc":{"start":{"line":38,"column":2},"end":{"line":38,"column":124}},"type":"if","locations":[{"start":{"line":38,"column":2},"end":{"line":38,"column":124}},{"start":{},"end":{}}],"line":38},"4":{"loc":{"start":{"line":39,"column":2},"end":{"line":39,"column":98}},"type":"if","locations":[{"start":{"line":39,"column":2},"end":{"line":39,"column":98}},{"start":{},"end":{}}],"line":39},"5":{"loc":{"start":{"line":40,"column":2},"end":{"line":40,"column":118}},"type":"if","locations":[{"start":{"line":40,"column":2},"end":{"line":40,"column":118}},{"start":{},"end":{}}],"line":40}},"s":{"0":0,"1":0,"2":0,"3":0,"4":0,"5":0,"6":0,"7":0,"8":0,"9":0,"10":0,"11":0,"12":0,"13":0,"14":0,"15":0,"16":0,"17":0,"18":0,"19":0,"20":0,"21":0,"22":0,"23":0,"24":0,"25":0},"f":{"0":0,"1":0,"2":0,"3":0,"4":0,"5":0},"b":{"0":[0,0],"1":[0,0],"2":[0,0],"3":[0,0],"4":[0,0],"5":[0,0]}}
,"C:\\Users\\Mocan Luiza\\MPP\\glow\\src\\auth.js": {"path":"C:\\Users\\Mocan Luiza\\MPP\\glow\\src\\auth.js","statementMap":{"0":{"start":{"line":3,"column":21},"end":{"line":20,"column":1}},"1":{"start":{"line":22,"column":25},"end":{"line":27,"column":1}},"2":{"start":{"line":23,"column":15},"end":{"line":25,"column":3}},"3":{"start":{"line":24,"column":11},"end":{"line":24,"column":83}},"4":{"start":{"line":26,"column":2},"end":{"line":26,"column":22}},"5":{"start":{"line":29,"column":28},"end":{"line":41,"column":1}},"6":{"start":{"line":31,"column":18},"end":{"line":38,"column":3}},"7":{"start":{"line":39,"column":2},"end":{"line":39,"column":22}},"8":{"start":{"line":40,"column":2},"end":{"line":40,"column":17}},"9":{"start":{"line":43,"column":29},"end":{"line":44,"column":42}},"10":{"start":{"line":44,"column":2},"end":{"line":44,"column":42}},"11":{"start":{"line":46,"column":32},"end":{"line":53,"column":1}},"12":{"start":{"line":47,"column":17},"end":{"line":47,"column":19}},"13":{"start":{"line":48,"column":2},"end":{"line":48,"column":64}},"14":{"start":{"line":48,"column":27},"end":{"line":48,"column":64}},"15":{"start":{"line":49,"column":2},"end":{"line":49,"column":67}},"16":{"start":{"line":49,"column":31},"end":{"line":49,"column":67}},"17":{"start":{"line":50,"column":2},"end":{"line":50,"column":57}},"18":{"start":{"line":50,"column":31},"end":{"line":50,"column":57}},"19":{"start":{"line":51,"column":2},"end":{"line":51,"column":75}},"20":{"start":{"line":51,"column":38},"end":{"line":51,"column":75}},"21":{"start":{"line":52,"column":2},"end":{"line":52,"column":16}}},"fnMap":{"0":{"name":"(anonymous_0)","decl":{"start":{"line":22,"column":25},"end":{"line":22,"column":26}},"loc":{"start":{"line":22,"column":46},"end":{"line":27,"column":1}},"line":22},"1":{"name":"(anonymous_1)","decl":{"start":{"line":24,"column":4},"end":{"line":24,"column":5}},"loc":{"start":{"line":24,"column":11},"end":{"line":24,"column":83}},"line":24},"2":{"name":"(anonymous_2)","decl":{"start":{"line":29,"column":28},"end":{"line":29,"column":29}},"loc":{"start":{"line":29,"column":55},"end":{"line":41,"column":1}},"line":29},"3":{"name":"(anonymous_3)","decl":{"start":{"line":43,"column":29},"end":{"line":43,"column":30}},"loc":{"start":{"line":44,"column":2},"end":{"line":44,"column":42}},"line":44},"4":{"name":"(anonymous_4)","decl":{"start":{"line":46,"column":32},"end":{"line":46,"column":33}},"loc":{"start":{"line":46,"column":46},"end":{"line":53,"column":1}},"line":46}},"branchMap":{"0":{"loc":{"start":{"line":24,"column":11},"end":{"line":24,"column":83}},"type":"binary-expr","locations":[{"start":{"line":24,"column":11},"end":{"line":24,"column":56}},{"start":{"line":24,"column":60},"end":{"line":24,"column":83}}],"line":24},"1":{"loc":{"start":{"line":26,"column":9},"end":{"line":26,"column":21}},"type":"binary-expr","locations":[{"start":{"line":26,"column":9},"end":{"line":26,"column":13}},{"start":{"line":26,"column":17},"end":{"line":26,"column":21}}],"line":26},"2":{"loc":{"start":{"line":48,"column":2},"end":{"line":48,"column":64}},"type":"if","locations":[{"start":{"line":48,"column":2},"end":{"line":48,"column":64}},{"start":{},"end":{}}],"line":48},"3":{"loc":{"start":{"line":49,"column":2},"end":{"line":49,"column":67}},"type":"if","locations":[{"start":{"line":49,"column":2},"end":{"line":49,"column":67}},{"start":{},"end":{}}],"line":49},"4":{"loc":{"start":{"line":50,"column":2},"end":{"line":50,"column":57}},"type":"if","locations":[{"start":{"line":50,"column":2},"end":{"line":50,"column":57}},{"start":{},"end":{}}],"line":50},"5":{"loc":{"start":{"line":51,"column":2},"end":{"line":51,"column":75}},"type":"if","locations":[{"start":{"line":51,"column":2},"end":{"line":51,"column":75}},{"start":{},"end":{}}],"line":51}},"s":{"0":0,"1":0,"2":0,"3":0,"4":0,"5":0,"6":0,"7":0,"8":0,"9":0,"10":0,"11":0,"12":0,"13":0,"14":0,"15":0,"16":0,"17":0,"18":0,"19":0,"20":0,"21":0},"f":{"0":0,"1":0,"2":0,"3":0,"4":0},"b":{"0":[0,0],"1":[0,0],"2":[0,0],"3":[0,0],"4":[0,0],"5":[0,0]}}
,"C:\\Users\\Mocan Luiza\\MPP\\glow\\src\\index.js": {"path":"C:\\Users\\Mocan Luiza\\MPP\\glow\\src\\index.js","statementMap":{"0":{"start":{"line":6,"column":13},"end":{"line":6,"column":65}},"1":{"start":{"line":7,"column":0},"end":{"line":9,"column":2}}},"fnMap":{},"branchMap":{},"s":{"0":0,"1":0},"f":{},"b":{}}
,"C:\\Users\\Mocan Luiza\\MPP\\glow\\src\\components\\AddServiceModal.jsx": {"path":"C:\\Users\\Mocan Luiza\\MPP\\glow\\src\\components\\AddServiceModal.jsx","statementMap":{"0":{"start":{"line":5,"column":26},"end":{"line":5,"column":90}},"1":{"start":{"line":6,"column":30},"end":{"line":6,"column":42}},"2":{"start":{"line":7,"column":14},"end":{"line":7,"column":69}},"3":{"start":{"line":7,"column":21},"end":{"line":7,"column":69}},"4":{"start":{"line":7,"column":28},"end":{"line":7,"column":69}},"5":{"start":{"line":9,"column":19},"end":{"line":36,"column":3}},"6":{"start":{"line":10,"column":22},"end":{"line":10,"column":24}},"7":{"start":{"line":13,"column":4},"end":{"line":18,"column":65}},"8":{"start":{"line":13,"column":27},"end":{"line":13,"column":71}},"9":{"start":{"line":14,"column":9},"end":{"line":18,"column":65}},"10":{"start":{"line":14,"column":54},"end":{"line":14,"column":112}},"11":{"start":{"line":15,"column":9},"end":{"line":18,"column":65}},"12":{"start":{"line":15,"column":42},"end":{"line":15,"column":104}},"13":{"start":{"line":16,"column":9},"end":{"line":18,"column":65}},"14":{"start":{"line":16,"column":43},"end":{"line":16,"column":103}},"15":{"start":{"line":17,"column":9},"end":{"line":18,"column":65}},"16":{"start":{"line":17,"column":33},"end":{"line":17,"column":89}},"17":{"start":{"line":18,"column":6},"end":{"line":18,"column":65}},"18":{"start":{"line":21,"column":21},"end":{"line":21,"column":55}},"19":{"start":{"line":22,"column":4},"end":{"line":24,"column":87}},"20":{"start":{"line":22,"column":19},"end":{"line":22,"column":57}},"21":{"start":{"line":23,"column":9},"end":{"line":24,"column":87}},"22":{"start":{"line":23,"column":63},"end":{"line":23,"column":121}},"23":{"start":{"line":24,"column":9},"end":{"line":24,"column":87}},"24":{"start":{"line":24,"column":39},"end":{"line":24,"column":87}},"25":{"start":{"line":27,"column":24},"end":{"line":27,"column":67}},"26":{"start":{"line":28,"column":4},"end":{"line":30,"column":108}},"27":{"start":{"line":28,"column":22},"end":{"line":28,"column":66}},"28":{"start":{"line":29,"column":9},"end":{"line":30,"column":108}},"29":{"start":{"line":29,"column":69},"end":{"line":29,"column":133}},"30":{"start":{"line":30,"column":9},"end":{"line":30,"column":108}},"31":{"start":{"line":30,"column":40},"end":{"line":30,"column":108}},"32":{"start":{"line":33,"column":4},"end":{"line":33,"column":113}},"33":{"start":{"line":33,"column":46},"end":{"line":33,"column":113}},"34":{"start":{"line":35,"column":4},"end":{"line":35,"column":21}},"35":{"start":{"line":38,"column":20},"end":{"line":49,"column":3}},"36":{"start":{"line":39,"column":22},"end":{"line":39,"column":32}},"37":{"start":{"line":40,"column":4},"end":{"line":40,"column":76}},"38":{"start":{"line":40,"column":45},"end":{"line":40,"column":66}},"39":{"start":{"line":40,"column":67},"end":{"line":40,"column":74}},"40":{"start":{"line":41,"column":24},"end":{"line":46,"column":5}},"41":{"start":{"line":47,"column":4},"end":{"line":47,"column":23}},"42":{"start":{"line":48,"column":4},"end":{"line":48,"column":14}},"43":{"start":{"line":51,"column":2},"end":{"line":98,"column":4}},"44":{"start":{"line":53,"column":43},"end":{"line":53,"column":62}}},"fnMap":{"0":{"name":"AddServiceModal","decl":{"start":{"line":4,"column":24},"end":{"line":4,"column":39}},"loc":{"start":{"line":4,"column":70},"end":{"line":99,"column":1}},"line":4},"1":{"name":"(anonymous_1)","decl":{"start":{"line":7,"column":14},"end":{"line":7,"column":15}},"loc":{"start":{"line":7,"column":21},"end":{"line":7,"column":69}},"line":7},"2":{"name":"(anonymous_2)","decl":{"start":{"line":7,"column":21},"end":{"line":7,"column":22}},"loc":{"start":{"line":7,"column":28},"end":{"line":7,"column":69}},"line":7},"3":{"name":"(anonymous_3)","decl":{"start":{"line":9,"column":19},"end":{"line":9,"column":20}},"loc":{"start":{"line":9,"column":25},"end":{"line":36,"column":3}},"line":9},"4":{"name":"(anonymous_4)","decl":{"start":{"line":17,"column":27},"end":{"line":17,"column":28}},"loc":{"start":{"line":17,"column":33},"end":{"line":17,"column":89}},"line":17},"5":{"name":"(anonymous_5)","decl":{"start":{"line":38,"column":20},"end":{"line":38,"column":21}},"loc":{"start":{"line":38,"column":26},"end":{"line":49,"column":3}},"line":38},"6":{"name":"(anonymous_6)","decl":{"start":{"line":53,"column":36},"end":{"line":53,"column":37}},"loc":{"start":{"line":53,"column":43},"end":{"line":53,"column":62}},"line":53}},"branchMap":{"0":{"loc":{"start":{"line":13,"column":4},"end":{"line":18,"column":65}},"type":"if","locations":[{"start":{"line":13,"column":4},"end":{"line":18,"column":65}},{"start":{"line":14,"column":9},"end":{"line":18,"column":65}}],"line":13},"1":{"loc":{"start":{"line":14,"column":9},"end":{"line":18,"column":65}},"type":"if","locations":[{"start":{"line":14,"column":9},"end":{"line":18,"column":65}},{"start":{"line":15,"column":9},"end":{"line":18,"column":65}}],"line":14},"2":{"loc":{"start":{"line":15,"column":9},"end":{"line":18,"column":65}},"type":"if","locations":[{"start":{"line":15,"column":9},"end":{"line":18,"column":65}},{"start":{"line":16,"column":9},"end":{"line":18,"column":65}}],"line":15},"3":{"loc":{"start":{"line":16,"column":9},"end":{"line":18,"column":65}},"type":"if","locations":[{"start":{"line":16,"column":9},"end":{"line":18,"column":65}},{"start":{"line":17,"column":9},"end":{"line":18,"column":65}}],"line":16},"4":{"loc":{"start":{"line":17,"column":9},"end":{"line":18,"column":65}},"type":"if","locations":[{"start":{"line":17,"column":9},"end":{"line":18,"column":65}},{"start":{},"end":{}}],"line":17},"5":{"loc":{"start":{"line":22,"column":4},"end":{"line":24,"column":87}},"type":"if","locations":[{"start":{"line":22,"column":4},"end":{"line":24,"column":87}},{"start":{"line":23,"column":9},"end":{"line":24,"column":87}}],"line":22},"6":{"loc":{"start":{"line":23,"column":9},"end":{"line":24,"column":87}},"type":"if","locations":[{"start":{"line":23,"column":9},"end":{"line":24,"column":87}},{"start":{"line":24,"column":9},"end":{"line":24,"column":87}}],"line":23},"7":{"loc":{"start":{"line":23,"column":13},"end":{"line":23,"column":61}},"type":"binary-expr","locations":[{"start":{"line":23,"column":13},"end":{"line":23,"column":36}},{"start":{"line":23,"column":40},"end":{"line":23,"column":61}}],"line":23},"8":{"loc":{"start":{"line":24,"column":9},"end":{"line":24,"column":87}},"type":"if","locations":[{"start":{"line":24,"column":9},"end":{"line":24,"column":87}},{"start":{},"end":{}}],"line":24},"9":{"loc":{"start":{"line":28,"column":4},"end":{"line":30,"column":108}},"type":"if","locations":[{"start":{"line":28,"column":4},"end":{"line":30,"column":108}},{"start":{"line":29,"column":9},"end":{"line":30,"column":108}}],"line":28},"10":{"loc":{"start":{"line":29,"column":9},"end":{"line":30,"column":108}},"type":"if","locations":[{"start":{"line":29,"column":9},"end":{"line":30,"column":108}},{"start":{"line":30,"column":9},"end":{"line":30,"column":108}}],"line":29},"11":{"loc":{"start":{"line":29,"column":13},"end":{"line":29,"column":67}},"type":"binary-expr","locations":[{"start":{"line":29,"column":13},"end":{"line":29,"column":39}},{"start":{"line":29,"column":43},"end":{"line":29,"column":67}}],"line":29},"12":{"loc":{"start":{"line":30,"column":9},"end":{"line":30,"column":108}},"type":"if","locations":[{"start":{"line":30,"column":9},"end":{"line":30,"column":108}},{"start":{},"end":{}}],"line":30},"13":{"loc":{"start":{"line":33,"column":4},"end":{"line":33,"column":113}},"type":"if","locations":[{"start":{"line":33,"column":4},"end":{"line":33,"column":113}},{"start":{},"end":{}}],"line":33},"14":{"loc":{"start":{"line":40,"column":4},"end":{"line":40,"column":76}},"type":"if","locations":[{"start":{"line":40,"column":4},"end":{"line":40,"column":76}},{"start":{},"end":{}}],"line":40},"15":{"loc":{"start":{"line":58,"column":17},"end":{"line":58,"column":53}},"type":"cond-expr","locations":[{"start":{"line":58,"column":31},"end":{"line":58,"column":43}},{"start":{"line":58,"column":46},"end":{"line":58,"column":53}}],"line":58},"16":{"loc":{"start":{"line":63,"column":9},"end":{"line":63,"column":68}},"type":"binary-expr","locations":[{"start":{"line":63,"column":9},"end":{"line":63,"column":20}},{"start":{"line":63,"column":24},"end":{"line":63,"column":68}}],"line":63},"17":{"loc":{"start":{"line":67,"column":17},"end":{"line":67,"column":54}},"type":"cond-expr","locations":[{"start":{"line":67,"column":32},"end":{"line":67,"column":44}},{"start":{"line":67,"column":47},"end":{"line":67,"column":54}}],"line":67},"18":{"loc":{"start":{"line":72,"column":9},"end":{"line":72,"column":70}},"type":"binary-expr","locations":[{"start":{"line":72,"column":9},"end":{"line":72,"column":21}},{"start":{"line":72,"column":25},"end":{"line":72,"column":70}}],"line":72},"19":{"loc":{"start":{"line":76,"column":17},"end":{"line":76,"column":57}},"type":"cond-expr","locations":[{"start":{"line":76,"column":35},"end":{"line":76,"column":47}},{"start":{"line":76,"column":50},"end":{"line":76,"column":57}}],"line":76},"20":{"loc":{"start":{"line":81,"column":9},"end":{"line":81,"column":76}},"type":"binary-expr","locations":[{"start":{"line":81,"column":9},"end":{"line":81,"column":24}},{"start":{"line":81,"column":28},"end":{"line":81,"column":76}}],"line":81},"21":{"loc":{"start":{"line":85,"column":17},"end":{"line":85,"column":66}},"type":"cond-expr","locations":[{"start":{"line":85,"column":38},"end":{"line":85,"column":53}},{"start":{"line":85,"column":56},"end":{"line":85,"column":66}}],"line":85},"22":{"loc":{"start":{"line":90,"column":9},"end":{"line":90,"column":82}},"type":"binary-expr","locations":[{"start":{"line":90,"column":9},"end":{"line":90,"column":27}},{"start":{"line":90,"column":31},"end":{"line":90,"column":82}}],"line":90}},"s":{"0":0,"1":0,"2":0,"3":0,"4":0,"5":0,"6":0,"7":0,"8":0,"9":0,"10":0,"11":0,"12":0,"13":0,"14":0,"15":0,"16":0,"17":0,"18":0,"19":0,"20":0,"21":0,"22":0,"23":0,"24":0,"25":0,"26":0,"27":0,"28":0,"29":0,"30":0,"31":0,"32":0,"33":0,"34":0,"35":0,"36":0,"37":0,"38":0,"39":0,"40":0,"41":0,"42":0,"43":0,"44":0},"f":{"0":0,"1":0,"2":0,"3":0,"4":0,"5":0,"6":0},"b":{"0":[0,0],"1":[0,0],"2":[0,0],"3":[0,0],"4":[0,0],"5":[0,0],"6":[0,0],"7":[0,0],"8":[0,0],"9":[0,0],"10":[0,0],"11":[0,0],"12":[0,0],"13":[0,0],"14":[0,0],"15":[0,0],"16":[0,0],"17":[0,0],"18":[0,0],"19":[0,0],"20":[0,0],"21":[0,0],"22":[0,0]}}
,"C:\\Users\\Mocan Luiza\\MPP\\glow\\src\\components\\AddServiceModal.styles.js": {"path":"C:\\Users\\Mocan Luiza\\MPP\\glow\\src\\components\\AddServiceModal.styles.js","statementMap":{"0":{"start":{"line":1,"column":17},"end":{"line":42,"column":1}}},"fnMap":{},"branchMap":{},"s":{"0":0},"f":{},"b":{}}
,"C:\\Users\\Mocan Luiza\\MPP\\glow\\src\\components\\ClientSidebar.jsx": {"path":"C:\\Users\\Mocan Luiza\\MPP\\glow\\src\\components\\ClientSidebar.jsx","statementMap":{"0":{"start":{"line":3,"column":22},"end":{"line":3,"column":96}},"1":{"start":{"line":4,"column":22},"end":{"line":4,"column":96}},"2":{"start":{"line":5,"column":22},"end":{"line":5,"column":96}},"3":{"start":{"line":6,"column":22},"end":{"line":6,"column":96}},"4":{"start":{"line":7,"column":22},"end":{"line":7,"column":96}},"5":{"start":{"line":9,"column":10},"end":{"line":38,"column":1}},"6":{"start":{"line":18,"column":24},"end":{"line":24,"column":3}},"7":{"start":{"line":41,"column":2},"end":{"line":73,"column":4}},"8":{"start":{"line":45,"column":76},"end":{"line":45,"column":101}},"9":{"start":{"line":49,"column":69},"end":{"line":49,"column":87}},"10":{"start":{"line":53,"column":72},"end":{"line":53,"column":93}},"11":{"start":{"line":57,"column":72},"end":{"line":57,"column":93}}},"fnMap":{"0":{"name":"(anonymous_0)","decl":{"start":{"line":18,"column":11},"end":{"line":18,"column":12}},"loc":{"start":{"line":18,"column":24},"end":{"line":24,"column":3}},"line":18},"1":{"name":"ClientSidebar","decl":{"start":{"line":40,"column":24},"end":{"line":40,"column":37}},"loc":{"start":{"line":40,"column":82},"end":{"line":74,"column":1}},"line":40},"2":{"name":"(anonymous_2)","decl":{"start":{"line":45,"column":70},"end":{"line":45,"column":71}},"loc":{"start":{"line":45,"column":76},"end":{"line":45,"column":101}},"line":45},"3":{"name":"(anonymous_3)","decl":{"start":{"line":49,"column":63},"end":{"line":49,"column":64}},"loc":{"start":{"line":49,"column":69},"end":{"line":49,"column":87}},"line":49},"4":{"name":"(anonymous_4)","decl":{"start":{"line":53,"column":66},"end":{"line":53,"column":67}},"loc":{"start":{"line":53,"column":72},"end":{"line":53,"column":93}},"line":53},"5":{"name":"(anonymous_5)","decl":{"start":{"line":57,"column":66},"end":{"line":57,"column":67}},"loc":{"start":{"line":57,"column":72},"end":{"line":57,"column":93}},"line":57}},"branchMap":{"0":{"loc":{"start":{"line":21,"column":16},"end":{"line":21,"column":50}},"type":"cond-expr","locations":[{"start":{"line":21,"column":25},"end":{"line":21,"column":34}},{"start":{"line":21,"column":37},"end":{"line":21,"column":50}}],"line":21}},"s":{"0":0,"1":0,"2":0,"3":0,"4":0,"5":0,"6":0,"7":0,"8":0,"9":0,"10":0,"11":0},"f":{"0":0,"1":0,"2":0,"3":0,"4":0,"5":0},"b":{"0":[0,0]}}
,"C:\\Users\\Mocan Luiza\\MPP\\glow\\src\\components\\DeleteServiceModal.jsx": {"path":"C:\\Users\\Mocan Luiza\\MPP\\glow\\src\\components\\DeleteServiceModal.jsx","statementMap":{"0":{"start":{"line":5,"column":2},"end":{"line":16,"column":4}},"1":{"start":{"line":7,"column":43},"end":{"line":7,"column":62}},"2":{"start":{"line":11,"column":55},"end":{"line":11,"column":67}},"3":{"start":{"line":11,"column":68},"end":{"line":11,"column":78}}},"fnMap":{"0":{"name":"DeleteServiceModal","decl":{"start":{"line":4,"column":24},"end":{"line":4,"column":42}},"loc":{"start":{"line":4,"column":67},"end":{"line":17,"column":1}},"line":4},"1":{"name":"(anonymous_1)","decl":{"start":{"line":7,"column":36},"end":{"line":7,"column":37}},"loc":{"start":{"line":7,"column":43},"end":{"line":7,"column":62}},"line":7},"2":{"name":"(anonymous_2)","decl":{"start":{"line":11,"column":47},"end":{"line":11,"column":48}},"loc":{"start":{"line":11,"column":53},"end":{"line":11,"column":80}},"line":11}},"branchMap":{},"s":{"0":0,"1":0,"2":0,"3":0},"f":{"0":0,"1":0,"2":0},"b":{}}
,"C:\\Users\\Mocan Luiza\\MPP\\glow\\src\\components\\DeleteServiceModal.styles.js": {"path":"C:\\Users\\Mocan Luiza\\MPP\\glow\\src\\components\\DeleteServiceModal.styles.js","statementMap":{"0":{"start":{"line":1,"column":25},"end":{"line":1,"column":99}},"1":{"start":{"line":3,"column":17},"end":{"line":23,"column":1}}},"fnMap":{},"branchMap":{},"s":{"0":0,"1":0},"f":{},"b":{}}
,"C:\\Users\\Mocan Luiza\\MPP\\glow\\src\\components\\EditServiceModal.jsx": {"path":"C:\\Users\\Mocan Luiza\\MPP\\glow\\src\\components\\EditServiceModal.jsx","statementMap":{"0":{"start":{"line":5,"column":26},"end":{"line":5,"column":50}},"1":{"start":{"line":6,"column":30},"end":{"line":6,"column":42}},"2":{"start":{"line":7,"column":14},"end":{"line":7,"column":69}},"3":{"start":{"line":7,"column":21},"end":{"line":7,"column":69}},"4":{"start":{"line":7,"column":28},"end":{"line":7,"column":69}},"5":{"start":{"line":9,"column":19},"end":{"line":27,"column":3}},"6":{"start":{"line":10,"column":22},"end":{"line":10,"column":24}},"7":{"start":{"line":11,"column":4},"end":{"line":16,"column":65}},"8":{"start":{"line":11,"column":27},"end":{"line":11,"column":71}},"9":{"start":{"line":12,"column":9},"end":{"line":16,"column":65}},"10":{"start":{"line":12,"column":54},"end":{"line":12,"column":112}},"11":{"start":{"line":13,"column":9},"end":{"line":16,"column":65}},"12":{"start":{"line":13,"column":42},"end":{"line":13,"column":104}},"13":{"start":{"line":14,"column":9},"end":{"line":16,"column":65}},"14":{"start":{"line":14,"column":43},"end":{"line":14,"column":103}},"15":{"start":{"line":15,"column":9},"end":{"line":16,"column":65}},"16":{"start":{"line":15,"column":33},"end":{"line":15,"column":110}},"17":{"start":{"line":16,"column":6},"end":{"line":16,"column":65}},"18":{"start":{"line":17,"column":21},"end":{"line":17,"column":55}},"19":{"start":{"line":18,"column":4},"end":{"line":20,"column":87}},"20":{"start":{"line":18,"column":19},"end":{"line":18,"column":57}},"21":{"start":{"line":19,"column":9},"end":{"line":20,"column":87}},"22":{"start":{"line":19,"column":63},"end":{"line":19,"column":121}},"23":{"start":{"line":20,"column":9},"end":{"line":20,"column":87}},"24":{"start":{"line":20,"column":39},"end":{"line":20,"column":87}},"25":{"start":{"line":21,"column":24},"end":{"line":21,"column":67}},"26":{"start":{"line":22,"column":4},"end":{"line":24,"column":108}},"27":{"start":{"line":22,"column":22},"end":{"line":22,"column":66}},"28":{"start":{"line":23,"column":9},"end":{"line":24,"column":108}},"29":{"start":{"line":23,"column":69},"end":{"line":23,"column":133}},"30":{"start":{"line":24,"column":9},"end":{"line":24,"column":108}},"31":{"start":{"line":24,"column":40},"end":{"line":24,"column":108}},"32":{"start":{"line":25,"column":4},"end":{"line":25,"column":113}},"33":{"start":{"line":25,"column":46},"end":{"line":25,"column":113}},"34":{"start":{"line":26,"column":4},"end":{"line":26,"column":21}},"35":{"start":{"line":29,"column":21},"end":{"line":40,"column":3}},"36":{"start":{"line":30,"column":22},"end":{"line":30,"column":32}},"37":{"start":{"line":31,"column":4},"end":{"line":31,"column":76}},"38":{"start":{"line":31,"column":45},"end":{"line":31,"column":66}},"39":{"start":{"line":31,"column":67},"end":{"line":31,"column":74}},"40":{"start":{"line":32,"column":24},"end":{"line":37,"column":5}},"41":{"start":{"line":38,"column":4},"end":{"line":38,"column":24}},"42":{"start":{"line":39,"column":4},"end":{"line":39,"column":14}},"43":{"start":{"line":42,"column":2},"end":{"line":64,"column":4}},"44":{"start":{"line":44,"column":43},"end":{"line":44,"column":62}}},"fnMap":{"0":{"name":"EditServiceModal","decl":{"start":{"line":4,"column":24},"end":{"line":4,"column":40}},"loc":{"start":{"line":4,"column":81},"end":{"line":65,"column":1}},"line":4},"1":{"name":"(anonymous_1)","decl":{"start":{"line":7,"column":14},"end":{"line":7,"column":15}},"loc":{"start":{"line":7,"column":21},"end":{"line":7,"column":69}},"line":7},"2":{"name":"(anonymous_2)","decl":{"start":{"line":7,"column":21},"end":{"line":7,"column":22}},"loc":{"start":{"line":7,"column":28},"end":{"line":7,"column":69}},"line":7},"3":{"name":"(anonymous_3)","decl":{"start":{"line":9,"column":19},"end":{"line":9,"column":20}},"loc":{"start":{"line":9,"column":25},"end":{"line":27,"column":3}},"line":9},"4":{"name":"(anonymous_4)","decl":{"start":{"line":15,"column":27},"end":{"line":15,"column":28}},"loc":{"start":{"line":15,"column":33},"end":{"line":15,"column":110}},"line":15},"5":{"name":"(anonymous_5)","decl":{"start":{"line":29,"column":21},"end":{"line":29,"column":22}},"loc":{"start":{"line":29,"column":27},"end":{"line":40,"column":3}},"line":29},"6":{"name":"(anonymous_6)","decl":{"start":{"line":44,"column":36},"end":{"line":44,"column":37}},"loc":{"start":{"line":44,"column":43},"end":{"line":44,"column":62}},"line":44}},"branchMap":{"0":{"loc":{"start":{"line":11,"column":4},"end":{"line":16,"column":65}},"type":"if","locations":[{"start":{"line":11,"column":4},"end":{"line":16,"column":65}},{"start":{"line":12,"column":9},"end":{"line":16,"column":65}}],"line":11},"1":{"loc":{"start":{"line":12,"column":9},"end":{"line":16,"column":65}},"type":"if","locations":[{"start":{"line":12,"column":9},"end":{"line":16,"column":65}},{"start":{"line":13,"column":9},"end":{"line":16,"column":65}}],"line":12},"2":{"loc":{"start":{"line":13,"column":9},"end":{"line":16,"column":65}},"type":"if","locations":[{"start":{"line":13,"column":9},"end":{"line":16,"column":65}},{"start":{"line":14,"column":9},"end":{"line":16,"column":65}}],"line":13},"3":{"loc":{"start":{"line":14,"column":9},"end":{"line":16,"column":65}},"type":"if","locations":[{"start":{"line":14,"column":9},"end":{"line":16,"column":65}},{"start":{"line":15,"column":9},"end":{"line":16,"column":65}}],"line":14},"4":{"loc":{"start":{"line":15,"column":9},"end":{"line":16,"column":65}},"type":"if","locations":[{"start":{"line":15,"column":9},"end":{"line":16,"column":65}},{"start":{},"end":{}}],"line":15},"5":{"loc":{"start":{"line":15,"column":33},"end":{"line":15,"column":110}},"type":"binary-expr","locations":[{"start":{"line":15,"column":33},"end":{"line":15,"column":89}},{"start":{"line":15,"column":93},"end":{"line":15,"column":110}}],"line":15},"6":{"loc":{"start":{"line":18,"column":4},"end":{"line":20,"column":87}},"type":"if","locations":[{"start":{"line":18,"column":4},"end":{"line":20,"column":87}},{"start":{"line":19,"column":9},"end":{"line":20,"column":87}}],"line":18},"7":{"loc":{"start":{"line":19,"column":9},"end":{"line":20,"column":87}},"type":"if","locations":[{"start":{"line":19,"column":9},"end":{"line":20,"column":87}},{"start":{"line":20,"column":9},"end":{"line":20,"column":87}}],"line":19},"8":{"loc":{"start":{"line":19,"column":13},"end":{"line":19,"column":61}},"type":"binary-expr","locations":[{"start":{"line":19,"column":13},"end":{"line":19,"column":36}},{"start":{"line":19,"column":40},"end":{"line":19,"column":61}}],"line":19},"9":{"loc":{"start":{"line":20,"column":9},"end":{"line":20,"column":87}},"type":"if","locations":[{"start":{"line":20,"column":9},"end":{"line":20,"column":87}},{"start":{},"end":{}}],"line":20},"10":{"loc":{"start":{"line":22,"column":4},"end":{"line":24,"column":108}},"type":"if","locations":[{"start":{"line":22,"column":4},"end":{"line":24,"column":108}},{"start":{"line":23,"column":9},"end":{"line":24,"column":108}}],"line":22},"11":{"loc":{"start":{"line":23,"column":9},"end":{"line":24,"column":108}},"type":"if","locations":[{"start":{"line":23,"column":9},"end":{"line":24,"column":108}},{"start":{"line":24,"column":9},"end":{"line":24,"column":108}}],"line":23},"12":{"loc":{"start":{"line":23,"column":13},"end":{"line":23,"column":67}},"type":"binary-expr","locations":[{"start":{"line":23,"column":13},"end":{"line":23,"column":39}},{"start":{"line":23,"column":43},"end":{"line":23,"column":67}}],"line":23},"13":{"loc":{"start":{"line":24,"column":9},"end":{"line":24,"column":108}},"type":"if","locations":[{"start":{"line":24,"column":9},"end":{"line":24,"column":108}},{"start":{},"end":{}}],"line":24},"14":{"loc":{"start":{"line":25,"column":4},"end":{"line":25,"column":113}},"type":"if","locations":[{"start":{"line":25,"column":4},"end":{"line":25,"column":113}},{"start":{},"end":{}}],"line":25},"15":{"loc":{"start":{"line":31,"column":4},"end":{"line":31,"column":76}},"type":"if","locations":[{"start":{"line":31,"column":4},"end":{"line":31,"column":76}},{"start":{},"end":{}}],"line":31},"16":{"loc":{"start":{"line":47,"column":22},"end":{"line":47,"column":58}},"type":"cond-expr","locations":[{"start":{"line":47,"column":36},"end":{"line":47,"column":48}},{"start":{"line":47,"column":51},"end":{"line":47,"column":58}}],"line":47},"17":{"loc":{"start":{"line":48,"column":9},"end":{"line":48,"column":68}},"type":"binary-expr","locations":[{"start":{"line":48,"column":9},"end":{"line":48,"column":20}},{"start":{"line":48,"column":24},"end":{"line":48,"column":68}}],"line":48},"18":{"loc":{"start":{"line":50,"column":22},"end":{"line":50,"column":59}},"type":"cond-expr","locations":[{"start":{"line":50,"column":37},"end":{"line":50,"column":49}},{"start":{"line":50,"column":52},"end":{"line":50,"column":59}}],"line":50},"19":{"loc":{"start":{"line":51,"column":9},"end":{"line":51,"column":70}},"type":"binary-expr","locations":[{"start":{"line":51,"column":9},"end":{"line":51,"column":21}},{"start":{"line":51,"column":25},"end":{"line":51,"column":70}}],"line":51},"20":{"loc":{"start":{"line":53,"column":22},"end":{"line":53,"column":62}},"type":"cond-expr","locations":[{"start":{"line":53,"column":40},"end":{"line":53,"column":52}},{"start":{"line":53,"column":55},"end":{"line":53,"column":62}}],"line":53},"21":{"loc":{"start":{"line":54,"column":9},"end":{"line":54,"column":76}},"type":"binary-expr","locations":[{"start":{"line":54,"column":9},"end":{"line":54,"column":24}},{"start":{"line":54,"column":28},"end":{"line":54,"column":76}}],"line":54},"22":{"loc":{"start":{"line":56,"column":25},"end":{"line":56,"column":74}},"type":"cond-expr","locations":[{"start":{"line":56,"column":46},"end":{"line":56,"column":61}},{"start":{"line":56,"column":64},"end":{"line":56,"column":74}}],"line":56},"23":{"loc":{"start":{"line":57,"column":9},"end":{"line":57,"column":82}},"type":"binary-expr","locations":[{"start":{"line":57,"column":9},"end":{"line":57,"column":27}},{"start":{"line":57,"column":31},"end":{"line":57,"column":82}}],"line":57}},"s":{"0":0,"1":0,"2":0,"3":0,"4":0,"5":0,"6":0,"7":0,"8":0,"9":0,"10":0,"11":0,"12":0,"13":0,"14":0,"15":0,"16":0,"17":0,"18":0,"19":0,"20":0,"21":0,"22":0,"23":0,"24":0,"25":0,"26":0,"27":0,"28":0,"29":0,"30":0,"31":0,"32":0,"33":0,"34":0,"35":0,"36":0,"37":0,"38":0,"39":0,"40":0,"41":0,"42":0,"43":0,"44":0},"f":{"0":0,"1":0,"2":0,"3":0,"4":0,"5":0,"6":0},"b":{"0":[0,0],"1":[0,0],"2":[0,0],"3":[0,0],"4":[0,0],"5":[0,0],"6":[0,0],"7":[0,0],"8":[0,0],"9":[0,0],"10":[0,0],"11":[0,0],"12":[0,0],"13":[0,0],"14":[0,0],"15":[0,0],"16":[0,0],"17":[0,0],"18":[0,0],"19":[0,0],"20":[0,0],"21":[0,0],"22":[0,0],"23":[0,0]}}
,"C:\\Users\\Mocan Luiza\\MPP\\glow\\src\\components\\EditServiceModal.styles.js": {"path":"C:\\Users\\Mocan Luiza\\MPP\\glow\\src\\components\\EditServiceModal.styles.js","statementMap":{"0":{"start":{"line":1,"column":17},"end":{"line":42,"column":1}}},"fnMap":{},"branchMap":{},"s":{"0":0},"f":{},"b":{}}
,"C:\\Users\\Mocan Luiza\\MPP\\glow\\src\\components\\Logo.jsx": {"path":"C:\\Users\\Mocan Luiza\\MPP\\glow\\src\\components\\Logo.jsx","statementMap":{"0":{"start":{"line":1,"column":18},"end":{"line":1,"column":92}},"1":{"start":{"line":4,"column":16},"end":{"line":4,"column":26}},"2":{"start":{"line":6,"column":2},"end":{"line":53,"column":4}}},"fnMap":{"0":{"name":"Logo","decl":{"start":{"line":3,"column":24},"end":{"line":3,"column":28}},"loc":{"start":{"line":3,"column":45},"end":{"line":54,"column":1}},"line":3}},"branchMap":{"0":{"loc":{"start":{"line":3,"column":31},"end":{"line":3,"column":41}},"type":"default-arg","locations":[{"start":{"line":3,"column":38},"end":{"line":3,"column":41}}],"line":3}},"s":{"0":0,"1":0,"2":0},"f":{"0":0},"b":{"0":[0]}}
,"C:\\Users\\Mocan Luiza\\MPP\\glow\\src\\components\\ServiceDetailModal.jsx": {"path":"C:\\Users\\Mocan Luiza\\MPP\\glow\\src\\components\\ServiceDetailModal.jsx","statementMap":{"0":{"start":{"line":1,"column":10},"end":{"line":56,"column":1}},"1":{"start":{"line":59,"column":2},"end":{"line":110,"column":4}},"2":{"start":{"line":61,"column":43},"end":{"line":61,"column":62}},"3":{"start":{"line":99,"column":55},"end":{"line":99,"column":71}},"4":{"start":{"line":99,"column":72},"end":{"line":99,"column":82}},"5":{"start":{"line":102,"column":57},"end":{"line":102,"column":75}},"6":{"start":{"line":102,"column":76},"end":{"line":102,"column":86}}},"fnMap":{"0":{"name":"ServiceDetailModal","decl":{"start":{"line":58,"column":24},"end":{"line":58,"column":42}},"loc":{"start":{"line":58,"column":83},"end":{"line":111,"column":1}},"line":58},"1":{"name":"(anonymous_1)","decl":{"start":{"line":61,"column":36},"end":{"line":61,"column":37}},"loc":{"start":{"line":61,"column":43},"end":{"line":61,"column":62}},"line":61},"2":{"name":"(anonymous_2)","decl":{"start":{"line":99,"column":47},"end":{"line":99,"column":48}},"loc":{"start":{"line":99,"column":53},"end":{"line":99,"column":84}},"line":99},"3":{"name":"(anonymous_3)","decl":{"start":{"line":102,"column":49},"end":{"line":102,"column":50}},"loc":{"start":{"line":102,"column":55},"end":{"line":102,"column":88}},"line":102}},"branchMap":{"0":{"loc":{"start":{"line":91,"column":15},"end":{"line":91,"column":81}},"type":"binary-expr","locations":[{"start":{"line":91,"column":15},"end":{"line":91,"column":34}},{"start":{"line":91,"column":38},"end":{"line":91,"column":81}}],"line":91}},"s":{"0":0,"1":0,"2":0,"3":0,"4":0,"5":0,"6":0},"f":{"0":0,"1":0,"2":0,"3":0},"b":{"0":[0,0]}}
,"C:\\Users\\Mocan Luiza\\MPP\\glow\\src\\components\\Sidebar.jsx": {"path":"C:\\Users\\Mocan Luiza\\MPP\\glow\\src\\components\\Sidebar.jsx","statementMap":{"0":{"start":{"line":3,"column":19},"end":{"line":3,"column":93}},"1":{"start":{"line":4,"column":22},"end":{"line":4,"column":96}},"2":{"start":{"line":7,"column":26},"end":{"line":7,"column":100}},"3":{"start":{"line":8,"column":26},"end":{"line":8,"column":100}},"4":{"start":{"line":9,"column":26},"end":{"line":9,"column":100}},"5":{"start":{"line":10,"column":26},"end":{"line":10,"column":100}},"6":{"start":{"line":12,"column":10},"end":{"line":42,"column":1}},"7":{"start":{"line":21,"column":24},"end":{"line":27,"column":3}},"8":{"start":{"line":45,"column":2},"end":{"line":77,"column":4}},"9":{"start":{"line":52,"column":74},"end":{"line":52,"column":97}},"10":{"start":{"line":56,"column":77},"end":{"line":56,"column":103}},"11":{"start":{"line":60,"column":73},"end":{"line":60,"column":95}}},"fnMap":{"0":{"name":"(anonymous_0)","decl":{"start":{"line":21,"column":11},"end":{"line":21,"column":12}},"loc":{"start":{"line":21,"column":24},"end":{"line":27,"column":3}},"line":21},"1":{"name":"Sidebar","decl":{"start":{"line":44,"column":24},"end":{"line":44,"column":31}},"loc":{"start":{"line":44,"column":60},"end":{"line":78,"column":1}},"line":44},"2":{"name":"(anonymous_2)","decl":{"start":{"line":52,"column":68},"end":{"line":52,"column":69}},"loc":{"start":{"line":52,"column":74},"end":{"line":52,"column":97}},"line":52},"3":{"name":"(anonymous_3)","decl":{"start":{"line":56,"column":71},"end":{"line":56,"column":72}},"loc":{"start":{"line":56,"column":77},"end":{"line":56,"column":103}},"line":56},"4":{"name":"(anonymous_4)","decl":{"start":{"line":60,"column":67},"end":{"line":60,"column":68}},"loc":{"start":{"line":60,"column":73},"end":{"line":60,"column":95}},"line":60}},"branchMap":{"0":{"loc":{"start":{"line":24,"column":16},"end":{"line":24,"column":50}},"type":"cond-expr","locations":[{"start":{"line":24,"column":25},"end":{"line":24,"column":34}},{"start":{"line":24,"column":37},"end":{"line":24,"column":50}}],"line":24}},"s":{"0":0,"1":0,"2":0,"3":0,"4":0,"5":0,"6":0,"7":0,"8":0,"9":0,"10":0,"11":0},"f":{"0":0,"1":0,"2":0,"3":0,"4":0},"b":{"0":[0,0]}}
,"C:\\Users\\Mocan Luiza\\MPP\\glow\\src\\pages\\ClientDashboard.jsx": {"path":"C:\\Users\\Mocan Luiza\\MPP\\glow\\src\\pages\\ClientDashboard.jsx","statementMap":{"0":{"start":{"line":4,"column":22},"end":{"line":4,"column":96}},"1":{"start":{"line":7,"column":21},"end":{"line":7,"column":95}},"2":{"start":{"line":8,"column":21},"end":{"line":8,"column":95}},"3":{"start":{"line":9,"column":21},"end":{"line":9,"column":95}},"4":{"start":{"line":10,"column":21},"end":{"line":10,"column":95}},"5":{"start":{"line":13,"column":21},"end":{"line":13,"column":95}},"6":{"start":{"line":14,"column":21},"end":{"line":14,"column":95}},"7":{"start":{"line":15,"column":21},"end":{"line":15,"column":95}},"8":{"start":{"line":16,"column":21},"end":{"line":16,"column":95}},"9":{"start":{"line":19,"column":29},"end":{"line":24,"column":1}},"10":{"start":{"line":26,"column":14},"end":{"line":31,"column":1}},"11":{"start":{"line":33,"column":23},"end":{"line":42,"column":1}},"12":{"start":{"line":44,"column":18},"end":{"line":47,"column":1}},"13":{"start":{"line":45,"column":18},"end":{"line":45,"column":158}},"14":{"start":{"line":46,"column":2},"end":{"line":46,"column":28}},"15":{"start":{"line":50,"column":2},"end":{"line":56,"column":4}},"16":{"start":{"line":53,"column":8},"end":{"line":53,"column":96}},"17":{"start":{"line":59,"column":10},"end":{"line":112,"column":1}},"18":{"start":{"line":77,"column":28},"end":{"line":80,"column":3}},"19":{"start":{"line":81,"column":31},"end":{"line":88,"column":3}},"20":{"start":{"line":92,"column":28},"end":{"line":97,"column":3}},"21":{"start":{"line":115,"column":42},"end":{"line":115,"column":61}},"22":{"start":{"line":117,"column":27},"end":{"line":117,"column":67}},"23":{"start":{"line":118,"column":22},"end":{"line":121,"column":4}},"24":{"start":{"line":119,"column":18},"end":{"line":119,"column":55}},"25":{"start":{"line":119,"column":38},"end":{"line":119,"column":54}},"26":{"start":{"line":120,"column":4},"end":{"line":120,"column":97}},"27":{"start":{"line":123,"column":2},"end":{"line":188,"column":4}},"28":{"start":{"line":126,"column":98},"end":{"line":126,"column":116}},"29":{"start":{"line":155,"column":14},"end":{"line":163,"column":20}},"30":{"start":{"line":158,"column":33},"end":{"line":158,"column":60}},"31":{"start":{"line":170,"column":14},"end":{"line":182,"column":20}}},"fnMap":{"0":{"name":"(anonymous_0)","decl":{"start":{"line":44,"column":18},"end":{"line":44,"column":19}},"loc":{"start":{"line":44,"column":28},"end":{"line":47,"column":1}},"line":44},"1":{"name":"StarRating","decl":{"start":{"line":49,"column":9},"end":{"line":49,"column":19}},"loc":{"start":{"line":49,"column":32},"end":{"line":57,"column":1}},"line":49},"2":{"name":"(anonymous_2)","decl":{"start":{"line":52,"column":23},"end":{"line":52,"column":24}},"loc":{"start":{"line":53,"column":8},"end":{"line":53,"column":96}},"line":53},"3":{"name":"(anonymous_3)","decl":{"start":{"line":77,"column":11},"end":{"line":77,"column":12}},"loc":{"start":{"line":77,"column":28},"end":{"line":80,"column":3}},"line":77},"4":{"name":"(anonymous_4)","decl":{"start":{"line":81,"column":14},"end":{"line":81,"column":15}},"loc":{"start":{"line":81,"column":31},"end":{"line":88,"column":3}},"line":81},"5":{"name":"(anonymous_5)","decl":{"start":{"line":92,"column":15},"end":{"line":92,"column":16}},"loc":{"start":{"line":92,"column":28},"end":{"line":97,"column":3}},"line":92},"6":{"name":"ClientDashboard","decl":{"start":{"line":114,"column":24},"end":{"line":114,"column":39}},"loc":{"start":{"line":114,"column":72},"end":{"line":189,"column":1}},"line":114},"7":{"name":"(anonymous_7)","decl":{"start":{"line":118,"column":43},"end":{"line":118,"column":44}},"loc":{"start":{"line":118,"column":56},"end":{"line":121,"column":3}},"line":118},"8":{"name":"(anonymous_8)","decl":{"start":{"line":119,"column":32},"end":{"line":119,"column":33}},"loc":{"start":{"line":119,"column":38},"end":{"line":119,"column":54}},"line":119},"9":{"name":"(anonymous_9)","decl":{"start":{"line":126,"column":92},"end":{"line":126,"column":93}},"loc":{"start":{"line":126,"column":98},"end":{"line":126,"column":116}},"line":126},"10":{"name":"(anonymous_10)","decl":{"start":{"line":154,"column":23},"end":{"line":154,"column":24}},"loc":{"start":{"line":155,"column":14},"end":{"line":163,"column":20}},"line":155},"11":{"name":"(anonymous_11)","decl":{"start":{"line":158,"column":27},"end":{"line":158,"column":28}},"loc":{"start":{"line":158,"column":33},"end":{"line":158,"column":60}},"line":158},"12":{"name":"(anonymous_12)","decl":{"start":{"line":169,"column":29},"end":{"line":169,"column":30}},"loc":{"start":{"line":170,"column":14},"end":{"line":182,"column":20}},"line":170}},"branchMap":{"0":{"loc":{"start":{"line":46,"column":9},"end":{"line":46,"column":27}},"type":"binary-expr","locations":[{"start":{"line":46,"column":9},"end":{"line":46,"column":22}},{"start":{"line":46,"column":26},"end":{"line":46,"column":27}}],"line":46},"1":{"loc":{"start":{"line":53,"column":38},"end":{"line":53,"column":70}},"type":"cond-expr","locations":[{"start":{"line":53,"column":52},"end":{"line":53,"column":61}},{"start":{"line":53,"column":64},"end":{"line":53,"column":70}}],"line":53},"2":{"loc":{"start":{"line":84,"column":12},"end":{"line":84,"column":66}},"type":"cond-expr","locations":[{"start":{"line":84,"column":21},"end":{"line":84,"column":40}},{"start":{"line":84,"column":43},"end":{"line":84,"column":66}}],"line":84},"3":{"loc":{"start":{"line":86,"column":15},"end":{"line":86,"column":50}},"type":"cond-expr","locations":[{"start":{"line":86,"column":24},"end":{"line":86,"column":37}},{"start":{"line":86,"column":40},"end":{"line":86,"column":50}}],"line":86},"4":{"loc":{"start":{"line":87,"column":15},"end":{"line":87,"column":64}},"type":"cond-expr","locations":[{"start":{"line":87,"column":24},"end":{"line":87,"column":55}},{"start":{"line":87,"column":58},"end":{"line":87,"column":64}}],"line":87},"5":{"loc":{"start":{"line":93,"column":10},"end":{"line":93,"column":44}},"type":"cond-expr","locations":[{"start":{"line":93,"column":19},"end":{"line":93,"column":30}},{"start":{"line":93,"column":33},"end":{"line":93,"column":44}}],"line":93},"6":{"loc":{"start":{"line":117,"column":27},"end":{"line":117,"column":67}},"type":"binary-expr","locations":[{"start":{"line":117,"column":27},"end":{"line":117,"column":61}},{"start":{"line":117,"column":65},"end":{"line":117,"column":67}}],"line":117},"7":{"loc":{"start":{"line":120,"column":11},"end":{"line":120,"column":96}},"type":"binary-expr","locations":[{"start":{"line":120,"column":11},"end":{"line":120,"column":16}},{"start":{"line":120,"column":20},"end":{"line":120,"column":96}}],"line":120},"8":{"loc":{"start":{"line":136,"column":22},"end":{"line":136,"column":51}},"type":"binary-expr","locations":[{"start":{"line":136,"column":22},"end":{"line":136,"column":34}},{"start":{"line":136,"column":38},"end":{"line":136,"column":51}}],"line":136},"9":{"loc":{"start":{"line":171,"column":17},"end":{"line":171,"column":70}},"type":"binary-expr","locations":[{"start":{"line":171,"column":17},"end":{"line":171,"column":24}},{"start":{"line":171,"column":28},"end":{"line":171,"column":70}}],"line":171},"10":{"loc":{"start":{"line":173,"column":23},"end":{"line":173,"column":60}},"type":"binary-expr","locations":[{"start":{"line":173,"column":23},"end":{"line":173,"column":46}},{"start":{"line":173,"column":50},"end":{"line":173,"column":60}}],"line":173}},"s":{"0":0,"1":0,"2":0,"3":0,"4":0,"5":0,"6":0,"7":0,"8":0,"9":0,"10":0,"11":0,"12":0,"13":0,"14":0,"15":0,"16":0,"17":0,"18":0,"19":0,"20":0,"21":0,"22":0,"23":0,"24":0,"25":0,"26":0,"27":0,"28":0,"29":0,"30":0,"31":0},"f":{"0":0,"1":0,"2":0,"3":0,"4":0,"5":0,"6":0,"7":0,"8":0,"9":0,"10":0,"11":0,"12":0},"b":{"0":[0,0],"1":[0,0],"2":[0,0],"3":[0,0],"4":[0,0],"5":[0,0],"6":[0,0],"7":[0,0],"8":[0,0],"9":[0,0],"10":[0,0]}}
,"C:\\Users\\Mocan Luiza\\MPP\\glow\\src\\pages\\GlowAndShine.jsx": {"path":"C:\\Users\\Mocan Luiza\\MPP\\glow\\src\\pages\\GlowAndShine.jsx","statementMap":{"0":{"start":{"line":6,"column":32},"end":{"line":6,"column":46}},"1":{"start":{"line":8,"column":2},"end":{"line":28,"column":4}}},"fnMap":{"0":{"name":"GlowAndShine","decl":{"start":{"line":5,"column":24},"end":{"line":5,"column":36}},"loc":{"start":{"line":5,"column":71},"end":{"line":29,"column":1}},"line":5}},"branchMap":{},"s":{"0":0,"1":0},"f":{"0":0},"b":{}}
,"C:\\Users\\Mocan Luiza\\MPP\\glow\\src\\pages\\GlowAndShine.styles.js": {"path":"C:\\Users\\Mocan Luiza\\MPP\\glow\\src\\pages\\GlowAndShine.styles.js","statementMap":{"0":{"start":{"line":1,"column":24},"end":{"line":1,"column":98}},"1":{"start":{"line":3,"column":26},"end":{"line":41,"column":1}}},"fnMap":{},"branchMap":{},"s":{"0":0,"1":0},"f":{},"b":{}}
,"C:\\Users\\Mocan Luiza\\MPP\\glow\\src\\pages\\LoginPage.jsx": {"path":"C:\\Users\\Mocan Luiza\\MPP\\glow\\src\\pages\\LoginPage.jsx","statementMap":{"0":{"start":{"line":6,"column":28},"end":{"line":6,"column":40}},"1":{"start":{"line":7,"column":34},"end":{"line":7,"column":46}},"2":{"start":{"line":8,"column":30},"end":{"line":8,"column":42}},"3":{"start":{"line":10,"column":22},"end":{"line":31,"column":3}},"4":{"start":{"line":11,"column":22},"end":{"line":11,"column":24}},"5":{"start":{"line":13,"column":4},"end":{"line":14,"column":91}},"6":{"start":{"line":13,"column":23},"end":{"line":13,"column":61}},"7":{"start":{"line":14,"column":9},"end":{"line":14,"column":91}},"8":{"start":{"line":14,"column":36},"end":{"line":14,"column":91}},"9":{"start":{"line":16,"column":4},"end":{"line":20,"column":5}},"10":{"start":{"line":16,"column":26},"end":{"line":16,"column":70}},"11":{"start":{"line":18,"column":23},"end":{"line":18,"column":49}},"12":{"start":{"line":19,"column":6},"end":{"line":19,"column":99}},"13":{"start":{"line":19,"column":31},"end":{"line":19,"column":99}},"14":{"start":{"line":22,"column":4},"end":{"line":22,"column":76}},"15":{"start":{"line":22,"column":45},"end":{"line":22,"column":66}},"16":{"start":{"line":22,"column":67},"end":{"line":22,"column":74}},"17":{"start":{"line":24,"column":17},"end":{"line":24,"column":43}},"18":{"start":{"line":25,"column":4},"end":{"line":28,"column":5}},"19":{"start":{"line":26,"column":6},"end":{"line":26,"column":58}},"20":{"start":{"line":27,"column":6},"end":{"line":27,"column":13}},"21":{"start":{"line":30,"column":4},"end":{"line":30,"column":25}},"22":{"start":{"line":33,"column":2},"end":{"line":93,"column":4}},"23":{"start":{"line":38,"column":123},"end":{"line":38,"column":141}},"24":{"start":{"line":59,"column":27},"end":{"line":59,"column":51}},"25":{"start":{"line":69,"column":27},"end":{"line":69,"column":54}},"26":{"start":{"line":83,"column":52},"end":{"line":83,"column":72}}},"fnMap":{"0":{"name":"LoginPage","decl":{"start":{"line":5,"column":24},"end":{"line":5,"column":33}},"loc":{"start":{"line":5,"column":66},"end":{"line":94,"column":1}},"line":5},"1":{"name":"(anonymous_1)","decl":{"start":{"line":10,"column":22},"end":{"line":10,"column":23}},"loc":{"start":{"line":10,"column":28},"end":{"line":31,"column":3}},"line":10},"2":{"name":"(anonymous_2)","decl":{"start":{"line":38,"column":117},"end":{"line":38,"column":118}},"loc":{"start":{"line":38,"column":123},"end":{"line":38,"column":141}},"line":38},"3":{"name":"(anonymous_3)","decl":{"start":{"line":59,"column":20},"end":{"line":59,"column":21}},"loc":{"start":{"line":59,"column":27},"end":{"line":59,"column":51}},"line":59},"4":{"name":"(anonymous_4)","decl":{"start":{"line":69,"column":20},"end":{"line":69,"column":21}},"loc":{"start":{"line":69,"column":27},"end":{"line":69,"column":54}},"line":69},"5":{"name":"(anonymous_5)","decl":{"start":{"line":83,"column":46},"end":{"line":83,"column":47}},"loc":{"start":{"line":83,"column":52},"end":{"line":83,"column":72}},"line":83}},"branchMap":{"0":{"loc":{"start":{"line":13,"column":4},"end":{"line":14,"column":91}},"type":"if","locations":[{"start":{"line":13,"column":4},"end":{"line":14,"column":91}},{"start":{"line":14,"column":9},"end":{"line":14,"column":91}}],"line":13},"1":{"loc":{"start":{"line":14,"column":9},"end":{"line":14,"column":91}},"type":"if","locations":[{"start":{"line":14,"column":9},"end":{"line":14,"column":91}},{"start":{},"end":{}}],"line":14},"2":{"loc":{"start":{"line":16,"column":4},"end":{"line":20,"column":5}},"type":"if","locations":[{"start":{"line":16,"column":4},"end":{"line":20,"column":5}},{"start":{"line":17,"column":9},"end":{"line":20,"column":5}}],"line":16},"3":{"loc":{"start":{"line":19,"column":6},"end":{"line":19,"column":99}},"type":"if","locations":[{"start":{"line":19,"column":6},"end":{"line":19,"column":99}},{"start":{},"end":{}}],"line":19},"4":{"loc":{"start":{"line":22,"column":4},"end":{"line":22,"column":76}},"type":"if","locations":[{"start":{"line":22,"column":4},"end":{"line":22,"column":76}},{"start":{},"end":{}}],"line":22},"5":{"loc":{"start":{"line":25,"column":4},"end":{"line":28,"column":5}},"type":"if","locations":[{"start":{"line":25,"column":4},"end":{"line":28,"column":5}},{"start":{},"end":{}}],"line":25},"6":{"loc":{"start":{"line":47,"column":9},"end":{"line":51,"column":9}},"type":"binary-expr","locations":[{"start":{"line":47,"column":9},"end":{"line":47,"column":23}},{"start":{"line":48,"column":10},"end":{"line":50,"column":16}}],"line":47},"7":{"loc":{"start":{"line":55,"column":35},"end":{"line":55,"column":88}},"type":"cond-expr","locations":[{"start":{"line":55,"column":50},"end":{"line":55,"column":83}},{"start":{"line":55,"column":86},"end":{"line":55,"column":88}}],"line":55},"8":{"loc":{"start":{"line":61,"column":9},"end":{"line":61,"column":143}},"type":"binary-expr","locations":[{"start":{"line":61,"column":9},"end":{"line":61,"column":21}},{"start":{"line":61,"column":25},"end":{"line":61,"column":143}}],"line":61},"9":{"loc":{"start":{"line":65,"column":35},"end":{"line":65,"column":91}},"type":"cond-expr","locations":[{"start":{"line":65,"column":53},"end":{"line":65,"column":86}},{"start":{"line":65,"column":89},"end":{"line":65,"column":91}}],"line":65},"10":{"loc":{"start":{"line":71,"column":9},"end":{"line":71,"column":149}},"type":"binary-expr","locations":[{"start":{"line":71,"column":9},"end":{"line":71,"column":24}},{"start":{"line":71,"column":28},"end":{"line":71,"column":149}}],"line":71}},"s":{"0":0,"1":0,"2":0,"3":0,"4":0,"5":0,"6":0,"7":0,"8":0,"9":0,"10":0,"11":0,"12":0,"13":0,"14":0,"15":0,"16":0,"17":0,"18":0,"19":0,"20":0,"21":0,"22":0,"23":0,"24":0,"25":0,"26":0},"f":{"0":0,"1":0,"2":0,"3":0,"4":0,"5":0},"b":{"0":[0,0],"1":[0,0],"2":[0,0],"3":[0,0],"4":[0,0],"5":[0,0],"6":[0,0],"7":[0,0],"8":[0,0],"9":[0,0],"10":[0,0]}}
,"C:\\Users\\Mocan Luiza\\MPP\\glow\\src\\pages\\LoginPage.styles.js": {"path":"C:\\Users\\Mocan Luiza\\MPP\\glow\\src\\pages\\LoginPage.styles.js","statementMap":{"0":{"start":{"line":1,"column":17},"end":{"line":1,"column":91}},"1":{"start":{"line":3,"column":17},"end":{"line":38,"column":1}}},"fnMap":{},"branchMap":{},"s":{"0":0,"1":0},"f":{},"b":{}}
,"C:\\Users\\Mocan Luiza\\MPP\\glow\\src\\pages\\ServicesPage.jsx": {"path":"C:\\Users\\Mocan Luiza\\MPP\\glow\\src\\pages\\ServicesPage.jsx","statementMap":{"0":{"start":{"line":10,"column":25},"end":{"line":19,"column":1}},"1":{"start":{"line":24,"column":34},"end":{"line":24,"column":60}},"2":{"start":{"line":25,"column":32},"end":{"line":25,"column":47}},"3":{"start":{"line":26,"column":38},"end":{"line":26,"column":52}},"4":{"start":{"line":27,"column":42},"end":{"line":27,"column":56}},"5":{"start":{"line":28,"column":42},"end":{"line":28,"column":56}},"6":{"start":{"line":29,"column":30},"end":{"line":29,"column":42}},"7":{"start":{"line":30,"column":26},"end":{"line":30,"column":37}},"8":{"start":{"line":32,"column":19},"end":{"line":34,"column":3}},"9":{"start":{"line":33,"column":4},"end":{"line":33,"column":56}},"10":{"start":{"line":35,"column":18},"end":{"line":35,"column":19}},"11":{"start":{"line":36,"column":21},"end":{"line":36,"column":70}},"12":{"start":{"line":37,"column":20},"end":{"line":37,"column":72}},"13":{"start":{"line":39,"column":20},"end":{"line":41,"column":3}},"14":{"start":{"line":40,"column":4},"end":{"line":40,"column":60}},"15":{"start":{"line":42,"column":21},"end":{"line":44,"column":3}},"16":{"start":{"line":43,"column":4},"end":{"line":43,"column":67}},"17":{"start":{"line":43,"column":35},"end":{"line":43,"column":64}},"18":{"start":{"line":45,"column":23},"end":{"line":47,"column":3}},"19":{"start":{"line":46,"column":4},"end":{"line":46,"column":66}},"20":{"start":{"line":46,"column":38},"end":{"line":46,"column":63}},"21":{"start":{"line":49,"column":2},"end":{"line":128,"column":4}},"22":{"start":{"line":71,"column":50},"end":{"line":71,"column":66}},"23":{"start":{"line":82,"column":33},"end":{"line":82,"column":59}},"24":{"start":{"line":82,"column":60},"end":{"line":82,"column":71}},"25":{"start":{"line":97,"column":16},"end":{"line":106,"column":21}},"26":{"start":{"line":102,"column":61},"end":{"line":102,"column":78}},"27":{"start":{"line":103,"column":63},"end":{"line":103,"column":82}},"28":{"start":{"line":104,"column":43},"end":{"line":104,"column":62}},"29":{"start":{"line":113,"column":53},"end":{"line":113,"column":85}},"30":{"start":{"line":113,"column":66},"end":{"line":113,"column":84}},"31":{"start":{"line":115,"column":14},"end":{"line":115,"column":115}},"32":{"start":{"line":115,"column":83},"end":{"line":115,"column":97}},"33":{"start":{"line":117,"column":53},"end":{"line":117,"column":94}},"34":{"start":{"line":117,"column":66},"end":{"line":117,"column":93}},"35":{"start":{"line":123,"column":50},"end":{"line":123,"column":67}},"36":{"start":{"line":124,"column":54},"end":{"line":124,"column":73}},"37":{"start":{"line":125,"column":58},"end":{"line":125,"column":79}},"38":{"start":{"line":126,"column":81},"end":{"line":126,"column":102}},"39":{"start":{"line":126,"column":122},"end":{"line":126,"column":144}},"40":{"start":{"line":126,"column":145},"end":{"line":126,"column":163}},"41":{"start":{"line":126,"column":187},"end":{"line":126,"column":209}},"42":{"start":{"line":126,"column":210},"end":{"line":126,"column":230}}},"fnMap":{"0":{"name":"ServicesPage","decl":{"start":{"line":23,"column":24},"end":{"line":23,"column":36}},"loc":{"start":{"line":23,"column":53},"end":{"line":129,"column":1}},"line":23},"1":{"name":"(anonymous_1)","decl":{"start":{"line":32,"column":35},"end":{"line":32,"column":36}},"loc":{"start":{"line":33,"column":4},"end":{"line":33,"column":56}},"line":33},"2":{"name":"(anonymous_2)","decl":{"start":{"line":39,"column":20},"end":{"line":39,"column":21}},"loc":{"start":{"line":39,"column":30},"end":{"line":41,"column":3}},"line":39},"3":{"name":"(anonymous_3)","decl":{"start":{"line":42,"column":21},"end":{"line":42,"column":22}},"loc":{"start":{"line":42,"column":31},"end":{"line":44,"column":3}},"line":42},"4":{"name":"(anonymous_4)","decl":{"start":{"line":43,"column":29},"end":{"line":43,"column":30}},"loc":{"start":{"line":43,"column":35},"end":{"line":43,"column":64}},"line":43},"5":{"name":"(anonymous_5)","decl":{"start":{"line":45,"column":23},"end":{"line":45,"column":24}},"loc":{"start":{"line":45,"column":29},"end":{"line":47,"column":3}},"line":45},"6":{"name":"(anonymous_6)","decl":{"start":{"line":46,"column":32},"end":{"line":46,"column":33}},"loc":{"start":{"line":46,"column":38},"end":{"line":46,"column":63}},"line":46},"7":{"name":"(anonymous_7)","decl":{"start":{"line":71,"column":44},"end":{"line":71,"column":45}},"loc":{"start":{"line":71,"column":50},"end":{"line":71,"column":66}},"line":71},"8":{"name":"(anonymous_8)","decl":{"start":{"line":82,"column":24},"end":{"line":82,"column":25}},"loc":{"start":{"line":82,"column":31},"end":{"line":82,"column":73}},"line":82},"9":{"name":"(anonymous_9)","decl":{"start":{"line":96,"column":29},"end":{"line":96,"column":30}},"loc":{"start":{"line":97,"column":16},"end":{"line":106,"column":21}},"line":97},"10":{"name":"(anonymous_10)","decl":{"start":{"line":102,"column":55},"end":{"line":102,"column":56}},"loc":{"start":{"line":102,"column":61},"end":{"line":102,"column":78}},"line":102},"11":{"name":"(anonymous_11)","decl":{"start":{"line":103,"column":57},"end":{"line":103,"column":58}},"loc":{"start":{"line":103,"column":63},"end":{"line":103,"column":82}},"line":103},"12":{"name":"(anonymous_12)","decl":{"start":{"line":104,"column":37},"end":{"line":104,"column":38}},"loc":{"start":{"line":104,"column":43},"end":{"line":104,"column":62}},"line":104},"13":{"name":"(anonymous_13)","decl":{"start":{"line":113,"column":47},"end":{"line":113,"column":48}},"loc":{"start":{"line":113,"column":53},"end":{"line":113,"column":85}},"line":113},"14":{"name":"(anonymous_14)","decl":{"start":{"line":113,"column":61},"end":{"line":113,"column":62}},"loc":{"start":{"line":113,"column":66},"end":{"line":113,"column":84}},"line":113},"15":{"name":"(anonymous_15)","decl":{"start":{"line":114,"column":48},"end":{"line":114,"column":49}},"loc":{"start":{"line":115,"column":14},"end":{"line":115,"column":115}},"line":115},"16":{"name":"(anonymous_16)","decl":{"start":{"line":115,"column":77},"end":{"line":115,"column":78}},"loc":{"start":{"line":115,"column":83},"end":{"line":115,"column":97}},"line":115},"17":{"name":"(anonymous_17)","decl":{"start":{"line":117,"column":47},"end":{"line":117,"column":48}},"loc":{"start":{"line":117,"column":53},"end":{"line":117,"column":94}},"line":117},"18":{"name":"(anonymous_18)","decl":{"start":{"line":117,"column":61},"end":{"line":117,"column":62}},"loc":{"start":{"line":117,"column":66},"end":{"line":117,"column":93}},"line":117},"19":{"name":"(anonymous_19)","decl":{"start":{"line":123,"column":44},"end":{"line":123,"column":45}},"loc":{"start":{"line":123,"column":50},"end":{"line":123,"column":67}},"line":123},"20":{"name":"(anonymous_20)","decl":{"start":{"line":124,"column":48},"end":{"line":124,"column":49}},"loc":{"start":{"line":124,"column":54},"end":{"line":124,"column":73}},"line":124},"21":{"name":"(anonymous_21)","decl":{"start":{"line":125,"column":52},"end":{"line":125,"column":53}},"loc":{"start":{"line":125,"column":58},"end":{"line":125,"column":79}},"line":125},"22":{"name":"(anonymous_22)","decl":{"start":{"line":126,"column":75},"end":{"line":126,"column":76}},"loc":{"start":{"line":126,"column":81},"end":{"line":126,"column":102}},"line":126},"23":{"name":"(anonymous_23)","decl":{"start":{"line":126,"column":112},"end":{"line":126,"column":113}},"loc":{"start":{"line":126,"column":120},"end":{"line":126,"column":165}},"line":126},"24":{"name":"(anonymous_24)","decl":{"start":{"line":126,"column":177},"end":{"line":126,"column":178}},"loc":{"start":{"line":126,"column":185},"end":{"line":126,"column":232}},"line":126}},"branchMap":{"0":{"loc":{"start":{"line":43,"column":35},"end":{"line":43,"column":64}},"type":"cond-expr","locations":[{"start":{"line":43,"column":55},"end":{"line":43,"column":59}},{"start":{"line":43,"column":62},"end":{"line":43,"column":64}}],"line":43},"1":{"loc":{"start":{"line":123,"column":7},"end":{"line":123,"column":109}},"type":"binary-expr","locations":[{"start":{"line":123,"column":7},"end":{"line":123,"column":14}},{"start":{"line":123,"column":18},"end":{"line":123,"column":109}}],"line":123},"2":{"loc":{"start":{"line":124,"column":7},"end":{"line":124,"column":138}},"type":"binary-expr","locations":[{"start":{"line":124,"column":7},"end":{"line":124,"column":17}},{"start":{"line":124,"column":21},"end":{"line":124,"column":138}}],"line":124},"3":{"loc":{"start":{"line":125,"column":7},"end":{"line":125,"column":108}},"type":"binary-expr","locations":[{"start":{"line":125,"column":7},"end":{"line":125,"column":19}},{"start":{"line":125,"column":23},"end":{"line":125,"column":108}}],"line":125},"4":{"loc":{"start":{"line":126,"column":7},"end":{"line":126,"column":236}},"type":"binary-expr","locations":[{"start":{"line":126,"column":7},"end":{"line":126,"column":19}},{"start":{"line":126,"column":23},"end":{"line":126,"column":236}}],"line":126}},"s":{"0":0,"1":0,"2":0,"3":0,"4":0,"5":0,"6":0,"7":0,"8":0,"9":0,"10":0,"11":0,"12":0,"13":0,"14":0,"15":0,"16":0,"17":0,"18":0,"19":0,"20":0,"21":0,"22":0,"23":0,"24":0,"25":0,"26":0,"27":0,"28":0,"29":0,"30":0,"31":0,"32":0,"33":0,"34":0,"35":0,"36":0,"37":0,"38":0,"39":0,"40":0,"41":0,"42":0},"f":{"0":0,"1":0,"2":0,"3":0,"4":0,"5":0,"6":0,"7":0,"8":0,"9":0,"10":0,"11":0,"12":0,"13":0,"14":0,"15":0,"16":0,"17":0,"18":0,"19":0,"20":0,"21":0,"22":0,"23":0,"24":0},"b":{"0":[0,0],"1":[0,0],"2":[0,0],"3":[0,0],"4":[0,0]}}
,"C:\\Users\\Mocan Luiza\\MPP\\glow\\src\\pages\\ServicesPage.styles.js": {"path":"C:\\Users\\Mocan Luiza\\MPP\\glow\\src\\pages\\ServicesPage.styles.js","statementMap":{"0":{"start":{"line":1,"column":29},"end":{"line":1,"column":103}},"1":{"start":{"line":2,"column":17},"end":{"line":64,"column":1}},"2":{"start":{"line":54,"column":24},"end":{"line":58,"column":3}}},"fnMap":{"0":{"name":"(anonymous_0)","decl":{"start":{"line":54,"column":11},"end":{"line":54,"column":12}},"loc":{"start":{"line":54,"column":24},"end":{"line":58,"column":3}},"line":54}},"branchMap":{"0":{"loc":{"start":{"line":56,"column":16},"end":{"line":56,"column":43}},"type":"cond-expr","locations":[{"start":{"line":56,"column":25},"end":{"line":56,"column":34}},{"start":{"line":56,"column":37},"end":{"line":56,"column":43}}],"line":56}},"s":{"0":0,"1":0,"2":0},"f":{"0":0},"b":{"0":[0,0]}}
,"C:\\Users\\Mocan Luiza\\MPP\\glow\\src\\pages\\SignUpPage.jsx": {"path":"C:\\Users\\Mocan Luiza\\MPP\\glow\\src\\pages\\SignUpPage.jsx","statementMap":{"0":{"start":{"line":6,"column":26},"end":{"line":6,"column":97}},"1":{"start":{"line":7,"column":30},"end":{"line":7,"column":42}},"2":{"start":{"line":8,"column":14},"end":{"line":8,"column":69}},"3":{"start":{"line":8,"column":21},"end":{"line":8,"column":69}},"4":{"start":{"line":8,"column":28},"end":{"line":8,"column":69}},"5":{"start":{"line":10,"column":23},"end":{"line":37,"column":3}},"6":{"start":{"line":11,"column":22},"end":{"line":11,"column":24}},"7":{"start":{"line":13,"column":4},"end":{"line":14,"column":96}},"8":{"start":{"line":13,"column":27},"end":{"line":13,"column":68}},"9":{"start":{"line":14,"column":9},"end":{"line":14,"column":96}},"10":{"start":{"line":14,"column":42},"end":{"line":14,"column":96}},"11":{"start":{"line":16,"column":4},"end":{"line":17,"column":112}},"12":{"start":{"line":16,"column":28},"end":{"line":16,"column":66}},"13":{"start":{"line":17,"column":9},"end":{"line":17,"column":112}},"14":{"start":{"line":17,"column":58},"end":{"line":17,"column":112}},"15":{"start":{"line":19,"column":4},"end":{"line":22,"column":68}},"16":{"start":{"line":19,"column":28},"end":{"line":19,"column":66}},"17":{"start":{"line":20,"column":9},"end":{"line":22,"column":68}},"18":{"start":{"line":20,"column":41},"end":{"line":20,"column":96}},"19":{"start":{"line":21,"column":9},"end":{"line":22,"column":68}},"20":{"start":{"line":21,"column":29},"end":{"line":21,"column":79}},"21":{"start":{"line":22,"column":6},"end":{"line":22,"column":68}},"22":{"start":{"line":24,"column":4},"end":{"line":28,"column":5}},"23":{"start":{"line":24,"column":31},"end":{"line":24,"column":75}},"24":{"start":{"line":26,"column":23},"end":{"line":26,"column":54}},"25":{"start":{"line":27,"column":6},"end":{"line":27,"column":99}},"26":{"start":{"line":27,"column":31},"end":{"line":27,"column":99}},"27":{"start":{"line":30,"column":4},"end":{"line":31,"column":90}},"28":{"start":{"line":30,"column":30},"end":{"line":30,"column":81}},"29":{"start":{"line":31,"column":9},"end":{"line":31,"column":90}},"30":{"start":{"line":31,"column":45},"end":{"line":31,"column":90}},"31":{"start":{"line":33,"column":4},"end":{"line":33,"column":76}},"32":{"start":{"line":33,"column":45},"end":{"line":33,"column":66}},"33":{"start":{"line":33,"column":67},"end":{"line":33,"column":74}},"34":{"start":{"line":35,"column":20},"end":{"line":35,"column":84}},"35":{"start":{"line":36,"column":4},"end":{"line":36,"column":28}},"36":{"start":{"line":39,"column":21},"end":{"line":42,"column":4}},"37":{"start":{"line":39,"column":33},"end":{"line":42,"column":3}},"38":{"start":{"line":44,"column":20},"end":{"line":46,"column":10}},"39":{"start":{"line":44,"column":31},"end":{"line":46,"column":10}},"40":{"start":{"line":48,"column":2},"end":{"line":90,"column":4}},"41":{"start":{"line":53,"column":123},"end":{"line":53,"column":141}},"42":{"start":{"line":86,"column":51},"end":{"line":86,"column":70}}},"fnMap":{"0":{"name":"SignUpPage","decl":{"start":{"line":5,"column":24},"end":{"line":5,"column":34}},"loc":{"start":{"line":5,"column":67},"end":{"line":91,"column":1}},"line":5},"1":{"name":"(anonymous_1)","decl":{"start":{"line":8,"column":14},"end":{"line":8,"column":15}},"loc":{"start":{"line":8,"column":21},"end":{"line":8,"column":69}},"line":8},"2":{"name":"(anonymous_2)","decl":{"start":{"line":8,"column":21},"end":{"line":8,"column":22}},"loc":{"start":{"line":8,"column":28},"end":{"line":8,"column":69}},"line":8},"3":{"name":"(anonymous_3)","decl":{"start":{"line":10,"column":23},"end":{"line":10,"column":24}},"loc":{"start":{"line":10,"column":29},"end":{"line":37,"column":3}},"line":10},"4":{"name":"(anonymous_4)","decl":{"start":{"line":21,"column":24},"end":{"line":21,"column":25}},"loc":{"start":{"line":21,"column":29},"end":{"line":21,"column":79}},"line":21},"5":{"name":"(anonymous_5)","decl":{"start":{"line":39,"column":21},"end":{"line":39,"column":22}},"loc":{"start":{"line":39,"column":33},"end":{"line":42,"column":3}},"line":39},"6":{"name":"(anonymous_6)","decl":{"start":{"line":44,"column":20},"end":{"line":44,"column":21}},"loc":{"start":{"line":44,"column":31},"end":{"line":46,"column":10}},"line":44},"7":{"name":"(anonymous_7)","decl":{"start":{"line":53,"column":117},"end":{"line":53,"column":118}},"loc":{"start":{"line":53,"column":123},"end":{"line":53,"column":141}},"line":53},"8":{"name":"(anonymous_8)","decl":{"start":{"line":86,"column":45},"end":{"line":86,"column":46}},"loc":{"start":{"line":86,"column":51},"end":{"line":86,"column":70}},"line":86}},"branchMap":{"0":{"loc":{"start":{"line":13,"column":4},"end":{"line":14,"column":96}},"type":"if","locations":[{"start":{"line":13,"column":4},"end":{"line":14,"column":96}},{"start":{"line":14,"column":9},"end":{"line":14,"column":96}}],"line":13},"1":{"loc":{"start":{"line":14,"column":9},"end":{"line":14,"column":96}},"type":"if","locations":[{"start":{"line":14,"column":9},"end":{"line":14,"column":96}},{"start":{},"end":{}}],"line":14},"2":{"loc":{"start":{"line":16,"column":4},"end":{"line":17,"column":112}},"type":"if","locations":[{"start":{"line":16,"column":4},"end":{"line":17,"column":112}},{"start":{"line":17,"column":9},"end":{"line":17,"column":112}}],"line":16},"3":{"loc":{"start":{"line":17,"column":9},"end":{"line":17,"column":112}},"type":"if","locations":[{"start":{"line":17,"column":9},"end":{"line":17,"column":112}},{"start":{},"end":{}}],"line":17},"4":{"loc":{"start":{"line":19,"column":4},"end":{"line":22,"column":68}},"type":"if","locations":[{"start":{"line":19,"column":4},"end":{"line":22,"column":68}},{"start":{"line":20,"column":9},"end":{"line":22,"column":68}}],"line":19},"5":{"loc":{"start":{"line":20,"column":9},"end":{"line":22,"column":68}},"type":"if","locations":[{"start":{"line":20,"column":9},"end":{"line":22,"column":68}},{"start":{"line":21,"column":9},"end":{"line":22,"column":68}}],"line":20},"6":{"loc":{"start":{"line":21,"column":9},"end":{"line":22,"column":68}},"type":"if","locations":[{"start":{"line":21,"column":9},"end":{"line":22,"column":68}},{"start":{},"end":{}}],"line":21},"7":{"loc":{"start":{"line":24,"column":4},"end":{"line":28,"column":5}},"type":"if","locations":[{"start":{"line":24,"column":4},"end":{"line":28,"column":5}},{"start":{"line":25,"column":9},"end":{"line":28,"column":5}}],"line":24},"8":{"loc":{"start":{"line":27,"column":6},"end":{"line":27,"column":99}},"type":"if","locations":[{"start":{"line":27,"column":6},"end":{"line":27,"column":99}},{"start":{},"end":{}}],"line":27},"9":{"loc":{"start":{"line":30,"column":4},"end":{"line":31,"column":90}},"type":"if","locations":[{"start":{"line":30,"column":4},"end":{"line":31,"column":90}},{"start":{"line":31,"column":9},"end":{"line":31,"column":90}}],"line":30},"10":{"loc":{"start":{"line":31,"column":9},"end":{"line":31,"column":90}},"type":"if","locations":[{"start":{"line":31,"column":9},"end":{"line":31,"column":90}},{"start":{},"end":{}}],"line":31},"11":{"loc":{"start":{"line":33,"column":4},"end":{"line":33,"column":76}},"type":"if","locations":[{"start":{"line":33,"column":4},"end":{"line":33,"column":76}},{"start":{},"end":{}}],"line":33},"12":{"loc":{"start":{"line":41,"column":8},"end":{"line":41,"column":62}},"type":"cond-expr","locations":[{"start":{"line":41,"column":24},"end":{"line":41,"column":57}},{"start":{"line":41,"column":60},"end":{"line":41,"column":62}}],"line":41},"13":{"loc":{"start":{"line":44,"column":31},"end":{"line":46,"column":10}},"type":"cond-expr","locations":[{"start":{"line":45,"column":6},"end":{"line":45,"column":125}},{"start":{"line":46,"column":6},"end":{"line":46,"column":10}}],"line":44}},"s":{"0":0,"1":0,"2":0,"3":0,"4":0,"5":0,"6":0,"7":0,"8":0,"9":0,"10":0,"11":0,"12":0,"13":0,"14":0,"15":0,"16":0,"17":0,"18":0,"19":0,"20":0,"21":0,"22":0,"23":0,"24":0,"25":0,"26":0,"27":0,"28":0,"29":0,"30":0,"31":0,"32":0,"33":0,"34":0,"35":0,"36":0,"37":0,"38":0,"39":0,"40":0,"41":0,"42":0},"f":{"0":0,"1":0,"2":0,"3":0,"4":0,"5":0,"6":0,"7":0,"8":0},"b":{"0":[0,0],"1":[0,0],"2":[0,0],"3":[0,0],"4":[0,0],"5":[0,0],"6":[0,0],"7":[0,0],"8":[0,0],"9":[0,0],"10":[0,0],"11":[0,0],"12":[0,0],"13":[0,0]}}
,"C:\\Users\\Mocan Luiza\\MPP\\glow\\src\\pages\\SignUpPage.styles.js": {"path":"C:\\Users\\Mocan Luiza\\MPP\\glow\\src\\pages\\SignUpPage.styles.js","statementMap":{"0":{"start":{"line":1,"column":17},"end":{"line":1,"column":91}},"1":{"start":{"line":3,"column":17},"end":{"line":36,"column":1}}},"fnMap":{},"branchMap":{},"s":{"0":0,"1":0},"f":{},"b":{}}
,"C:\\Users\\Mocan Luiza\\MPP\\glow\\src\\pages\\StatisticsPage.jsx": {"path":"C:\\Users\\Mocan Luiza\\MPP\\glow\\src\\pages\\StatisticsPage.jsx","statementMap":{"0":{"start":{"line":16,"column":0},"end":{"line":16,"column":114}},"1":{"start":{"line":18,"column":20},"end":{"line":22,"column":1}},"2":{"start":{"line":24,"column":26},"end":{"line":29,"column":1}},"3":{"start":{"line":25,"column":15},"end":{"line":25,"column":28}},"4":{"start":{"line":26,"column":2},"end":{"line":26,"column":36}},"5":{"start":{"line":26,"column":18},"end":{"line":26,"column":36}},"6":{"start":{"line":27,"column":2},"end":{"line":27,"column":37}},"7":{"start":{"line":27,"column":18},"end":{"line":27,"column":37}},"8":{"start":{"line":28,"column":2},"end":{"line":28,"column":19}},"9":{"start":{"line":31,"column":21},"end":{"line":36,"column":1}},"10":{"start":{"line":32,"column":14},"end":{"line":32,"column":46}},"11":{"start":{"line":33,"column":2},"end":{"line":33,"column":30}},"12":{"start":{"line":33,"column":17},"end":{"line":33,"column":30}},"13":{"start":{"line":34,"column":2},"end":{"line":34,"column":33}},"14":{"start":{"line":34,"column":17},"end":{"line":34,"column":33}},"15":{"start":{"line":35,"column":2},"end":{"line":35,"column":16}},"16":{"start":{"line":38,"column":18},"end":{"line":43,"column":1}},"17":{"start":{"line":39,"column":14},"end":{"line":39,"column":46}},"18":{"start":{"line":40,"column":2},"end":{"line":40,"column":26}},"19":{"start":{"line":40,"column":17},"end":{"line":40,"column":26}},"20":{"start":{"line":41,"column":2},"end":{"line":41,"column":26}},"21":{"start":{"line":41,"column":17},"end":{"line":41,"column":26}},"22":{"start":{"line":42,"column":2},"end":{"line":42,"column":11}},"23":{"start":{"line":46,"column":2},"end":{"line":52,"column":4}},"24":{"start":{"line":49,"column":8},"end":{"line":49,"column":81}},"25":{"start":{"line":56,"column":20},"end":{"line":56,"column":32}},"26":{"start":{"line":57,"column":19},"end":{"line":57,"column":31}},"27":{"start":{"line":59,"column":2},"end":{"line":89,"column":17}},"28":{"start":{"line":60,"column":19},"end":{"line":60,"column":49}},"29":{"start":{"line":61,"column":4},"end":{"line":66,"column":7}},"30":{"start":{"line":62,"column":18},"end":{"line":62,"column":53}},"31":{"start":{"line":63,"column":6},"end":{"line":65,"column":25}},"32":{"start":{"line":63,"column":21},"end":{"line":63,"column":34}},"33":{"start":{"line":64,"column":11},"end":{"line":65,"column":25}},"34":{"start":{"line":64,"column":26},"end":{"line":64,"column":42}},"35":{"start":{"line":65,"column":11},"end":{"line":65,"column":25}},"36":{"start":{"line":68,"column":4},"end":{"line":68,"column":53}},"37":{"start":{"line":68,"column":26},"end":{"line":68,"column":53}},"38":{"start":{"line":69,"column":4},"end":{"line":69,"column":35}},"39":{"start":{"line":69,"column":28},"end":{"line":69,"column":35}},"40":{"start":{"line":71,"column":4},"end":{"line":87,"column":7}},"41":{"start":{"line":88,"column":4},"end":{"line":88,"column":71}},"42":{"start":{"line":88,"column":19},"end":{"line":88,"column":68}},"43":{"start":{"line":88,"column":41},"end":{"line":88,"column":68}},"44":{"start":{"line":91,"column":2},"end":{"line":91,"column":36}},"45":{"start":{"line":95,"column":20},"end":{"line":95,"column":32}},"46":{"start":{"line":96,"column":19},"end":{"line":96,"column":31}},"47":{"start":{"line":98,"column":2},"end":{"line":125,"column":17}},"48":{"start":{"line":99,"column":19},"end":{"line":99,"column":66}},"49":{"start":{"line":100,"column":4},"end":{"line":100,"column":69}},"50":{"start":{"line":100,"column":27},"end":{"line":100,"column":67}},"51":{"start":{"line":102,"column":4},"end":{"line":102,"column":53}},"52":{"start":{"line":102,"column":26},"end":{"line":102,"column":53}},"53":{"start":{"line":103,"column":4},"end":{"line":103,"column":35}},"54":{"start":{"line":103,"column":28},"end":{"line":103,"column":35}},"55":{"start":{"line":105,"column":4},"end":{"line":123,"column":7}},"56":{"start":{"line":124,"column":4},"end":{"line":124,"column":71}},"57":{"start":{"line":124,"column":19},"end":{"line":124,"column":68}},"58":{"start":{"line":124,"column":41},"end":{"line":124,"column":68}},"59":{"start":{"line":127,"column":2},"end":{"line":127,"column":36}},"60":{"start":{"line":131,"column":20},"end":{"line":131,"column":32}},"61":{"start":{"line":132,"column":19},"end":{"line":132,"column":31}},"62":{"start":{"line":134,"column":2},"end":{"line":161,"column":17}},"63":{"start":{"line":135,"column":19},"end":{"line":135,"column":55}},"64":{"start":{"line":136,"column":4},"end":{"line":136,"column":61}},"65":{"start":{"line":136,"column":27},"end":{"line":136,"column":59}},"66":{"start":{"line":138,"column":4},"end":{"line":138,"column":53}},"67":{"start":{"line":138,"column":26},"end":{"line":138,"column":53}},"68":{"start":{"line":139,"column":4},"end":{"line":139,"column":35}},"69":{"start":{"line":139,"column":28},"end":{"line":139,"column":35}},"70":{"start":{"line":141,"column":4},"end":{"line":159,"column":7}},"71":{"start":{"line":160,"column":4},"end":{"line":160,"column":71}},"72":{"start":{"line":160,"column":19},"end":{"line":160,"column":68}},"73":{"start":{"line":160,"column":41},"end":{"line":160,"column":68}},"74":{"start":{"line":163,"column":2},"end":{"line":163,"column":36}},"75":{"start":{"line":167,"column":17},"end":{"line":169,"column":16}},"76":{"start":{"line":168,"column":20},"end":{"line":168,"column":59}},"77":{"start":{"line":171,"column":2},"end":{"line":182,"column":4}},"78":{"start":{"line":174,"column":8},"end":{"line":179,"column":14}},"79":{"start":{"line":186,"column":26},"end":{"line":186,"column":37}},"80":{"start":{"line":187,"column":18},"end":{"line":187,"column":19}},"81":{"start":{"line":188,"column":21},"end":{"line":188,"column":70}},"82":{"start":{"line":189,"column":20},"end":{"line":189,"column":72}},"83":{"start":{"line":191,"column":20},"end":{"line":191,"column":87}},"84":{"start":{"line":193,"column":2},"end":{"line":235,"column":4}},"85":{"start":{"line":207,"column":25},"end":{"line":207,"column":47}},"86":{"start":{"line":208,"column":26},"end":{"line":208,"column":61}},"87":{"start":{"line":209,"column":29},"end":{"line":209,"column":50}},"88":{"start":{"line":210,"column":25},"end":{"line":210,"column":65}},"89":{"start":{"line":211,"column":12},"end":{"line":223,"column":14}},"90":{"start":{"line":228,"column":49},"end":{"line":228,"column":81}},"91":{"start":{"line":228,"column":62},"end":{"line":228,"column":80}},"92":{"start":{"line":230,"column":10},"end":{"line":230,"column":111}},"93":{"start":{"line":230,"column":79},"end":{"line":230,"column":93}},"94":{"start":{"line":232,"column":49},"end":{"line":232,"column":90}},"95":{"start":{"line":232,"column":62},"end":{"line":232,"column":89}},"96":{"start":{"line":239,"column":26},"end":{"line":239,"column":43}},"97":{"start":{"line":241,"column":2},"end":{"line":297,"column":4}},"98":{"start":{"line":265,"column":94},"end":{"line":265,"column":110}},"99":{"start":{"line":268,"column":96},"end":{"line":268,"column":114}}},"fnMap":{"0":{"name":"(anonymous_0)","decl":{"start":{"line":24,"column":26},"end":{"line":24,"column":27}},"loc":{"start":{"line":24,"column":35},"end":{"line":29,"column":1}},"line":24},"1":{"name":"(anonymous_1)","decl":{"start":{"line":31,"column":21},"end":{"line":31,"column":22}},"loc":{"start":{"line":31,"column":32},"end":{"line":36,"column":1}},"line":31},"2":{"name":"(anonymous_2)","decl":{"start":{"line":38,"column":18},"end":{"line":38,"column":19}},"loc":{"start":{"line":38,"column":29},"end":{"line":43,"column":1}},"line":38},"3":{"name":"StarRating","decl":{"start":{"line":45,"column":9},"end":{"line":45,"column":19}},"loc":{"start":{"line":45,"column":41},"end":{"line":53,"column":1}},"line":45},"4":{"name":"(anonymous_4)","decl":{"start":{"line":48,"column":35},"end":{"line":48,"column":36}},"loc":{"start":{"line":49,"column":8},"end":{"line":49,"column":81}},"line":49},"5":{"name":"PieChart","decl":{"start":{"line":55,"column":9},"end":{"line":55,"column":17}},"loc":{"start":{"line":55,"column":32},"end":{"line":92,"column":1}},"line":55},"6":{"name":"(anonymous_6)","decl":{"start":{"line":59,"column":12},"end":{"line":59,"column":13}},"loc":{"start":{"line":59,"column":18},"end":{"line":89,"column":3}},"line":59},"7":{"name":"(anonymous_7)","decl":{"start":{"line":61,"column":21},"end":{"line":61,"column":22}},"loc":{"start":{"line":61,"column":27},"end":{"line":66,"column":5}},"line":61},"8":{"name":"(anonymous_8)","decl":{"start":{"line":88,"column":11},"end":{"line":88,"column":12}},"loc":{"start":{"line":88,"column":17},"end":{"line":88,"column":70}},"line":88},"9":{"name":"DurationBarChart","decl":{"start":{"line":94,"column":9},"end":{"line":94,"column":25}},"loc":{"start":{"line":94,"column":40},"end":{"line":128,"column":1}},"line":94},"10":{"name":"(anonymous_10)","decl":{"start":{"line":98,"column":12},"end":{"line":98,"column":13}},"loc":{"start":{"line":98,"column":18},"end":{"line":125,"column":3}},"line":98},"11":{"name":"(anonymous_11)","decl":{"start":{"line":100,"column":21},"end":{"line":100,"column":22}},"loc":{"start":{"line":100,"column":27},"end":{"line":100,"column":67}},"line":100},"12":{"name":"(anonymous_12)","decl":{"start":{"line":124,"column":11},"end":{"line":124,"column":12}},"loc":{"start":{"line":124,"column":17},"end":{"line":124,"column":70}},"line":124},"13":{"name":"FrequencyBarChart","decl":{"start":{"line":130,"column":9},"end":{"line":130,"column":26}},"loc":{"start":{"line":130,"column":41},"end":{"line":164,"column":1}},"line":130},"14":{"name":"(anonymous_14)","decl":{"start":{"line":134,"column":12},"end":{"line":134,"column":13}},"loc":{"start":{"line":134,"column":18},"end":{"line":161,"column":3}},"line":134},"15":{"name":"(anonymous_15)","decl":{"start":{"line":136,"column":21},"end":{"line":136,"column":22}},"loc":{"start":{"line":136,"column":27},"end":{"line":136,"column":59}},"line":136},"16":{"name":"(anonymous_16)","decl":{"start":{"line":160,"column":11},"end":{"line":160,"column":12}},"loc":{"start":{"line":160,"column":17},"end":{"line":160,"column":70}},"line":160},"17":{"name":"RankingTable","decl":{"start":{"line":166,"column":9},"end":{"line":166,"column":21}},"loc":{"start":{"line":166,"column":36},"end":{"line":183,"column":1}},"line":166},"18":{"name":"(anonymous_18)","decl":{"start":{"line":168,"column":10},"end":{"line":168,"column":11}},"loc":{"start":{"line":168,"column":20},"end":{"line":168,"column":59}},"line":168},"19":{"name":"(anonymous_19)","decl":{"start":{"line":173,"column":18},"end":{"line":173,"column":19}},"loc":{"start":{"line":174,"column":8},"end":{"line":179,"column":14}},"line":174},"20":{"name":"TabularView","decl":{"start":{"line":185,"column":9},"end":{"line":185,"column":20}},"loc":{"start":{"line":185,"column":35},"end":{"line":236,"column":1}},"line":185},"21":{"name":"(anonymous_21)","decl":{"start":{"line":206,"column":25},"end":{"line":206,"column":26}},"loc":{"start":{"line":206,"column":33},"end":{"line":224,"column":11}},"line":206},"22":{"name":"(anonymous_22)","decl":{"start":{"line":228,"column":43},"end":{"line":228,"column":44}},"loc":{"start":{"line":228,"column":49},"end":{"line":228,"column":81}},"line":228},"23":{"name":"(anonymous_23)","decl":{"start":{"line":228,"column":57},"end":{"line":228,"column":58}},"loc":{"start":{"line":228,"column":62},"end":{"line":228,"column":80}},"line":228},"24":{"name":"(anonymous_24)","decl":{"start":{"line":229,"column":44},"end":{"line":229,"column":45}},"loc":{"start":{"line":230,"column":10},"end":{"line":230,"column":111}},"line":230},"25":{"name":"(anonymous_25)","decl":{"start":{"line":230,"column":73},"end":{"line":230,"column":74}},"loc":{"start":{"line":230,"column":79},"end":{"line":230,"column":93}},"line":230},"26":{"name":"(anonymous_26)","decl":{"start":{"line":232,"column":43},"end":{"line":232,"column":44}},"loc":{"start":{"line":232,"column":49},"end":{"line":232,"column":90}},"line":232},"27":{"name":"(anonymous_27)","decl":{"start":{"line":232,"column":57},"end":{"line":232,"column":58}},"loc":{"start":{"line":232,"column":62},"end":{"line":232,"column":89}},"line":232},"28":{"name":"StatisticsPage","decl":{"start":{"line":238,"column":24},"end":{"line":238,"column":38}},"loc":{"start":{"line":238,"column":65},"end":{"line":298,"column":1}},"line":238},"29":{"name":"(anonymous_29)","decl":{"start":{"line":265,"column":88},"end":{"line":265,"column":89}},"loc":{"start":{"line":265,"column":94},"end":{"line":265,"column":110}},"line":265},"30":{"name":"(anonymous_30)","decl":{"start":{"line":268,"column":90},"end":{"line":268,"column":91}},"loc":{"start":{"line":268,"column":96},"end":{"line":268,"column":114}},"line":268}},"branchMap":{"0":{"loc":{"start":{"line":26,"column":2},"end":{"line":26,"column":36}},"type":"if","locations":[{"start":{"line":26,"column":2},"end":{"line":26,"column":36}},{"start":{},"end":{}}],"line":26},"1":{"loc":{"start":{"line":27,"column":2},"end":{"line":27,"column":37}},"type":"if","locations":[{"start":{"line":27,"column":2},"end":{"line":27,"column":37}},{"start":{},"end":{}}],"line":27},"2":{"loc":{"start":{"line":33,"column":2},"end":{"line":33,"column":30}},"type":"if","locations":[{"start":{"line":33,"column":2},"end":{"line":33,"column":30}},{"start":{},"end":{}}],"line":33},"3":{"loc":{"start":{"line":34,"column":2},"end":{"line":34,"column":33}},"type":"if","locations":[{"start":{"line":34,"column":2},"end":{"line":34,"column":33}},{"start":{},"end":{}}],"line":34},"4":{"loc":{"start":{"line":40,"column":2},"end":{"line":40,"column":26}},"type":"if","locations":[{"start":{"line":40,"column":2},"end":{"line":40,"column":26}},{"start":{},"end":{}}],"line":40},"5":{"loc":{"start":{"line":41,"column":2},"end":{"line":41,"column":26}},"type":"if","locations":[{"start":{"line":41,"column":2},"end":{"line":41,"column":26}},{"start":{},"end":{}}],"line":41},"6":{"loc":{"start":{"line":45,"column":30},"end":{"line":45,"column":37}},"type":"default-arg","locations":[{"start":{"line":45,"column":36},"end":{"line":45,"column":37}}],"line":45},"7":{"loc":{"start":{"line":49,"column":38},"end":{"line":49,"column":69}},"type":"cond-expr","locations":[{"start":{"line":49,"column":51},"end":{"line":49,"column":60}},{"start":{"line":49,"column":63},"end":{"line":49,"column":69}}],"line":49},"8":{"loc":{"start":{"line":63,"column":6},"end":{"line":65,"column":25}},"type":"if","locations":[{"start":{"line":63,"column":6},"end":{"line":65,"column":25}},{"start":{"line":64,"column":11},"end":{"line":65,"column":25}}],"line":63},"9":{"loc":{"start":{"line":64,"column":11},"end":{"line":65,"column":25}},"type":"if","locations":[{"start":{"line":64,"column":11},"end":{"line":65,"column":25}},{"start":{"line":65,"column":11},"end":{"line":65,"column":25}}],"line":64},"10":{"loc":{"start":{"line":68,"column":4},"end":{"line":68,"column":53}},"type":"if","locations":[{"start":{"line":68,"column":4},"end":{"line":68,"column":53}},{"start":{},"end":{}}],"line":68},"11":{"loc":{"start":{"line":69,"column":4},"end":{"line":69,"column":35}},"type":"if","locations":[{"start":{"line":69,"column":4},"end":{"line":69,"column":35}},{"start":{},"end":{}}],"line":69},"12":{"loc":{"start":{"line":88,"column":19},"end":{"line":88,"column":68}},"type":"if","locations":[{"start":{"line":88,"column":19},"end":{"line":88,"column":68}},{"start":{},"end":{}}],"line":88},"13":{"loc":{"start":{"line":102,"column":4},"end":{"line":102,"column":53}},"type":"if","locations":[{"start":{"line":102,"column":4},"end":{"line":102,"column":53}},{"start":{},"end":{}}],"line":102},"14":{"loc":{"start":{"line":103,"column":4},"end":{"line":103,"column":35}},"type":"if","locations":[{"start":{"line":103,"column":4},"end":{"line":103,"column":35}},{"start":{},"end":{}}],"line":103},"15":{"loc":{"start":{"line":124,"column":19},"end":{"line":124,"column":68}},"type":"if","locations":[{"start":{"line":124,"column":19},"end":{"line":124,"column":68}},{"start":{},"end":{}}],"line":124},"16":{"loc":{"start":{"line":138,"column":4},"end":{"line":138,"column":53}},"type":"if","locations":[{"start":{"line":138,"column":4},"end":{"line":138,"column":53}},{"start":{},"end":{}}],"line":138},"17":{"loc":{"start":{"line":139,"column":4},"end":{"line":139,"column":35}},"type":"if","locations":[{"start":{"line":139,"column":4},"end":{"line":139,"column":35}},{"start":{},"end":{}}],"line":139},"18":{"loc":{"start":{"line":160,"column":19},"end":{"line":160,"column":68}},"type":"if","locations":[{"start":{"line":160,"column":19},"end":{"line":160,"column":68}},{"start":{},"end":{}}],"line":160},"19":{"loc":{"start":{"line":265,"column":25},"end":{"line":265,"column":77}},"type":"cond-expr","locations":[{"start":{"line":265,"column":44},"end":{"line":265,"column":58}},{"start":{"line":265,"column":61},"end":{"line":265,"column":77}}],"line":265},"20":{"loc":{"start":{"line":268,"column":25},"end":{"line":268,"column":79}},"type":"cond-expr","locations":[{"start":{"line":268,"column":46},"end":{"line":268,"column":60}},{"start":{"line":268,"column":63},"end":{"line":268,"column":79}}],"line":268},"21":{"loc":{"start":{"line":273,"column":9},"end":{"line":294,"column":9}},"type":"cond-expr","locations":[{"start":{"line":274,"column":10},"end":{"line":291,"column":16}},{"start":{"line":293,"column":10},"end":{"line":293,"column":45}}],"line":273}},"s":{"0":0,"1":0,"2":0,"3":0,"4":0,"5":0,"6":0,"7":0,"8":0,"9":0,"10":0,"11":0,"12":0,"13":0,"14":0,"15":0,"16":0,"17":0,"18":0,"19":0,"20":0,"21":0,"22":0,"23":0,"24":0,"25":0,"26":0,"27":0,"28":0,"29":0,"30":0,"31":0,"32":0,"33":0,"34":0,"35":0,"36":0,"37":0,"38":0,"39":0,"40":0,"41":0,"42":0,"43":0,"44":0,"45":0,"46":0,"47":0,"48":0,"49":0,"50":0,"51":0,"52":0,"53":0,"54":0,"55":0,"56":0,"57":0,"58":0,"59":0,"60":0,"61":0,"62":0,"63":0,"64":0,"65":0,"66":0,"67":0,"68":0,"69":0,"70":0,"71":0,"72":0,"73":0,"74":0,"75":0,"76":0,"77":0,"78":0,"79":0,"80":0,"81":0,"82":0,"83":0,"84":0,"85":0,"86":0,"87":0,"88":0,"89":0,"90":0,"91":0,"92":0,"93":0,"94":0,"95":0,"96":0,"97":0,"98":0,"99":0},"f":{"0":0,"1":0,"2":0,"3":0,"4":0,"5":0,"6":0,"7":0,"8":0,"9":0,"10":0,"11":0,"12":0,"13":0,"14":0,"15":0,"16":0,"17":0,"18":0,"19":0,"20":0,"21":0,"22":0,"23":0,"24":0,"25":0,"26":0,"27":0,"28":0,"29":0,"30":0},"b":{"0":[0,0],"1":[0,0],"2":[0,0],"3":[0,0],"4":[0,0],"5":[0,0],"6":[0],"7":[0,0],"8":[0,0],"9":[0,0],"10":[0,0],"11":[0,0],"12":[0,0],"13":[0,0],"14":[0,0],"15":[0,0],"16":[0,0],"17":[0,0],"18":[0,0],"19":[0,0],"20":[0,0],"21":[0,0]}}
,"C:\\Users\\Mocan Luiza\\MPP\\glow\\src\\pages\\StatisticsPage.styles.js": {"path":"C:\\Users\\Mocan Luiza\\MPP\\glow\\src\\pages\\StatisticsPage.styles.js","statementMap":{"0":{"start":{"line":1,"column":29},"end":{"line":1,"column":103}},"1":{"start":{"line":3,"column":17},"end":{"line":41,"column":1}},"2":{"start":{"line":32,"column":24},"end":{"line":36,"column":3}}},"fnMap":{"0":{"name":"(anonymous_0)","decl":{"start":{"line":32,"column":11},"end":{"line":32,"column":12}},"loc":{"start":{"line":32,"column":24},"end":{"line":36,"column":3}},"line":32}},"branchMap":{"0":{"loc":{"start":{"line":34,"column":16},"end":{"line":34,"column":43}},"type":"cond-expr","locations":[{"start":{"line":34,"column":25},"end":{"line":34,"column":34}},{"start":{"line":34,"column":37},"end":{"line":34,"column":43}}],"line":34}},"s":{"0":0,"1":0,"2":0},"f":{"0":0},"b":{"0":[0,0]}}
}
